Trial 19 finished with value: 0.7852250811894037 and parameters: {'objective': 'binary:logistic', 'tree_method': 'gpu_hist', 'lambda': 1.8909395822011024, 'alpha': 0.07251172594146071, 'colsample_bytree': 0.6865912646339216, 'subsample': 0.819383279455495, 'learning_rate': 0.010696091404498084, 'max_depth': 3, 'min_child_weight': 7, 'eval_metric': 'logloss'}. Best is trial 13 with value: 0.7996102754728791.
start listen on 10.110.42.38:9091
@tracker All of 4 nodes getting started
@tracker All nodes finishes job
@tracker 104.56466054916382 secs between node start and job finish
start listen on 10.110.42.38:9091
@tracker All of 4 nodes getting started
@tracker All nodes finishes job
@tracker 109.17081880569458 secs between node start and job finish
start listen on 10.110.42.38:9091
@tracker All of 4 nodes getting started
@tracker All nodes finishes job
@tracker 102.68035101890564 secs between node start and job finish
start listen on 10.110.42.38:9091
@tracker All of 4 nodes getting started
@tracker All nodes finishes job
@tracker 106.76733207702637 secs between node start and job finish
start listen on 10.110.42.38:9091
@tracker All of 4 nodes getting started
@tracker All nodes finishes job
@tracker 106.57439136505127 secs between node start and job finish
Trial 20 finished with value: 0.7965287285579332 and parameters: {'objective': 'binary:logistic', 'tree_method': 'gpu_hist', 'lambda': 1.3871463579089516, 'alpha': 0.0010236714314206864, 'colsample_bytree': 0.49323087252543335, 'subsample': 0.9972896451294861, 'learning_rate': 0.027744823408975553, 'max_depth': 20, 'min_child_weight': 35, 'eval_metric': 'logloss'}. Best is trial 13 with value: 0.7996102754728791.
start listen on 10.110.42.38:9091
@tracker All of 4 nodes getting started
@tracker All nodes finishes job
@tracker 35.09345865249634 secs between node start and job finish
start listen on 10.110.42.38:9091
@tracker All of 4 nodes getting started
@tracker All nodes finishes job
@tracker 29.856274604797363 secs between node start and job finish
start listen on 10.110.42.38:9091
@tracker All of 4 nodes getting started
@tracker All nodes finishes job
@tracker 36.3112096786499 secs between node start and job finish
start listen on 10.110.42.38:9091
@tracker All of 4 nodes getting started
@tracker All nodes finishes job
@tracker 31.902600288391113 secs between node start and job finish
start listen on 10.110.42.38:9091
@tracker All of 4 nodes getting started
@tracker All nodes finishes job
@tracker 31.92125654220581 secs between node start and job finish
Trial 21 finished with value: 0.7962672582410943 and parameters: {'objective': 'binary:logistic', 'tree_method': 'gpu_hist', 'lambda': 0.5057595687966473, 'alpha': 0.003879767206136406, 'colsample_bytree': 0.5370281300450903, 'subsample': 0.9398390250150579, 'learning_rate': 0.05846243911615433, 'max_depth': 7, 'min_child_weight': 52, 'eval_metric': 'logloss'}. Best is trial 13 with value: 0.7996102754728791.
start listen on 10.110.42.38:9091
@tracker All of 4 nodes getting started
@tracker All nodes finishes job
@tracker 34.15764379501343 secs between node start and job finish
start listen on 10.110.42.38:9091
@tracker All of 3 nodes getting started
@tracker All nodes finishes job
@tracker 36.20183968544006 secs between node start and job finish
start listen on 10.110.42.38:9091
@tracker All of 3 nodes getting started
@tracker All nodes finishes job
@tracker 30.857826709747314 secs between node start and job finish
start listen on 10.110.42.38:9091
@tracker All of 4 nodes getting started
@tracker All nodes finishes job
@tracker 30.840006589889526 secs between node start and job finish
start listen on 10.110.42.38:9091
@tracker All of 4 nodes getting started
@tracker All nodes finishes job
@tracker 33.12027931213379 secs between node start and job finish
Trial 22 finished with value: 0.796296925595759 and parameters: {'objective': 'binary:logistic', 'tree_method': 'gpu_hist', 'lambda': 0.3234871053215377, 'alpha': 0.004715951587214709, 'colsample_bytree': 0.633936584443837, 'subsample': 0.9614738971075423, 'learning_rate': 0.061051011615987194, 'max_depth': 7, 'min_child_weight': 73, 'eval_metric': 'logloss'}. Best is trial 13 with value: 0.7996102754728791.
start listen on 10.110.42.38:9091
@tracker All of 4 nodes getting started
@tracker All nodes finishes job
@tracker 36.62026643753052 secs between node start and job finish
start listen on 10.110.42.38:9091
@tracker All of 4 nodes getting started
@tracker All nodes finishes job
@tracker 28.978510856628418 secs between node start and job finish
start listen on 10.110.42.38:9091
@tracker All of 4 nodes getting started
@tracker All nodes finishes job
@tracker 32.77210783958435 secs between node start and job finish
start listen on 10.110.42.38:9091
@tracker All of 4 nodes getting started
@tracker All nodes finishes job
@tracker 34.061445236206055 secs between node start and job finish
start listen on 10.110.42.38:9091
@tracker All of 4 nodes getting started
@tracker All nodes finishes job
@tracker 31.155189752578735 secs between node start and job finish
Trial 23 finished with value: 0.7990586302671155 and parameters: {'objective': 'binary:logistic', 'tree_method': 'gpu_hist', 'lambda': 0.8914809847472609, 'alpha': 0.002774199144185662, 'colsample_bytree': 0.5294807504910105, 'subsample': 0.9997611322732903, 'learning_rate': 0.028637372848852056, 'max_depth': 7, 'min_child_weight': 62, 'eval_metric': 'logloss'}. Best is trial 13 with value: 0.7996102754728791.
start listen on 10.110.42.38:9091
@tracker All of 4 nodes getting started
@tracker All nodes finishes job
@tracker 60.97090768814087 secs between node start and job finish
start listen on 10.110.42.38:9091
@tracker All of 4 nodes getting started
@tracker All nodes finishes job
@tracker 51.91912770271301 secs between node start and job finish
start listen on 10.110.42.38:9091
@tracker All of 4 nodes getting started
@tracker All nodes finishes job
@tracker 56.94580888748169 secs between node start and job finish
start listen on 10.110.42.38:9091
@tracker All of 3 nodes getting started
@tracker All nodes finishes job
@tracker 70.45422554016113 secs between node start and job finish
start listen on 10.110.42.38:9091
@tracker All of 3 nodes getting started
@tracker All nodes finishes job
@tracker 58.10393810272217 secs between node start and job finish
Trial 24 finished with value: 0.7988587593681871 and parameters: {'objective': 'binary:logistic', 'tree_method': 'gpu_hist', 'lambda': 3.2853651187989175, 'alpha': 0.0018866391015047565, 'colsample_bytree': 0.595895843163934, 'subsample': 0.874065392412535, 'learning_rate': 0.02916911533809874, 'max_depth': 15, 'min_child_weight': 97, 'eval_metric': 'logloss'}. Best is trial 13 with value: 0.7996102754728791.
start listen on 10.110.42.38:9091
@tracker All of 4 nodes getting started
@tracker All nodes finishes job
@tracker 46.772369384765625 secs between node start and job finish
start listen on 10.110.42.38:9091
@tracker All of 4 nodes getting started
@tracker All nodes finishes job
@tracker 47.11229920387268 secs between node start and job finish
start listen on 10.110.42.38:9091
@tracker All of 4 nodes getting started
@tracker All nodes finishes job
@tracker 44.71812987327576 secs between node start and job finish
start listen on 10.110.42.38:9091
@tracker All of 4 nodes getting started
@tracker All nodes finishes job
@tracker 45.170814037323 secs between node start and job finish
start listen on 10.110.42.38:9091
@tracker All of 4 nodes getting started
@tracker All nodes finishes job
@tracker 47.53332257270813 secs between node start and job finish
Trial 25 finished with value: 0.7980581279572317 and parameters: {'objective': 'binary:logistic', 'tree_method': 'gpu_hist', 'lambda': 0.10692034709646109, 'alpha': 0.015457365714066366, 'colsample_bytree': 0.7180805939387265, 'subsample': 0.7085772065492352, 'learning_rate': 0.012008820652320737, 'max_depth': 9, 'min_child_weight': 117, 'eval_metric': 'logloss'}. Best is trial 13 with value: 0.7996102754728791.
start listen on 10.110.42.38:9091
@tracker All of 4 nodes getting started
@tracker All nodes finishes job
@tracker 59.401241064071655 secs between node start and job finish
start listen on 10.110.42.38:9091
@tracker All of 4 nodes getting started
@tracker All nodes finishes job
@tracker 61.59168767929077 secs between node start and job finish
start listen on 10.110.42.38:9091
@tracker All of 4 nodes getting started
@tracker All nodes finishes job
@tracker 61.63195729255676 secs between node start and job finish
start listen on 10.110.42.38:9091
@tracker All of 4 nodes getting started
@tracker All nodes finishes job
@tracker 65.40320348739624 secs between node start and job finish
start listen on 10.110.42.38:9091
@tracker All of 4 nodes getting started
@tracker All nodes finishes job
@tracker 64.67661571502686 secs between node start and job finish
Trial 26 finished with value: 0.7987786941608814 and parameters: {'objective': 'binary:logistic', 'tree_method': 'gpu_hist', 'lambda': 1.0056413916709044, 'alpha': 0.0022897941483364216, 'colsample_bytree': 0.48692031992180695, 'subsample': 0.9211850971555917, 'learning_rate': 0.026710338017151468, 'max_depth': 11, 'min_child_weight': 25, 'eval_metric': 'logloss'}. Best is trial 13 with value: 0.7996102754728791.
