Trial 53 finished with value: 0.8001604906476248 and parameters: {'objective': 'binary:logistic', 'tree_method': 'gpu_hist', 'lambda': 0.10629368582069787, 'alpha': 1.9976012969631702, 'colsample_bytree': 0.7717240028717486, 'subsample': 0.8119973448936267, 'learning_rate': 0.017164860731626548, 'max_depth': 15, 'min_child_weight': 113, 'eval_metric': 'logloss'}. Best is trial 53 with value: 0.8001604906476248.
start listen on 10.110.42.38:9091
@tracker All of 4 nodes getting started
@tracker All nodes finishes job
@tracker 62.512550354003906 secs between node start and job finish
start listen on 10.110.42.38:9091
@tracker All of 4 nodes getting started
@tracker All nodes finishes job
@tracker 62.39810633659363 secs between node start and job finish
start listen on 10.110.42.38:9091
@tracker All of 4 nodes getting started
@tracker All nodes finishes job
@tracker 61.429195165634155 secs between node start and job finish
start listen on 10.110.42.38:9091
@tracker All of 4 nodes getting started
@tracker All nodes finishes job
@tracker 60.977139711380005 secs between node start and job finish
start listen on 10.110.42.38:9091
@tracker All of 4 nodes getting started
@tracker All nodes finishes job
@tracker 58.60488247871399 secs between node start and job finish
Trial 54 finished with value: 0.7999438636411453 and parameters: {'objective': 'binary:logistic', 'tree_method': 'gpu_hist', 'lambda': 0.13484570625299697, 'alpha': 5.768508743247385, 'colsample_bytree': 0.7855243349401387, 'subsample': 0.8068206313935066, 'learning_rate': 0.017447453009521944, 'max_depth': 15, 'min_child_weight': 111, 'eval_metric': 'logloss'}. Best is trial 53 with value: 0.8001604906476248.
start listen on 10.110.42.38:9091
@tracker All of 4 nodes getting started
@tracker All nodes finishes job
@tracker 65.0363130569458 secs between node start and job finish
start listen on 10.110.42.38:9091
@tracker All of 4 nodes getting started
@tracker All nodes finishes job
@tracker 67.24482679367065 secs between node start and job finish
start listen on 10.110.42.38:9091
@tracker All of 4 nodes getting started
@tracker All nodes finishes job
@tracker 64.32470488548279 secs between node start and job finish
start listen on 10.110.42.38:9091
@tracker All of 4 nodes getting started
@tracker All nodes finishes job
@tracker 62.163710594177246 secs between node start and job finish
start listen on 10.110.42.38:9091
@tracker All of 4 nodes getting started
@tracker All nodes finishes job
@tracker 65.39993023872375 secs between node start and job finish
Trial 55 finished with value: 0.7960654825816045 and parameters: {'objective': 'binary:logistic', 'tree_method': 'gpu_hist', 'lambda': 0.11408966463260992, 'alpha': 6.162033146776041, 'colsample_bytree': 0.7616119760970962, 'subsample': 0.801426429927447, 'learning_rate': 0.008684297163932294, 'max_depth': 15, 'min_child_weight': 118, 'eval_metric': 'logloss'}. Best is trial 53 with value: 0.8001604906476248.
start listen on 10.110.42.38:9091
@tracker All of 4 nodes getting started
@tracker All nodes finishes job
@tracker 74.09375643730164 secs between node start and job finish
start listen on 10.110.42.38:9091
@tracker All of 4 nodes getting started
@tracker All nodes finishes job
@tracker 81.88424181938171 secs between node start and job finish
start listen on 10.110.42.38:9091
@tracker All of 4 nodes getting started
@tracker All nodes finishes job
@tracker 70.79480624198914 secs between node start and job finish
start listen on 10.110.42.38:9091
@tracker All of 4 nodes getting started
@tracker All nodes finishes job
@tracker 81.3965277671814 secs between node start and job finish
start listen on 10.110.42.38:9091
@tracker All of 4 nodes getting started
@tracker All nodes finishes job
@tracker 71.79231119155884 secs between node start and job finish
Trial 56 finished with value: 0.8000452106682352 and parameters: {'objective': 'binary:logistic', 'tree_method': 'gpu_hist', 'lambda': 0.040278245291572444, 'alpha': 2.444958360615545, 'colsample_bytree': 0.7902911402100018, 'subsample': 0.8558660733303272, 'learning_rate': 0.0172570082729183, 'max_depth': 15, 'min_child_weight': 84, 'eval_metric': 'logloss'}. Best is trial 53 with value: 0.8001604906476248.
start listen on 10.110.42.38:9091
@tracker All of 4 nodes getting started
@tracker All nodes finishes job
@tracker 81.0602560043335 secs between node start and job finish
start listen on 10.110.42.38:9091
@tracker All of 4 nodes getting started
@tracker All nodes finishes job
@tracker 75.99887704849243 secs between node start and job finish
start listen on 10.110.42.38:9091
@tracker All of 4 nodes getting started
@tracker All nodes finishes job
@tracker 75.99020910263062 secs between node start and job finish
start listen on 10.110.42.38:9091
@tracker All of 4 nodes getting started
@tracker All nodes finishes job
@tracker 79.31074380874634 secs between node start and job finish
start listen on 10.110.42.38:9091
@tracker All of 4 nodes getting started
@tracker All nodes finishes job
@tracker 71.43627595901489 secs between node start and job finish
Trial 57 finished with value: 0.7992233598512852 and parameters: {'objective': 'binary:logistic', 'tree_method': 'gpu_hist', 'lambda': 0.12018492509574173, 'alpha': 2.1553636459963106, 'colsample_bytree': 0.7130592795031947, 'subsample': 0.8575919863267021, 'learning_rate': 0.011852798975954487, 'max_depth': 15, 'min_child_weight': 91, 'eval_metric': 'logloss'}. Best is trial 53 with value: 0.8001604906476248.
start listen on 10.110.42.38:9091
@tracker All of 4 nodes getting started
@tracker All nodes finishes job
@tracker 71.52834105491638 secs between node start and job finish
start listen on 10.110.42.38:9091
@tracker All of 4 nodes getting started
@tracker All nodes finishes job
@tracker 75.92990517616272 secs between node start and job finish
start listen on 10.110.42.38:9091
@tracker All of 4 nodes getting started
@tracker All nodes finishes job
@tracker 72.61107873916626 secs between node start and job finish
start listen on 10.110.42.38:9091
@tracker All of 4 nodes getting started
@tracker All nodes finishes job
@tracker 74.05745148658752 secs between node start and job finish
start listen on 10.110.42.38:9091
@tracker All of 4 nodes getting started
@tracker All nodes finishes job
@tracker 70.97865319252014 secs between node start and job finish
Trial 58 finished with value: 0.8004642398233052 and parameters: {'objective': 'binary:logistic', 'tree_method': 'gpu_hist', 'lambda': 0.03703626546495652, 'alpha': 1.5878660169104915, 'colsample_bytree': 0.7944102190977972, 'subsample': 0.8123267228986597, 'learning_rate': 0.01818358214103753, 'max_depth': 15, 'min_child_weight': 81, 'eval_metric': 'logloss'}. Best is trial 58 with value: 0.8004642398233052.
start listen on 10.110.42.38:9091
@tracker All of 3 nodes getting started
@tracker All nodes finishes job
@tracker 77.68087124824524 secs between node start and job finish
start listen on 10.110.42.38:9091
@tracker All of 4 nodes getting started
@tracker All nodes finishes job
@tracker 72.64039540290833 secs between node start and job finish
start listen on 10.110.42.38:9091
@tracker All of 4 nodes getting started
@tracker All nodes finishes job
@tracker 72.12375354766846 secs between node start and job finish
start listen on 10.110.42.38:9091
@tracker All of 4 nodes getting started
@tracker All nodes finishes job
@tracker 74.78675651550293 secs between node start and job finish
start listen on 10.110.42.38:9091
@tracker All of 4 nodes getting started
@tracker All nodes finishes job
@tracker 74.60579490661621 secs between node start and job finish
Trial 59 finished with value: 0.8003229841651586 and parameters: {'objective': 'binary:logistic', 'tree_method': 'gpu_hist', 'lambda': 0.0835216362212078, 'alpha': 1.6753681764718258, 'colsample_bytree': 0.7939760988993648, 'subsample': 0.8128382412183036, 'learning_rate': 0.018068443157178066, 'max_depth': 15, 'min_child_weight': 80, 'eval_metric': 'logloss'}. Best is trial 58 with value: 0.8004642398233052.
start listen on 10.110.42.38:9091
@tracker All of 4 nodes getting started
@tracker All nodes finishes job
@tracker 58.91833686828613 secs between node start and job finish
start listen on 10.110.42.38:9091
@tracker All of 4 nodes getting started
@tracker All nodes finishes job
@tracker 63.79926514625549 secs between node start and job finish
start listen on 10.110.42.38:9091
@tracker All of 4 nodes getting started
@tracker All nodes finishes job
@tracker 62.91092038154602 secs between node start and job finish
start listen on 10.110.42.38:9091
@tracker All of 4 nodes getting started
@tracker All nodes finishes job
@tracker 68.94209408760071 secs between node start and job finish
start listen on 10.110.42.38:9091
@tracker All of 4 nodes getting started
@tracker All nodes finishes job
@tracker 59.88432240486145 secs between node start and job finish
Trial 60 finished with value: 0.7989279228244087 and parameters: {'objective': 'binary:logistic', 'tree_method': 'gpu_hist', 'lambda': 0.07550329144836564, 'alpha': 1.6464227389953512, 'colsample_bytree': 0.7457384597522771, 'subsample': 0.829260931552404, 'learning_rate': 0.012317630849634376, 'max_depth': 15, 'min_child_weight': 148, 'eval_metric': 'logloss'}. Best is trial 58 with value: 0.8004642398233052.
start listen on 10.110.42.38:9091
@tracker All of 4 nodes getting started
@tracker All nodes finishes job
@tracker 72.34298729896545 secs between node start and job finish
start listen on 10.110.42.38:9091
@tracker All of 4 nodes getting started
@tracker All nodes finishes job
@tracker 74.9368360042572 secs between node start and job finish
start listen on 10.110.42.38:9091
@tracker All of 4 nodes getting started
@tracker All nodes finishes job
@tracker 68.10521173477173 secs between node start and job finish
start listen on 10.110.42.38:9091
@tracker All of 4 nodes getting started
@tracker All nodes finishes job
@tracker 71.36310315132141 secs between node start and job finish
start listen on 10.110.42.38:9091
@tracker All of 4 nodes getting started
@tracker All nodes finishes job
@tracker 70.07457399368286 secs between node start and job finish
Trial 61 finished with value: 0.8000385677320608 and parameters: {'objective': 'binary:logistic', 'tree_method': 'gpu_hist', 'lambda': 0.04536807723917582, 'alpha': 5.722184646408098, 'colsample_bytree': 0.8070171596748952, 'subsample': 0.8093675220916123, 'learning_rate': 0.01935751845784237, 'max_depth': 15, 'min_child_weight': 85, 'eval_metric': 'logloss'}. Best is trial 58 with value: 0.8004642398233052.
start listen on 10.110.42.38:9091
@tracker All of 4 nodes getting started
@tracker All nodes finishes job
@tracker 69.05043148994446 secs between node start and job finish
start listen on 10.110.42.38:9091
@tracker All of 4 nodes getting started
@tracker All nodes finishes job
@tracker 66.23467183113098 secs between node start and job finish
start listen on 10.110.42.38:9091
@tracker All of 3 nodes getting started
@tracker All nodes finishes job
@tracker 68.21984457969666 secs between node start and job finish
start listen on 10.110.42.38:9091
@tracker All of 4 nodes getting started
@tracker All nodes finishes job
@tracker 61.417181968688965 secs between node start and job finish
start listen on 10.110.42.38:9091
@tracker All of 4 nodes getting started
@tracker All nodes finishes job
@tracker 66.35732126235962 secs between node start and job finish
Trial 62 finished with value: 0.8001708547566351 and parameters: {'objective': 'binary:logistic', 'tree_method': 'gpu_hist', 'lambda': 0.04566076965083409, 'alpha': 7.046693056160673, 'colsample_bytree': 0.8066397620708767, 'subsample': 0.7702689400811585, 'learning_rate': 0.019063043568063764, 'max_depth': 15, 'min_child_weight': 110, 'eval_metric': 'logloss'}. Best is trial 58 with value: 0.8004642398233052.
start listen on 10.110.42.38:9091
@tracker All of 4 nodes getting started
@tracker All nodes finishes job
@tracker 70.48482465744019 secs between node start and job finish
start listen on 10.110.42.38:9091
@tracker All of 4 nodes getting started
@tracker All nodes finishes job
@tracker 74.11593723297119 secs between node start and job finish
start listen on 10.110.42.38:9091
@tracker All of 4 nodes getting started
@tracker All nodes finishes job
@tracker 69.20242762565613 secs between node start and job finish
start listen on 10.110.42.38:9091
@tracker All of 4 nodes getting started
@tracker All nodes finishes job
@tracker 65.46047139167786 secs between node start and job finish
start listen on 10.110.42.38:9091
@tracker All of 4 nodes getting started
@tracker All nodes finishes job
@tracker 74.47792911529541 secs between node start and job finish
Trial 63 finished with value: 0.7999412274422688 and parameters: {'objective': 'binary:logistic', 'tree_method': 'gpu_hist', 'lambda': 0.047373321859647426, 'alpha': 6.814365598189766, 'colsample_bytree': 0.8069398573772124, 'subsample': 0.7836185580789756, 'learning_rate': 0.018650311719928897, 'max_depth': 15, 'min_child_weight': 84, 'eval_metric': 'logloss'}. Best is trial 58 with value: 0.8004642398233052.
start listen on 10.110.42.38:9091
@tracker All of 4 nodes getting started
@tracker All nodes finishes job
@tracker 51.30584716796875 secs between node start and job finish
start listen on 10.110.42.38:9091
@tracker All of 4 nodes getting started
@tracker All nodes finishes job
@tracker 55.17596673965454 secs between node start and job finish
start listen on 10.110.42.38:9091
@tracker All of 4 nodes getting started
@tracker All nodes finishes job
@tracker 52.51417827606201 secs between node start and job finish
start listen on 10.110.42.38:9091
@tracker All of 4 nodes getting started
@tracker All nodes finishes job
@tracker 52.290610790252686 secs between node start and job finish
start listen on 10.110.42.38:9091
@tracker All of 4 nodes getting started
@tracker All nodes finishes job
@tracker 62.23046898841858 secs between node start and job finish
Trial 64 finished with value: 0.7987104609266201 and parameters: {'objective': 'binary:logistic', 'tree_method': 'gpu_hist', 'lambda': 0.2681164026198342, 'alpha': 3.8917222780620078, 'colsample_bytree': 0.7033329052384976, 'subsample': 0.7662445322592821, 'learning_rate': 0.03193796039333654, 'max_depth': 15, 'min_child_weight': 131, 'eval_metric': 'logloss'}. Best is trial 58 with value: 0.8004642398233052.
start listen on 10.110.42.38:9091
@tracker All of 4 nodes getting started
@tracker All nodes finishes job
@tracker 71.06800246238708 secs between node start and job finish
start listen on 10.110.42.38:9091
@tracker All of 4 nodes getting started
@tracker All nodes finishes job
@tracker 70.88791751861572 secs between node start and job finish
start listen on 10.110.42.38:9091
@tracker All of 4 nodes getting started
@tracker All nodes finishes job
@tracker 72.55588459968567 secs between node start and job finish
start listen on 10.110.42.38:9091
@tracker All of 4 nodes getting started
@tracker All nodes finishes job
@tracker 79.10738277435303 secs between node start and job finish
start listen on 10.110.42.38:9091
@tracker All of 4 nodes getting started
@tracker All nodes finishes job
@tracker 70.28782558441162 secs between node start and job finish
Trial 65 finished with value: 0.799828064330577 and parameters: {'objective': 'binary:logistic', 'tree_method': 'gpu_hist', 'lambda': 0.09089687904458132, 'alpha': 1.4236775510103117, 'colsample_bytree': 0.7342504481085321, 'subsample': 0.8709582470098722, 'learning_rate': 0.014053625153013064, 'max_depth': 15, 'min_child_weight': 97, 'eval_metric': 'logloss'}. Best is trial 58 with value: 0.8004642398233052.
start listen on 10.110.42.38:9091
@tracker All of 4 nodes getting started
@tracker All nodes finishes job
@tracker 48.51398849487305 secs between node start and job finish
start listen on 10.110.42.38:9091
@tracker All of 4 nodes getting started
@tracker All nodes finishes job
@tracker 44.31244373321533 secs between node start and job finish
start listen on 10.110.42.38:9091
@tracker All of 4 nodes getting started
@tracker All nodes finishes job
@tracker 42.9787015914917 secs between node start and job finish
start listen on 10.110.42.38:9091
@tracker All of 4 nodes getting started
@tracker All nodes finishes job
@tracker 48.68817710876465 secs between node start and job finish
start listen on 10.110.42.38:9091
@tracker All of 4 nodes getting started
@tracker All nodes finishes job
@tracker 47.20682883262634 secs between node start and job finish
Trial 66 finished with value: 0.8000032309823419 and parameters: {'objective': 'binary:logistic', 'tree_method': 'gpu_hist', 'lambda': 0.046618704714727725, 'alpha': 3.982786790773446, 'colsample_bytree': 0.6582938694540976, 'subsample': 0.8999716703043085, 'learning_rate': 0.02653459687948, 'max_depth': 9, 'min_child_weight': 79, 'eval_metric': 'logloss'}. Best is trial 58 with value: 0.8004642398233052.
start listen on 10.110.42.38:9091
@tracker All of 4 nodes getting started
@tracker All nodes finishes job
@tracker 91.20035719871521 secs between node start and job finish
start listen on 10.110.42.38:9091
@tracker All of 4 nodes getting started
@tracker All nodes finishes job
@tracker 79.1246919631958 secs between node start and job finish
start listen on 10.110.42.38:9091
@tracker All of 4 nodes getting started
@tracker All nodes finishes job
@tracker 82.81798577308655 secs between node start and job finish
start listen on 10.110.42.38:9091
@tracker All of 4 nodes getting started
@tracker All nodes finishes job
@tracker 85.96339964866638 secs between node start and job finish
start listen on 10.110.42.38:9091
@tracker All of 3 nodes getting started
@tracker All nodes finishes job
@tracker 87.04755520820618 secs between node start and job finish
Trial 67 finished with value: 0.7965892982908119 and parameters: {'objective': 'binary:logistic', 'tree_method': 'gpu_hist', 'lambda': 0.025885933118974268, 'alpha': 0.7118280399767686, 'colsample_bytree': 0.8279574521201659, 'subsample': 0.8551698835035846, 'learning_rate': 0.008252861262325686, 'max_depth': 17, 'min_child_weight': 121, 'eval_metric': 'logloss'}. Best is trial 58 with value: 0.8004642398233052.
start listen on 10.110.42.38:9091
@tracker All of 3 nodes getting started
@tracker All nodes finishes job
@tracker 74.33958053588867 secs between node start and job finish
start listen on 10.110.42.38:9091
@tracker All of 4 nodes getting started
@tracker All nodes finishes job
@tracker 65.21345257759094 secs between node start and job finish
start listen on 10.110.42.38:9091
@tracker All of 3 nodes getting started
@tracker All nodes finishes job
@tracker 71.59404563903809 secs between node start and job finish
start listen on 10.110.42.38:9091
@tracker All of 4 nodes getting started
@tracker All nodes finishes job
@tracker 66.96506667137146 secs between node start and job finish
start listen on 10.110.42.38:9091
@tracker All of 4 nodes getting started
@tracker All nodes finishes job
@tracker 66.55065703392029 secs between node start and job finish
Trial 68 finished with value: 0.7981481604187436 and parameters: {'objective': 'binary:logistic', 'tree_method': 'gpu_hist', 'lambda': 0.06417258486693503, 'alpha': 0.43869181773541105, 'colsample_bytree': 0.8506991002583324, 'subsample': 0.8354015530399581, 'learning_rate': 0.011018548583533412, 'max_depth': 15, 'min_child_weight': 167, 'eval_metric': 'logloss'}. Best is trial 58 with value: 0.8004642398233052.
start listen on 10.110.42.38:9091
@tracker All of 4 nodes getting started
@tracker All nodes finishes job
@tracker 63.986146688461304 secs between node start and job finish
start listen on 10.110.42.38:9091
@tracker All of 4 nodes getting started
@tracker All nodes finishes job
@tracker 59.43785834312439 secs between node start and job finish
start listen on 10.110.42.38:9091
@tracker All of 4 nodes getting started
@tracker All nodes finishes job
@tracker 63.766072511672974 secs between node start and job finish
start listen on 10.110.42.38:9091
@tracker All of 4 nodes getting started
@tracker All nodes finishes job
@tracker 61.538917779922485 secs between node start and job finish
start listen on 10.110.42.38:9091
@tracker All of 4 nodes getting started
@tracker All nodes finishes job
@tracker 56.837536334991455 secs between node start and job finish
Trial 69 finished with value: 0.7992861193391985 and parameters: {'objective': 'binary:logistic', 'tree_method': 'gpu_hist', 'lambda': 0.16460030454503702, 'alpha': 2.617773413732506, 'colsample_bytree': 0.7998022726289709, 'subsample': 0.7606885422259897, 'learning_rate': 0.025686726797628276, 'max_depth': 15, 'min_child_weight': 107, 'eval_metric': 'logloss'}. Best is trial 58 with value: 0.8004642398233052.
start listen on 10.110.42.38:9091
@tracker All of 4 nodes getting started
@tracker All nodes finishes job
@tracker 29.440706253051758 secs between node start and job finish
start listen on 10.110.42.38:9091
@tracker All of 4 nodes getting started
@tracker All nodes finishes job
@tracker 22.712605476379395 secs between node start and job finish
start listen on 10.110.42.38:9091
@tracker All of 4 nodes getting started
@tracker All nodes finishes job
@tracker 25.495752573013306 secs between node start and job finish
start listen on 10.110.42.38:9091
@tracker All of 4 nodes getting started
@tracker All nodes finishes job
@tracker 26.824878931045532 secs between node start and job finish
start listen on 10.110.42.38:9091
@tracker All of 4 nodes getting started
@tracker All nodes finishes job
@tracker 24.21026062965393 secs between node start and job finish
