Trial 138 finished with value: 0.7999525762784322 and parameters: {'objective': 'binary:logistic', 'tree_method': 'gpu_hist', 'lambda': 0.057940682550169764, 'alpha': 0.3300908948657532, 'colsample_bytree': 0.9130982037836969, 'subsample': 0.7382477553402693, 'learning_rate': 0.02045191652909662, 'max_depth': 13, 'min_child_weight': 151, 'eval_metric': 'logloss'}. Best is trial 58 with value: 0.8004642398233052.
start listen on 10.110.42.38:9091
@tracker All of 4 nodes getting started
@tracker All nodes finishes job
@tracker 50.914328813552856 secs between node start and job finish
start listen on 10.110.42.38:9091
@tracker All of 4 nodes getting started
@tracker All nodes finishes job
@tracker 50.749146938323975 secs between node start and job finish
start listen on 10.110.42.38:9091
@tracker All of 4 nodes getting started
@tracker All nodes finishes job
@tracker 48.38420391082764 secs between node start and job finish
start listen on 10.110.42.38:9091
@tracker All of 4 nodes getting started
@tracker All nodes finishes job
@tracker 51.944833278656006 secs between node start and job finish
start listen on 10.110.42.38:9091
@tracker All of 4 nodes getting started
@tracker All nodes finishes job
@tracker 53.709365129470825 secs between node start and job finish
Trial 139 finished with value: 0.8001217400916096 and parameters: {'objective': 'binary:logistic', 'tree_method': 'gpu_hist', 'lambda': 0.07000325397389115, 'alpha': 0.501006866279672, 'colsample_bytree': 0.7636416800311638, 'subsample': 0.7837120254452248, 'learning_rate': 0.024336264173421798, 'max_depth': 11, 'min_child_weight': 136, 'eval_metric': 'logloss'}. Best is trial 58 with value: 0.8004642398233052.
start listen on 10.110.42.38:9091
@tracker All of 4 nodes getting started
@tracker All nodes finishes job
@tracker 28.16327714920044 secs between node start and job finish
start listen on 10.110.42.38:9091
@tracker All of 4 nodes getting started
@tracker All nodes finishes job
@tracker 27.93323802947998 secs between node start and job finish
start listen on 10.110.42.38:9091
@tracker All of 4 nodes getting started
@tracker All nodes finishes job
@tracker 31.152440547943115 secs between node start and job finish
start listen on 10.110.42.38:9091
@tracker All of 4 nodes getting started
@tracker All nodes finishes job
@tracker 22.626500606536865 secs between node start and job finish
start listen on 10.110.42.38:9091
@tracker All of 4 nodes getting started
@tracker All nodes finishes job
@tracker 28.52004075050354 secs between node start and job finish
Trial 140 finished with value: 0.7987281830229377 and parameters: {'objective': 'binary:logistic', 'tree_method': 'gpu_hist', 'lambda': 0.08647759940633833, 'alpha': 0.4017098279093162, 'colsample_bytree': 0.8729385225597082, 'subsample': 0.950226161918131, 'learning_rate': 0.029639051642743924, 'max_depth': 5, 'min_child_weight': 157, 'eval_metric': 'logloss'}. Best is trial 58 with value: 0.8004642398233052.
start listen on 10.110.42.38:9091
@tracker All of 4 nodes getting started
@tracker All nodes finishes job
@tracker 68.34080457687378 secs between node start and job finish
start listen on 10.110.42.38:9091
@tracker All of 3 nodes getting started
@tracker All nodes finishes job
@tracker 54.585127115249634 secs between node start and job finish
start listen on 10.110.42.38:9091
@tracker All of 4 nodes getting started
@tracker All nodes finishes job
@tracker 55.828006982803345 secs between node start and job finish
start listen on 10.110.42.38:9091
@tracker All of 4 nodes getting started
@tracker All nodes finishes job
@tracker 53.66928553581238 secs between node start and job finish
start listen on 10.110.42.38:9091
@tracker All of 4 nodes getting started
@tracker All nodes finishes job
@tracker 55.02031111717224 secs between node start and job finish
Trial 141 finished with value: 0.8001586255725441 and parameters: {'objective': 'binary:logistic', 'tree_method': 'gpu_hist', 'lambda': 0.1483652774272551, 'alpha': 1.004754269049538, 'colsample_bytree': 0.8027675420190439, 'subsample': 0.885661238340189, 'learning_rate': 0.02180654988536436, 'max_depth': 15, 'min_child_weight': 178, 'eval_metric': 'logloss'}. Best is trial 58 with value: 0.8004642398233052.
start listen on 10.110.42.38:9091
@tracker All of 3 nodes getting started
@tracker All nodes finishes job
@tracker 61.30795431137085 secs between node start and job finish
start listen on 10.110.42.38:9091
@tracker All of 4 nodes getting started
@tracker All nodes finishes job
@tracker 51.72395944595337 secs between node start and job finish
start listen on 10.110.42.38:9091
@tracker All of 4 nodes getting started
@tracker All nodes finishes job
@tracker 57.3708221912384 secs between node start and job finish
start listen on 10.110.42.38:9091
@tracker All of 4 nodes getting started
@tracker All nodes finishes job
@tracker 60.629743337631226 secs between node start and job finish
start listen on 10.110.42.38:9091
@tracker All of 4 nodes getting started
@tracker All nodes finishes job
@tracker 53.0182466506958 secs between node start and job finish
Trial 142 finished with value: 0.7999203006543494 and parameters: {'objective': 'binary:logistic', 'tree_method': 'gpu_hist', 'lambda': 0.16976748576364514, 'alpha': 1.390803796673108, 'colsample_bytree': 0.8020503086334174, 'subsample': 0.889311138553407, 'learning_rate': 0.019215529022579246, 'max_depth': 15, 'min_child_weight': 205, 'eval_metric': 'logloss'}. Best is trial 58 with value: 0.8004642398233052.
start listen on 10.110.42.38:9091
@tracker All of 4 nodes getting started
@tracker All nodes finishes job
@tracker 56.12131142616272 secs between node start and job finish
start listen on 10.110.42.38:9091
@tracker All of 4 nodes getting started
@tracker All nodes finishes job
@tracker 54.48280906677246 secs between node start and job finish
start listen on 10.110.42.38:9091
@tracker All of 4 nodes getting started
@tracker All nodes finishes job
@tracker 58.47152543067932 secs between node start and job finish
start listen on 10.110.42.38:9091
@tracker All of 4 nodes getting started
@tracker All nodes finishes job
@tracker 55.44392132759094 secs between node start and job finish
start listen on 10.110.42.38:9091
@tracker All of 4 nodes getting started
@tracker All nodes finishes job
@tracker 55.872838258743286 secs between node start and job finish
Trial 143 finished with value: 0.8000300096330268 and parameters: {'objective': 'binary:logistic', 'tree_method': 'gpu_hist', 'lambda': 0.10503756382389245, 'alpha': 0.6374646302509486, 'colsample_bytree': 0.8213284542235103, 'subsample': 0.8567552292852114, 'learning_rate': 0.0176167549302688, 'max_depth': 15, 'min_child_weight': 190, 'eval_metric': 'logloss'}. Best is trial 58 with value: 0.8004642398233052.
start listen on 10.110.42.38:9091
@tracker All of 4 nodes getting started
@tracker All nodes finishes job
@tracker 71.1379759311676 secs between node start and job finish
start listen on 10.110.42.38:9091
@tracker All of 4 nodes getting started
@tracker All nodes finishes job
@tracker 74.6416118144989 secs between node start and job finish
start listen on 10.110.42.38:9091
@tracker All of 4 nodes getting started
@tracker All nodes finishes job
@tracker 72.37414288520813 secs between node start and job finish
start listen on 10.110.42.38:9091
@tracker All of 4 nodes getting started
@tracker All nodes finishes job
@tracker 70.29965734481812 secs between node start and job finish
start listen on 10.110.42.38:9091
@tracker All of 4 nodes getting started
@tracker All nodes finishes job
@tracker 78.91777682304382 secs between node start and job finish
Trial 144 finished with value: 0.7911220990492733 and parameters: {'objective': 'binary:logistic', 'tree_method': 'gpu_hist', 'lambda': 0.07555416220345196, 'alpha': 1.0083863389391796, 'colsample_bytree': 0.8404606033905356, 'subsample': 0.9047875245480795, 'learning_rate': 0.005984196538004193, 'max_depth': 15, 'min_child_weight': 170, 'eval_metric': 'logloss'}. Best is trial 58 with value: 0.8004642398233052.
start listen on 10.110.42.38:9091
@tracker All of 4 nodes getting started
@tracker All nodes finishes job
@tracker 56.25603723526001 secs between node start and job finish
start listen on 10.110.42.38:9091
@tracker All of 4 nodes getting started
@tracker All nodes finishes job
@tracker 61.79663395881653 secs between node start and job finish
start listen on 10.110.42.38:9091
@tracker All of 4 nodes getting started
@tracker All nodes finishes job
@tracker 56.67825269699097 secs between node start and job finish
start listen on 10.110.42.38:9091
@tracker All of 4 nodes getting started
@tracker All nodes finishes job
@tracker 58.39201259613037 secs between node start and job finish
start listen on 10.110.42.38:9091
@tracker All of 4 nodes getting started
@tracker All nodes finishes job
@tracker 55.31782364845276 secs between node start and job finish
Trial 145 finished with value: 0.8000573518602825 and parameters: {'objective': 'binary:logistic', 'tree_method': 'gpu_hist', 'lambda': 0.027309611307861508, 'alpha': 1.6416391806632193, 'colsample_bytree': 0.8581562252456496, 'subsample': 0.8489494834938407, 'learning_rate': 0.021492584475725482, 'max_depth': 15, 'min_child_weight': 181, 'eval_metric': 'logloss'}. Best is trial 58 with value: 0.8004642398233052.
start listen on 10.110.42.38:9091
@tracker All of 4 nodes getting started
@tracker All nodes finishes job
@tracker 77.1577775478363 secs between node start and job finish
start listen on 10.110.42.38:9091
@tracker All of 4 nodes getting started
@tracker All nodes finishes job
@tracker 73.39279985427856 secs between node start and job finish
start listen on 10.110.42.38:9091
@tracker All of 4 nodes getting started
@tracker All nodes finishes job
@tracker 72.41678881645203 secs between node start and job finish
start listen on 10.110.42.38:9091
@tracker All of 4 nodes getting started
@tracker All nodes finishes job
@tracker 73.0157220363617 secs between node start and job finish
start listen on 10.110.42.38:9091
@tracker All of 4 nodes getting started
@tracker All nodes finishes job
@tracker 71.28831768035889 secs between node start and job finish
Trial 146 finished with value: 0.7982140524234081 and parameters: {'objective': 'binary:logistic', 'tree_method': 'gpu_hist', 'lambda': 0.08771077254344259, 'alpha': 0.7719685233789825, 'colsample_bytree': 0.7482102319597617, 'subsample': 0.910282069468961, 'learning_rate': 0.02655175812037506, 'max_depth': 15, 'min_child_weight': 67, 'eval_metric': 'logloss'}. Best is trial 58 with value: 0.8004642398233052.
start listen on 10.110.42.38:9091
@tracker All of 4 nodes getting started
@tracker All nodes finishes job
@tracker 64.13508820533752 secs between node start and job finish
start listen on 10.110.42.38:9091
@tracker All of 4 nodes getting started
@tracker All nodes finishes job
@tracker 55.456825733184814 secs between node start and job finish
start listen on 10.110.42.38:9091
@tracker All of 4 nodes getting started
@tracker All nodes finishes job
@tracker 56.145962953567505 secs between node start and job finish
start listen on 10.110.42.38:9091
@tracker All of 4 nodes getting started
@tracker All nodes finishes job
@tracker 54.77688384056091 secs between node start and job finish
start listen on 10.110.42.38:9091
@tracker All of 4 nodes getting started
@tracker All nodes finishes job
@tracker 69.274099111557 secs between node start and job finish
Trial 147 finished with value: 0.7983354103374293 and parameters: {'objective': 'binary:logistic', 'tree_method': 'gpu_hist', 'lambda': 0.05723372805290692, 'alpha': 0.8939600953114205, 'colsample_bytree': 0.7777676411794668, 'subsample': 0.7239781422548235, 'learning_rate': 0.03331056363850188, 'max_depth': 17, 'min_child_weight': 144, 'eval_metric': 'logloss'}. Best is trial 58 with value: 0.8004642398233052.
start listen on 10.110.42.38:9091
@tracker All of 4 nodes getting started
@tracker All nodes finishes job
@tracker 63.48642873764038 secs between node start and job finish
start listen on 10.110.42.38:9091
@tracker All of 4 nodes getting started
@tracker All nodes finishes job
@tracker 51.769451379776 secs between node start and job finish
start listen on 10.110.42.38:9091
@tracker All of 4 nodes getting started
@tracker All nodes finishes job
@tracker 56.86887335777283 secs between node start and job finish
start listen on 10.110.42.38:9091
@tracker All of 4 nodes getting started
@tracker All nodes finishes job
@tracker 54.00044894218445 secs between node start and job finish
start listen on 10.110.42.38:9091
@tracker All of 4 nodes getting started
@tracker All nodes finishes job
@tracker 52.60461688041687 secs between node start and job finish
Trial 148 finished with value: 0.8000690699780345 and parameters: {'objective': 'binary:logistic', 'tree_method': 'gpu_hist', 'lambda': 0.11710707648207332, 'alpha': 1.1696877247317827, 'colsample_bytree': 0.8084245977908272, 'subsample': 0.7082762187648822, 'learning_rate': 0.019988817810573944, 'max_depth': 13, 'min_child_weight': 132, 'eval_metric': 'logloss'}. Best is trial 58 with value: 0.8004642398233052.
start listen on 10.110.42.38:9091
@tracker All of 4 nodes getting started
@tracker All nodes finishes job
@tracker 56.84278178215027 secs between node start and job finish
start listen on 10.110.42.38:9091
@tracker All of 4 nodes getting started
@tracker All nodes finishes job
@tracker 56.893842935562134 secs between node start and job finish
start listen on 10.110.42.38:9091
@tracker All of 4 nodes getting started
@tracker All nodes finishes job
@tracker 57.86632776260376 secs between node start and job finish
start listen on 10.110.42.38:9091
@tracker All of 4 nodes getting started
@tracker All nodes finishes job
@tracker 65.16162657737732 secs between node start and job finish
start listen on 10.110.42.38:9091
@tracker All of 4 nodes getting started
@tracker All nodes finishes job
@tracker 55.01647233963013 secs between node start and job finish
Trial 149 finished with value: 0.7976944427338839 and parameters: {'objective': 'binary:logistic', 'tree_method': 'gpu_hist', 'lambda': 0.15163161056435856, 'alpha': 1.864360085986253, 'colsample_bytree': 0.830631479284754, 'subsample': 0.8384348311415278, 'learning_rate': 0.03917717981392047, 'max_depth': 15, 'min_child_weight': 139, 'eval_metric': 'logloss'}. Best is trial 58 with value: 0.8004642398233052.
start listen on 10.110.42.38:9091
@tracker All of 4 nodes getting started
@tracker All nodes finishes job
@tracker 51.58236241340637 secs between node start and job finish
start listen on 10.110.42.38:9091
@tracker All of 4 nodes getting started
@tracker All nodes finishes job
@tracker 41.53072714805603 secs between node start and job finish
start listen on 10.110.42.38:9091
@tracker All of 4 nodes getting started
@tracker All nodes finishes job
@tracker 43.832353591918945 secs between node start and job finish
start listen on 10.110.42.38:9091
@tracker All of 4 nodes getting started
@tracker All nodes finishes job
@tracker 44.725759983062744 secs between node start and job finish
start listen on 10.110.42.38:9091
@tracker All of 4 nodes getting started
@tracker All nodes finishes job
@tracker 43.40746331214905 secs between node start and job finish
Trial 150 finished with value: 0.8001933877021565 and parameters: {'objective': 'binary:logistic', 'tree_method': 'gpu_hist', 'lambda': 0.06776893452731926, 'alpha': 3.386054109083063, 'colsample_bytree': 0.801402320691062, 'subsample': 0.8696349428093407, 'learning_rate': 0.024087691063684608, 'max_depth': 9, 'min_child_weight': 149, 'eval_metric': 'logloss'}. Best is trial 58 with value: 0.8004642398233052.
start listen on 10.110.42.38:9091
@tracker All of 4 nodes getting started
@tracker All nodes finishes job
@tracker 43.93083119392395 secs between node start and job finish
start listen on 10.110.42.38:9091
@tracker All of 4 nodes getting started
@tracker All nodes finishes job
@tracker 47.912067890167236 secs between node start and job finish
start listen on 10.110.42.38:9091
@tracker All of 4 nodes getting started
@tracker All nodes finishes job
@tracker 44.350107192993164 secs between node start and job finish
start listen on 10.110.42.38:9091
@tracker All of 4 nodes getting started
@tracker All nodes finishes job
@tracker 48.458778619766235 secs between node start and job finish
start listen on 10.110.42.38:9091
@tracker All of 3 nodes getting started
@tracker All nodes finishes job
@tracker 47.38469696044922 secs between node start and job finish
Trial 151 finished with value: 0.8000245895368883 and parameters: {'objective': 'binary:logistic', 'tree_method': 'gpu_hist', 'lambda': 0.0675615885660221, 'alpha': 3.1711544048635325, 'colsample_bytree': 0.78992470056582, 'subsample': 0.8629427579062348, 'learning_rate': 0.02380395924563912, 'max_depth': 9, 'min_child_weight': 162, 'eval_metric': 'logloss'}. Best is trial 58 with value: 0.8004642398233052.
start listen on 10.110.42.38:9091
@tracker All of 4 nodes getting started
@tracker All nodes finishes job
@tracker 57.434906005859375 secs between node start and job finish
start listen on 10.110.42.38:9091
@tracker All of 4 nodes getting started
@tracker All nodes finishes job
@tracker 61.78847050666809 secs between node start and job finish
start listen on 10.110.42.38:9091
@tracker All of 4 nodes getting started
@tracker All nodes finishes job
@tracker 56.73158502578735 secs between node start and job finish
start listen on 10.110.42.38:9091
@tracker All of 4 nodes getting started
@tracker All nodes finishes job
@tracker 64.91149711608887 secs between node start and job finish
start listen on 10.110.42.38:9091
@tracker All of 4 nodes getting started
@tracker All nodes finishes job
@tracker 53.4166305065155 secs between node start and job finish
Trial 152 finished with value: 0.7999661777821601 and parameters: {'objective': 'binary:logistic', 'tree_method': 'gpu_hist', 'lambda': 0.035347811775319274, 'alpha': 8.023969936316055, 'colsample_bytree': 0.8010942634725055, 'subsample': 0.8701184546887768, 'learning_rate': 0.02194917074587526, 'max_depth': 15, 'min_child_weight': 150, 'eval_metric': 'logloss'}. Best is trial 58 with value: 0.8004642398233052.
start listen on 10.110.42.38:9091
@tracker All of 4 nodes getting started
@tracker All nodes finishes job
@tracker 54.338484048843384 secs between node start and job finish
start listen on 10.110.42.38:9091
@tracker All of 4 nodes getting started
@tracker All nodes finishes job
@tracker 51.02545404434204 secs between node start and job finish
start listen on 10.110.42.38:9091
@tracker All of 4 nodes getting started
@tracker All nodes finishes job
@tracker 46.3097779750824 secs between node start and job finish
start listen on 10.110.42.38:9091
@tracker All of 4 nodes getting started
@tracker All nodes finishes job
@tracker 47.25306034088135 secs between node start and job finish
start listen on 10.110.42.38:9091
@tracker All of 4 nodes getting started
@tracker All nodes finishes job
@tracker 44.518576860427856 secs between node start and job finish
Trial 153 finished with value: 0.7692258216335442 and parameters: {'objective': 'binary:logistic', 'tree_method': 'gpu_hist', 'lambda': 9.787643462350255, 'alpha': 1.5370841591882618, 'colsample_bytree': 0.8147580156447704, 'subsample': 0.7508209729449549, 'learning_rate': 0.001627697808108085, 'max_depth': 9, 'min_child_weight': 154, 'eval_metric': 'logloss'}. Best is trial 58 with value: 0.8004642398233052.
start listen on 10.110.42.38:9091
@tracker All of 4 nodes getting started
@tracker All nodes finishes job
@tracker 52.35901165008545 secs between node start and job finish
start listen on 10.110.42.38:9091
@tracker All of 4 nodes getting started
@tracker All nodes finishes job
@tracker 41.51052403450012 secs between node start and job finish
start listen on 10.110.42.38:9091
@tracker All of 4 nodes getting started
@tracker All nodes finishes job
@tracker 45.783538579940796 secs between node start and job finish
start listen on 10.110.42.38:9091
@tracker All of 4 nodes getting started
@tracker All nodes finishes job
@tracker 47.37505578994751 secs between node start and job finish
start listen on 10.110.42.38:9091
@tracker All of 4 nodes getting started
@tracker All nodes finishes job
@tracker 48.0773766040802 secs between node start and job finish
Trial 154 finished with value: 0.7992792482649484 and parameters: {'objective': 'binary:logistic', 'tree_method': 'gpu_hist', 'lambda': 0.0490511413384348, 'alpha': 0.24932203317954835, 'colsample_bytree': 0.768431905087382, 'subsample': 0.8898399611556245, 'learning_rate': 0.01767923047210681, 'max_depth': 9, 'min_child_weight': 145, 'eval_metric': 'logloss'}. Best is trial 58 with value: 0.8004642398233052.
start listen on 10.110.42.38:9091
@tracker All of 4 nodes getting started
@tracker All nodes finishes job
@tracker 38.41789126396179 secs between node start and job finish
start listen on 10.110.42.38:9091
@tracker All of 4 nodes getting started
@tracker All nodes finishes job
@tracker 42.99283576011658 secs between node start and job finish
start listen on 10.110.42.38:9091
@tracker All of 4 nodes getting started
@tracker All nodes finishes job
@tracker 42.787360429763794 secs between node start and job finish
start listen on 10.110.42.38:9091
@tracker All of 4 nodes getting started
@tracker All nodes finishes job
@tracker 39.277249574661255 secs between node start and job finish
start listen on 10.110.42.38:9091
@tracker All of 4 nodes getting started
@tracker All nodes finishes job
@tracker 42.90753626823425 secs between node start and job finish
