Trial 19 finished with value: 0.7852250811894037 and parameters: {'objective': 'binary:logistic', 'tree_method': 'gpu_hist', 'lambda': 1.8909395822011024, 'alpha': 0.07251172594146071, 'colsample_bytree': 0.6865912646339216, 'subsample': 0.819383279455495, 'learning_rate': 0.010696091404498084, 'max_depth': 3, 'min_child_weight': 7, 'eval_metric': 'logloss'}. Best is trial 13 with value: 0.7996102754728791.
start listen on 10.110.42.38:9091
@tracker All of 4 nodes getting started
@tracker All nodes finishes job
@tracker 104.56466054916382 secs between node start and job finish
start listen on 10.110.42.38:9091
@tracker All of 4 nodes getting started
@tracker All nodes finishes job
@tracker 109.17081880569458 secs between node start and job finish
start listen on 10.110.42.38:9091
@tracker All of 4 nodes getting started
@tracker All nodes finishes job
@tracker 102.68035101890564 secs between node start and job finish
start listen on 10.110.42.38:9091
@tracker All of 4 nodes getting started
@tracker All nodes finishes job
@tracker 106.76733207702637 secs between node start and job finish
start listen on 10.110.42.38:9091
@tracker All of 4 nodes getting started
@tracker All nodes finishes job
@tracker 106.57439136505127 secs between node start and job finish
Trial 20 finished with value: 0.7965287285579332 and parameters: {'objective': 'binary:logistic', 'tree_method': 'gpu_hist', 'lambda': 1.3871463579089516, 'alpha': 0.0010236714314206864, 'colsample_bytree': 0.49323087252543335, 'subsample': 0.9972896451294861, 'learning_rate': 0.027744823408975553, 'max_depth': 20, 'min_child_weight': 35, 'eval_metric': 'logloss'}. Best is trial 13 with value: 0.7996102754728791.
start listen on 10.110.42.38:9091
@tracker All of 4 nodes getting started
@tracker All nodes finishes job
@tracker 35.09345865249634 secs between node start and job finish
start listen on 10.110.42.38:9091
@tracker All of 4 nodes getting started
@tracker All nodes finishes job
@tracker 29.856274604797363 secs between node start and job finish
start listen on 10.110.42.38:9091
@tracker All of 4 nodes getting started
@tracker All nodes finishes job
@tracker 36.3112096786499 secs between node start and job finish
start listen on 10.110.42.38:9091
@tracker All of 4 nodes getting started
@tracker All nodes finishes job
@tracker 31.902600288391113 secs between node start and job finish
start listen on 10.110.42.38:9091
@tracker All of 4 nodes getting started
@tracker All nodes finishes job
@tracker 31.92125654220581 secs between node start and job finish
Trial 21 finished with value: 0.7962672582410943 and parameters: {'objective': 'binary:logistic', 'tree_method': 'gpu_hist', 'lambda': 0.5057595687966473, 'alpha': 0.003879767206136406, 'colsample_bytree': 0.5370281300450903, 'subsample': 0.9398390250150579, 'learning_rate': 0.05846243911615433, 'max_depth': 7, 'min_child_weight': 52, 'eval_metric': 'logloss'}. Best is trial 13 with value: 0.7996102754728791.
start listen on 10.110.42.38:9091
@tracker All of 4 nodes getting started
@tracker All nodes finishes job
@tracker 34.15764379501343 secs between node start and job finish
start listen on 10.110.42.38:9091
@tracker All of 3 nodes getting started
@tracker All nodes finishes job
@tracker 36.20183968544006 secs between node start and job finish
start listen on 10.110.42.38:9091
@tracker All of 3 nodes getting started
@tracker All nodes finishes job
@tracker 30.857826709747314 secs between node start and job finish
start listen on 10.110.42.38:9091
@tracker All of 4 nodes getting started
@tracker All nodes finishes job
@tracker 30.840006589889526 secs between node start and job finish
start listen on 10.110.42.38:9091
@tracker All of 4 nodes getting started
@tracker All nodes finishes job
@tracker 33.12027931213379 secs between node start and job finish
Trial 22 finished with value: 0.796296925595759 and parameters: {'objective': 'binary:logistic', 'tree_method': 'gpu_hist', 'lambda': 0.3234871053215377, 'alpha': 0.004715951587214709, 'colsample_bytree': 0.633936584443837, 'subsample': 0.9614738971075423, 'learning_rate': 0.061051011615987194, 'max_depth': 7, 'min_child_weight': 73, 'eval_metric': 'logloss'}. Best is trial 13 with value: 0.7996102754728791.
start listen on 10.110.42.38:9091
@tracker All of 4 nodes getting started
@tracker All nodes finishes job
@tracker 36.62026643753052 secs between node start and job finish
start listen on 10.110.42.38:9091
@tracker All of 4 nodes getting started
@tracker All nodes finishes job
@tracker 28.978510856628418 secs between node start and job finish
start listen on 10.110.42.38:9091
@tracker All of 4 nodes getting started
@tracker All nodes finishes job
@tracker 32.77210783958435 secs between node start and job finish
start listen on 10.110.42.38:9091
@tracker All of 4 nodes getting started
@tracker All nodes finishes job
@tracker 34.061445236206055 secs between node start and job finish
start listen on 10.110.42.38:9091
@tracker All of 4 nodes getting started
@tracker All nodes finishes job
@tracker 31.155189752578735 secs between node start and job finish
Trial 23 finished with value: 0.7990586302671155 and parameters: {'objective': 'binary:logistic', 'tree_method': 'gpu_hist', 'lambda': 0.8914809847472609, 'alpha': 0.002774199144185662, 'colsample_bytree': 0.5294807504910105, 'subsample': 0.9997611322732903, 'learning_rate': 0.028637372848852056, 'max_depth': 7, 'min_child_weight': 62, 'eval_metric': 'logloss'}. Best is trial 13 with value: 0.7996102754728791.
start listen on 10.110.42.38:9091
@tracker All of 4 nodes getting started
@tracker All nodes finishes job
@tracker 60.97090768814087 secs between node start and job finish
start listen on 10.110.42.38:9091
@tracker All of 4 nodes getting started
@tracker All nodes finishes job
@tracker 51.91912770271301 secs between node start and job finish
start listen on 10.110.42.38:9091
@tracker All of 4 nodes getting started
@tracker All nodes finishes job
@tracker 56.94580888748169 secs between node start and job finish
start listen on 10.110.42.38:9091
@tracker All of 3 nodes getting started
@tracker All nodes finishes job
@tracker 70.45422554016113 secs between node start and job finish
start listen on 10.110.42.38:9091
@tracker All of 3 nodes getting started
@tracker All nodes finishes job
@tracker 58.10393810272217 secs between node start and job finish
Trial 24 finished with value: 0.7988587593681871 and parameters: {'objective': 'binary:logistic', 'tree_method': 'gpu_hist', 'lambda': 3.2853651187989175, 'alpha': 0.0018866391015047565, 'colsample_bytree': 0.595895843163934, 'subsample': 0.874065392412535, 'learning_rate': 0.02916911533809874, 'max_depth': 15, 'min_child_weight': 97, 'eval_metric': 'logloss'}. Best is trial 13 with value: 0.7996102754728791.
start listen on 10.110.42.38:9091
@tracker All of 4 nodes getting started
@tracker All nodes finishes job
@tracker 46.772369384765625 secs between node start and job finish
start listen on 10.110.42.38:9091
@tracker All of 4 nodes getting started
@tracker All nodes finishes job
@tracker 47.11229920387268 secs between node start and job finish
start listen on 10.110.42.38:9091
@tracker All of 4 nodes getting started
@tracker All nodes finishes job
@tracker 44.71812987327576 secs between node start and job finish
start listen on 10.110.42.38:9091
@tracker All of 4 nodes getting started
@tracker All nodes finishes job
@tracker 45.170814037323 secs between node start and job finish
start listen on 10.110.42.38:9091
@tracker All of 4 nodes getting started
@tracker All nodes finishes job
@tracker 47.53332257270813 secs between node start and job finish
Trial 25 finished with value: 0.7980581279572317 and parameters: {'objective': 'binary:logistic', 'tree_method': 'gpu_hist', 'lambda': 0.10692034709646109, 'alpha': 0.015457365714066366, 'colsample_bytree': 0.7180805939387265, 'subsample': 0.7085772065492352, 'learning_rate': 0.012008820652320737, 'max_depth': 9, 'min_child_weight': 117, 'eval_metric': 'logloss'}. Best is trial 13 with value: 0.7996102754728791.
start listen on 10.110.42.38:9091
@tracker All of 4 nodes getting started
@tracker All nodes finishes job
@tracker 59.401241064071655 secs between node start and job finish
start listen on 10.110.42.38:9091
@tracker All of 4 nodes getting started
@tracker All nodes finishes job
@tracker 61.59168767929077 secs between node start and job finish
start listen on 10.110.42.38:9091
@tracker All of 4 nodes getting started
@tracker All nodes finishes job
@tracker 61.63195729255676 secs between node start and job finish
start listen on 10.110.42.38:9091
@tracker All of 4 nodes getting started
@tracker All nodes finishes job
@tracker 65.40320348739624 secs between node start and job finish
start listen on 10.110.42.38:9091
@tracker All of 4 nodes getting started
@tracker All nodes finishes job
@tracker 64.67661571502686 secs between node start and job finish
Trial 26 finished with value: 0.7987786941608814 and parameters: {'objective': 'binary:logistic', 'tree_method': 'gpu_hist', 'lambda': 1.0056413916709044, 'alpha': 0.0022897941483364216, 'colsample_bytree': 0.48692031992180695, 'subsample': 0.9211850971555917, 'learning_rate': 0.026710338017151468, 'max_depth': 11, 'min_child_weight': 25, 'eval_metric': 'logloss'}. Best is trial 13 with value: 0.7996102754728791.
start listen on 10.110.42.38:9091
@tracker All of 3 nodes getting started
@tracker All nodes finishes job
@tracker 72.14039993286133 secs between node start and job finish
start listen on 10.110.42.38:9091
@tracker All of 4 nodes getting started
@tracker All nodes finishes job
@tracker 64.72431993484497 secs between node start and job finish
start listen on 10.110.42.38:9091
@tracker All of 4 nodes getting started
@tracker All nodes finishes job
@tracker 63.49947953224182 secs between node start and job finish
start listen on 10.110.42.38:9091
@tracker All of 4 nodes getting started
@tracker All nodes finishes job
@tracker 64.21868872642517 secs between node start and job finish
start listen on 10.110.42.38:9091
@tracker All of 4 nodes getting started
@tracker All nodes finishes job
@tracker 71.70138120651245 secs between node start and job finish
Trial 27 finished with value: 0.7965033599174041 and parameters: {'objective': 'binary:logistic', 'tree_method': 'gpu_hist', 'lambda': 3.3884286596030817, 'alpha': 0.008273268743314067, 'colsample_bytree': 0.625223761442759, 'subsample': 0.8454462397591065, 'learning_rate': 0.03472044922074321, 'max_depth': 17, 'min_child_weight': 75, 'eval_metric': 'logloss'}. Best is trial 13 with value: 0.7996102754728791.
start listen on 10.110.42.38:9091
@tracker All of 4 nodes getting started
@tracker All nodes finishes job
@tracker 33.753785133361816 secs between node start and job finish
start listen on 10.110.42.38:9091
@tracker All of 4 nodes getting started
@tracker All nodes finishes job
@tracker 28.70393681526184 secs between node start and job finish
start listen on 10.110.42.38:9091
@tracker All of 3 nodes getting started
@tracker All nodes finishes job
@tracker 30.571949243545532 secs between node start and job finish
start listen on 10.110.42.38:9091
@tracker All of 4 nodes getting started
@tracker All nodes finishes job
@tracker 28.37413501739502 secs between node start and job finish
start listen on 10.110.42.38:9091
@tracker All of 4 nodes getting started
@tracker All nodes finishes job
@tracker 38.45183253288269 secs between node start and job finish
Trial 28 finished with value: 0.7959327370721715 and parameters: {'objective': 'binary:logistic', 'tree_method': 'gpu_hist', 'lambda': 0.1855296816195266, 'alpha': 0.0018391133838157223, 'colsample_bytree': 0.3952210044157425, 'subsample': 0.7848768839470976, 'learning_rate': 0.07195341482052603, 'max_depth': 7, 'min_child_weight': 160, 'eval_metric': 'logloss'}. Best is trial 13 with value: 0.7996102754728791.
start listen on 10.110.42.38:9091
@tracker All of 4 nodes getting started
@tracker All nodes finishes job
@tracker 43.58228302001953 secs between node start and job finish
start listen on 10.110.42.38:9091
@tracker All of 4 nodes getting started
@tracker All nodes finishes job
@tracker 34.848180294036865 secs between node start and job finish
start listen on 10.110.42.38:9091
@tracker All of 4 nodes getting started
@tracker All nodes finishes job
@tracker 33.99915790557861 secs between node start and job finish
start listen on 10.110.42.38:9091
@tracker All of 4 nodes getting started
@tracker All nodes finishes job
@tracker 37.94110989570618 secs between node start and job finish
start listen on 10.110.42.38:9091
@tracker All of 4 nodes getting started
@tracker All nodes finishes job
@tracker 38.71015691757202 secs between node start and job finish
Trial 29 finished with value: 0.7995057989214798 and parameters: {'objective': 'binary:logistic', 'tree_method': 'gpu_hist', 'lambda': 0.012086877009319258, 'alpha': 0.062388838267235756, 'colsample_bytree': 0.9166158278091652, 'subsample': 0.7374080303270995, 'learning_rate': 0.023870228904451892, 'max_depth': 7, 'min_child_weight': 45, 'eval_metric': 'logloss'}. Best is trial 13 with value: 0.7996102754728791.
start listen on 10.110.42.38:9091
@tracker All of 4 nodes getting started
@tracker All nodes finishes job
@tracker 29.96830153465271 secs between node start and job finish
start listen on 10.110.42.38:9091
@tracker All of 4 nodes getting started
@tracker All nodes finishes job
@tracker 32.1127450466156 secs between node start and job finish
start listen on 10.110.42.38:9091
@tracker All of 4 nodes getting started
@tracker All nodes finishes job
@tracker 31.865074396133423 secs between node start and job finish
start listen on 10.110.42.38:9091
@tracker All of 4 nodes getting started
@tracker All nodes finishes job
@tracker 35.86103534698486 secs between node start and job finish
start listen on 10.110.42.38:9091
@tracker All of 4 nodes getting started
@tracker All nodes finishes job
@tracker 35.305461406707764 secs between node start and job finish
Trial 30 finished with value: 0.785520683085583 and parameters: {'objective': 'binary:logistic', 'tree_method': 'gpu_hist', 'lambda': 0.0076050772551560395, 'alpha': 0.06629337196395668, 'colsample_bytree': 0.9927121330403157, 'subsample': 0.7425373013207883, 'learning_rate': 0.006852045578028105, 'max_depth': 5, 'min_child_weight': 251, 'eval_metric': 'logloss'}. Best is trial 13 with value: 0.7996102754728791.
start listen on 10.110.42.38:9091
@tracker All of 4 nodes getting started
@tracker All nodes finishes job
@tracker 36.25318145751953 secs between node start and job finish
start listen on 10.110.42.38:9091
@tracker All of 4 nodes getting started
@tracker All nodes finishes job
@tracker 39.112178564071655 secs between node start and job finish
start listen on 10.110.42.38:9091
@tracker All of 3 nodes getting started
@tracker All nodes finishes job
@tracker 39.1287624835968 secs between node start and job finish
start listen on 10.110.42.38:9091
@tracker All of 4 nodes getting started
@tracker All nodes finishes job
@tracker 43.810391426086426 secs between node start and job finish
start listen on 10.110.42.38:9091
@tracker All of 4 nodes getting started
@tracker All nodes finishes job
@tracker 36.694663524627686 secs between node start and job finish
Trial 31 finished with value: 0.7994267843462994 and parameters: {'objective': 'binary:logistic', 'tree_method': 'gpu_hist', 'lambda': 0.014657664724704735, 'alpha': 0.007261014248974592, 'colsample_bytree': 0.927828878317754, 'subsample': 0.6635073843186857, 'learning_rate': 0.02273044221937252, 'max_depth': 7, 'min_child_weight': 42, 'eval_metric': 'logloss'}. Best is trial 13 with value: 0.7996102754728791.
start listen on 10.110.42.38:9091
@tracker All of 4 nodes getting started
@tracker All nodes finishes job
@tracker 38.51107883453369 secs between node start and job finish
start listen on 10.110.42.38:9091
@tracker All of 4 nodes getting started
@tracker All nodes finishes job
@tracker 43.19386887550354 secs between node start and job finish
start listen on 10.110.42.38:9091
@tracker All of 3 nodes getting started
@tracker All nodes finishes job
@tracker 42.03780770301819 secs between node start and job finish
start listen on 10.110.42.38:9091
@tracker All of 4 nodes getting started
@tracker All nodes finishes job
@tracker 40.43743705749512 secs between node start and job finish
start listen on 10.110.42.38:9091
@tracker All of 3 nodes getting started
@tracker All nodes finishes job
@tracker 42.08511757850647 secs between node start and job finish
Trial 32 finished with value: 0.7991574778214273 and parameters: {'objective': 'binary:logistic', 'tree_method': 'gpu_hist', 'lambda': 0.016352666032077585, 'alpha': 0.17305360648082974, 'colsample_bytree': 0.9170768325809174, 'subsample': 0.6837698831291028, 'learning_rate': 0.021522695620500194, 'max_depth': 7, 'min_child_weight': 24, 'eval_metric': 'logloss'}. Best is trial 13 with value: 0.7996102754728791.
start listen on 10.110.42.38:9091
@tracker All of 4 nodes getting started
@tracker All nodes finishes job
@tracker 41.612348556518555 secs between node start and job finish
start listen on 10.110.42.38:9091
@tracker All of 4 nodes getting started
@tracker All nodes finishes job
@tracker 38.634827852249146 secs between node start and job finish
start listen on 10.110.42.38:9091
@tracker All of 4 nodes getting started
@tracker All nodes finishes job
@tracker 39.47938513755798 secs between node start and job finish
start listen on 10.110.42.38:9091
@tracker All of 4 nodes getting started
@tracker All nodes finishes job
@tracker 47.530842542648315 secs between node start and job finish
start listen on 10.110.42.38:9091
@tracker All of 4 nodes getting started
@tracker All nodes finishes job
@tracker 38.79082894325256 secs between node start and job finish
Trial 33 finished with value: 0.7995676660204488 and parameters: {'objective': 'binary:logistic', 'tree_method': 'gpu_hist', 'lambda': 0.017479463990588716, 'alpha': 1.125193367103544, 'colsample_bytree': 0.9242074971652667, 'subsample': 0.6657177773088849, 'learning_rate': 0.022107777914001165, 'max_depth': 7, 'min_child_weight': 33, 'eval_metric': 'logloss'}. Best is trial 13 with value: 0.7996102754728791.
start listen on 10.110.42.38:9091
@tracker All of 4 nodes getting started
@tracker All nodes finishes job
@tracker 49.89470458030701 secs between node start and job finish
start listen on 10.110.42.38:9091
@tracker All of 4 nodes getting started
@tracker All nodes finishes job
@tracker 47.61379957199097 secs between node start and job finish
start listen on 10.110.42.38:9091
@tracker All of 3 nodes getting started
@tracker All nodes finishes job
@tracker 52.90822458267212 secs between node start and job finish
start listen on 10.110.42.38:9091
@tracker All of 4 nodes getting started
@tracker All nodes finishes job
@tracker 46.99437189102173 secs between node start and job finish
start listen on 10.110.42.38:9091
@tracker All of 4 nodes getting started
@tracker All nodes finishes job
@tracker 51.2424852848053 secs between node start and job finish
Trial 34 finished with value: 0.7979796173235287 and parameters: {'objective': 'binary:logistic', 'tree_method': 'gpu_hist', 'lambda': 0.01705771631247427, 'alpha': 1.5279579699083836, 'colsample_bytree': 0.9225128738527386, 'subsample': 0.5298452238421058, 'learning_rate': 0.013479855536107387, 'max_depth': 7, 'min_child_weight': 2, 'eval_metric': 'logloss'}. Best is trial 13 with value: 0.7996102754728791.
start listen on 10.110.42.38:9091
@tracker All of 4 nodes getting started
@tracker All nodes finishes job
@tracker 51.53247785568237 secs between node start and job finish
start listen on 10.110.42.38:9091
@tracker All of 4 nodes getting started
@tracker All nodes finishes job
@tracker 50.92077875137329 secs between node start and job finish
start listen on 10.110.42.38:9091
@tracker All of 4 nodes getting started
@tracker All nodes finishes job
@tracker 53.065144062042236 secs between node start and job finish
start listen on 10.110.42.38:9091
@tracker All of 4 nodes getting started
@tracker All nodes finishes job
@tracker 54.559550523757935 secs between node start and job finish
start listen on 10.110.42.38:9091
@tracker All of 4 nodes getting started
@tracker All nodes finishes job
@tracker 50.781246185302734 secs between node start and job finish
Trial 35 finished with value: 0.7715912357901131 and parameters: {'objective': 'binary:logistic', 'tree_method': 'gpu_hist', 'lambda': 0.028857683555102355, 'alpha': 0.6245103487507296, 'colsample_bytree': 0.9296104638097453, 'subsample': 0.6004910496617252, 'learning_rate': 0.0010899840875540712, 'max_depth': 7, 'min_child_weight': 38, 'eval_metric': 'logloss'}. Best is trial 13 with value: 0.7996102754728791.
start listen on 10.110.42.38:9091
@tracker All of 3 nodes getting started
@tracker All nodes finishes job
@tracker 25.06881356239319 secs between node start and job finish
start listen on 10.110.42.38:9091
@tracker All of 4 nodes getting started
@tracker All nodes finishes job
@tracker 19.89947271347046 secs between node start and job finish
start listen on 10.110.42.38:9091
@tracker All of 4 nodes getting started
@tracker All nodes finishes job
@tracker 20.721872568130493 secs between node start and job finish
start listen on 10.110.42.38:9091
@tracker All of 4 nodes getting started
@tracker All nodes finishes job
@tracker 28.102685689926147 secs between node start and job finish
start listen on 10.110.42.38:9091
@tracker All of 4 nodes getting started
@tracker All nodes finishes job
@tracker 20.862936973571777 secs between node start and job finish
