Trial 206 finished with value: 0.7971147023454668 and parameters: {'objective': 'binary:logistic', 'tree_method': 'gpu_hist', 'lambda': 0.4012176221004367, 'alpha': 0.036789433075489375, 'colsample_bytree': 0.5556008390484297, 'subsample': 0.8456799292970569, 'learning_rate': 0.017812520941490845, 'max_depth': 5, 'min_child_weight': 94, 'eval_metric': 'logloss'}. Best is trial 205 with value: 0.8007238397926654.
