Trial 121 finished with value: 0.8000983324268016 and parameters: {'objective': 'binary:logistic', 'tree_method': 'gpu_hist', 'lambda': 0.06454550955908779, 'alpha': 0.3951662940578524, 'colsample_bytree': 0.8185196038483736, 'subsample': 0.8319268694362034, 'learning_rate': 0.020109475280899007, 'max_depth': 15, 'min_child_weight': 146, 'eval_metric': 'logloss'}. Best is trial 58 with value: 0.8004642398233052.
start listen on 10.110.42.38:9091
@tracker All of 4 nodes getting started
@tracker All nodes finishes job
@tracker 62.631229877471924 secs between node start and job finish
start listen on 10.110.42.38:9091
@tracker All of 4 nodes getting started
@tracker All nodes finishes job
@tracker 60.28159523010254 secs between node start and job finish
start listen on 10.110.42.38:9091
@tracker All of 3 nodes getting started
@tracker All nodes finishes job
@tracker 56.4546058177948 secs between node start and job finish
start listen on 10.110.42.38:9091
@tracker All of 4 nodes getting started
@tracker All nodes finishes job
@tracker 64.58744192123413 secs between node start and job finish
start listen on 10.110.42.38:9091
@tracker All of 4 nodes getting started
@tracker All nodes finishes job
@tracker 57.62605690956116 secs between node start and job finish
Trial 122 finished with value: 0.8002569743152792 and parameters: {'objective': 'binary:logistic', 'tree_method': 'gpu_hist', 'lambda': 0.07857737935111071, 'alpha': 0.543005939554873, 'colsample_bytree': 0.809701772271562, 'subsample': 0.8704361851882397, 'learning_rate': 0.019598186952499555, 'max_depth': 15, 'min_child_weight': 153, 'eval_metric': 'logloss'}. Best is trial 58 with value: 0.8004642398233052.
start listen on 10.110.42.38:9091
@tracker All of 4 nodes getting started
@tracker All nodes finishes job
@tracker 68.72283053398132 secs between node start and job finish
start listen on 10.110.42.38:9091
@tracker All of 4 nodes getting started
@tracker All nodes finishes job
@tracker 58.115431785583496 secs between node start and job finish
start listen on 10.110.42.38:9091
@tracker All of 3 nodes getting started
@tracker All nodes finishes job
@tracker 68.35055541992188 secs between node start and job finish
start listen on 10.110.42.38:9091
@tracker All of 4 nodes getting started
@tracker All nodes finishes job
@tracker 59.69835948944092 secs between node start and job finish
start listen on 10.110.42.38:9091
@tracker All of 4 nodes getting started
@tracker All nodes finishes job
@tracker 66.7167317867279 secs between node start and job finish
Trial 123 finished with value: 0.7998890793673201 and parameters: {'objective': 'binary:logistic', 'tree_method': 'gpu_hist', 'lambda': 0.08025470838893307, 'alpha': 1.1107855472422532, 'colsample_bytree': 0.8337529789459617, 'subsample': 0.8621802148729164, 'learning_rate': 0.016004185900322893, 'max_depth': 15, 'min_child_weight': 151, 'eval_metric': 'logloss'}. Best is trial 58 with value: 0.8004642398233052.
start listen on 10.110.42.38:9091
@tracker All of 4 nodes getting started
@tracker All nodes finishes job
@tracker 52.516019344329834 secs between node start and job finish
start listen on 10.110.42.38:9091
@tracker All of 4 nodes getting started
@tracker All nodes finishes job
@tracker 52.900439500808716 secs between node start and job finish
start listen on 10.110.42.38:9091
@tracker All of 4 nodes getting started
@tracker All nodes finishes job
@tracker 52.83546447753906 secs between node start and job finish
start listen on 10.110.42.38:9091
@tracker All of 4 nodes getting started
@tracker All nodes finishes job
@tracker 57.13095426559448 secs between node start and job finish
start listen on 10.110.42.38:9091
@tracker All of 4 nodes getting started
@tracker All nodes finishes job
@tracker 56.67799758911133 secs between node start and job finish
Trial 124 finished with value: 0.80015495690994 and parameters: {'objective': 'binary:logistic', 'tree_method': 'gpu_hist', 'lambda': 0.1367022810457317, 'alpha': 0.8489483039890341, 'colsample_bytree': 0.787164972118748, 'subsample': 0.8777803636321309, 'learning_rate': 0.02244918949883701, 'max_depth': 15, 'min_child_weight': 176, 'eval_metric': 'logloss'}. Best is trial 58 with value: 0.8004642398233052.
start listen on 10.110.42.38:9091
@tracker All of 4 nodes getting started
@tracker All nodes finishes job
@tracker 55.44896101951599 secs between node start and job finish
start listen on 10.110.42.38:9091
@tracker All of 4 nodes getting started
@tracker All nodes finishes job
@tracker 51.15684485435486 secs between node start and job finish
start listen on 10.110.42.38:9091
@tracker All of 4 nodes getting started
@tracker All nodes finishes job
@tracker 49.40741729736328 secs between node start and job finish
start listen on 10.110.42.38:9091
@tracker All of 4 nodes getting started
@tracker All nodes finishes job
@tracker 54.59972143173218 secs between node start and job finish
start listen on 10.110.42.38:9091
@tracker All of 4 nodes getting started
@tracker All nodes finishes job
@tracker 55.177062034606934 secs between node start and job finish
Trial 125 finished with value: 0.7996813325036289 and parameters: {'objective': 'binary:logistic', 'tree_method': 'gpu_hist', 'lambda': 0.13736527747305616, 'alpha': 1.728798854324767, 'colsample_bytree': 0.7871231487121796, 'subsample': 0.9061934642021146, 'learning_rate': 0.031185205049593778, 'max_depth': 15, 'min_child_weight': 183, 'eval_metric': 'logloss'}. Best is trial 58 with value: 0.8004642398233052.
start listen on 10.110.42.38:9091
@tracker All of 4 nodes getting started
@tracker All nodes finishes job
@tracker 52.01459741592407 secs between node start and job finish
start listen on 10.110.42.38:9091
@tracker All of 4 nodes getting started
@tracker All nodes finishes job
@tracker 51.19818949699402 secs between node start and job finish
start listen on 10.110.42.38:9091
@tracker All of 4 nodes getting started
@tracker All nodes finishes job
@tracker 51.6121461391449 secs between node start and job finish
start listen on 10.110.42.38:9091
@tracker All of 4 nodes getting started
@tracker All nodes finishes job
@tracker 58.81905817985535 secs between node start and job finish
start listen on 10.110.42.38:9091
@tracker All of 4 nodes getting started
@tracker All nodes finishes job
@tracker 49.85557579994202 secs between node start and job finish
Trial 126 finished with value: 0.8002743982361293 and parameters: {'objective': 'binary:logistic', 'tree_method': 'gpu_hist', 'lambda': 0.18077939983224123, 'alpha': 0.9249329832495633, 'colsample_bytree': 0.7652239946798779, 'subsample': 0.9309256903379473, 'learning_rate': 0.022666517300099755, 'max_depth': 13, 'min_child_weight': 160, 'eval_metric': 'logloss'}. Best is trial 58 with value: 0.8004642398233052.
start listen on 10.110.42.38:9091
@tracker All of 4 nodes getting started
@tracker All nodes finishes job
@tracker 57.81501507759094 secs between node start and job finish
start listen on 10.110.42.38:9091
@tracker All of 4 nodes getting started
@tracker All nodes finishes job
@tracker 48.684062480926514 secs between node start and job finish
start listen on 10.110.42.38:9091
@tracker All of 4 nodes getting started
@tracker All nodes finishes job
@tracker 46.46464920043945 secs between node start and job finish
start listen on 10.110.42.38:9091
@tracker All of 4 nodes getting started
@tracker All nodes finishes job
@tracker 48.75628733634949 secs between node start and job finish
start listen on 10.110.42.38:9091
@tracker All of 4 nodes getting started
@tracker All nodes finishes job
@tracker 54.36587381362915 secs between node start and job finish
Trial 127 finished with value: 0.7999553893163793 and parameters: {'objective': 'binary:logistic', 'tree_method': 'gpu_hist', 'lambda': 0.07898568429934226, 'alpha': 1.3003443641454064, 'colsample_bytree': 0.7588191761919133, 'subsample': 0.9734958818955148, 'learning_rate': 0.028310666127665463, 'max_depth': 13, 'min_child_weight': 166, 'eval_metric': 'logloss'}. Best is trial 58 with value: 0.8004642398233052.
start listen on 10.110.42.38:9091
@tracker All of 4 nodes getting started
@tracker All nodes finishes job
@tracker 57.72943329811096 secs between node start and job finish
start listen on 10.110.42.38:9091
@tracker All of 4 nodes getting started
@tracker All nodes finishes job
@tracker 50.492791414260864 secs between node start and job finish
start listen on 10.110.42.38:9091
@tracker All of 4 nodes getting started
@tracker All nodes finishes job
@tracker 57.12761950492859 secs between node start and job finish
start listen on 10.110.42.38:9091
@tracker All of 4 nodes getting started
@tracker All nodes finishes job
@tracker 53.06817936897278 secs between node start and job finish
start listen on 10.110.42.38:9091
@tracker All of 4 nodes getting started
@tracker All nodes finishes job
@tracker 50.5388126373291 secs between node start and job finish
Trial 128 finished with value: 0.8001562737981518 and parameters: {'objective': 'binary:logistic', 'tree_method': 'gpu_hist', 'lambda': 0.05423826508932506, 'alpha': 1.007900914668286, 'colsample_bytree': 0.7382317247163694, 'subsample': 0.9494690371013612, 'learning_rate': 0.025505270432738533, 'max_depth': 13, 'min_child_weight': 159, 'eval_metric': 'logloss'}. Best is trial 58 with value: 0.8004642398233052.
start listen on 10.110.42.38:9091
@tracker All of 4 nodes getting started
@tracker All nodes finishes job
@tracker 51.34389042854309 secs between node start and job finish
start listen on 10.110.42.38:9091
@tracker All of 4 nodes getting started
@tracker All nodes finishes job
@tracker 51.70491623878479 secs between node start and job finish
start listen on 10.110.42.38:9091
@tracker All of 4 nodes getting started
@tracker All nodes finishes job
@tracker 54.31064009666443 secs between node start and job finish
start listen on 10.110.42.38:9091
@tracker All of 4 nodes getting started
@tracker All nodes finishes job
@tracker 56.2104754447937 secs between node start and job finish
start listen on 10.110.42.38:9091
@tracker All of 4 nodes getting started
@tracker All nodes finishes job
@tracker 49.59896779060364 secs between node start and job finish
Trial 129 finished with value: 0.8000519417389503 and parameters: {'objective': 'binary:logistic', 'tree_method': 'gpu_hist', 'lambda': 0.04092840395456218, 'alpha': 0.6149355437964533, 'colsample_bytree': 0.7298660482436913, 'subsample': 0.933247386984748, 'learning_rate': 0.025669118690851218, 'max_depth': 13, 'min_child_weight': 155, 'eval_metric': 'logloss'}. Best is trial 58 with value: 0.8004642398233052.
start listen on 10.110.42.38:9091
@tracker All of 4 nodes getting started
@tracker All nodes finishes job
@tracker 47.4984815120697 secs between node start and job finish
start listen on 10.110.42.38:9091
@tracker All of 4 nodes getting started
@tracker All nodes finishes job
@tracker 45.25879096984863 secs between node start and job finish
start listen on 10.110.42.38:9091
@tracker All of 4 nodes getting started
@tracker All nodes finishes job
@tracker 47.19494652748108 secs between node start and job finish
start listen on 10.110.42.38:9091
@tracker All of 4 nodes getting started
@tracker All nodes finishes job
@tracker 45.017239570617676 secs between node start and job finish
start listen on 10.110.42.38:9091
@tracker All of 4 nodes getting started
@tracker All nodes finishes job
@tracker 50.7172327041626 secs between node start and job finish
Trial 130 finished with value: 0.798595835793281 and parameters: {'objective': 'binary:logistic', 'tree_method': 'gpu_hist', 'lambda': 0.029807655700137298, 'alpha': 0.4759159743167648, 'colsample_bytree': 0.712040526344494, 'subsample': 0.9513745888133454, 'learning_rate': 0.03543399133696596, 'max_depth': 13, 'min_child_weight': 173, 'eval_metric': 'logloss'}. Best is trial 58 with value: 0.8004642398233052.
start listen on 10.110.42.38:9091
@tracker All of 4 nodes getting started
@tracker All nodes finishes job
@tracker 49.67244219779968 secs between node start and job finish
start listen on 10.110.42.38:9091
@tracker All of 4 nodes getting started
@tracker All nodes finishes job
@tracker 53.53510022163391 secs between node start and job finish
start listen on 10.110.42.38:9091
@tracker All of 4 nodes getting started
@tracker All nodes finishes job
@tracker 50.07031607627869 secs between node start and job finish
start listen on 10.110.42.38:9091
@tracker All of 4 nodes getting started
@tracker All nodes finishes job
@tracker 51.4861114025116 secs between node start and job finish
start listen on 10.110.42.38:9091
@tracker All of 4 nodes getting started
@tracker All nodes finishes job
@tracker 52.957391023635864 secs between node start and job finish
Trial 131 finished with value: 0.8000053908842053 and parameters: {'objective': 'binary:logistic', 'tree_method': 'gpu_hist', 'lambda': 0.056547736040850755, 'alpha': 0.862172072893962, 'colsample_bytree': 0.771204878138007, 'subsample': 0.9362166092835651, 'learning_rate': 0.022913652265715744, 'max_depth': 13, 'min_child_weight': 192, 'eval_metric': 'logloss'}. Best is trial 58 with value: 0.8004642398233052.
start listen on 10.110.42.38:9091
@tracker All of 4 nodes getting started
@tracker All nodes finishes job
@tracker 62.0206983089447 secs between node start and job finish
start listen on 10.110.42.38:9091
@tracker All of 4 nodes getting started
@tracker All nodes finishes job
@tracker 58.86811375617981 secs between node start and job finish
start listen on 10.110.42.38:9091
@tracker All of 4 nodes getting started
@tracker All nodes finishes job
@tracker 58.08834481239319 secs between node start and job finish
start listen on 10.110.42.38:9091
@tracker All of 4 nodes getting started
@tracker All nodes finishes job
@tracker 51.92294502258301 secs between node start and job finish
start listen on 10.110.42.38:9091
@tracker All of 4 nodes getting started
@tracker All nodes finishes job
@tracker 54.79687309265137 secs between node start and job finish
Trial 132 finished with value: 0.79973232385726 and parameters: {'objective': 'binary:logistic', 'tree_method': 'gpu_hist', 'lambda': 0.09643454874740927, 'alpha': 0.9997379047224187, 'colsample_bytree': 0.7468432400822027, 'subsample': 0.9831649991834771, 'learning_rate': 0.018438168759887474, 'max_depth': 13, 'min_child_weight': 161, 'eval_metric': 'logloss'}. Best is trial 58 with value: 0.8004642398233052.
start listen on 10.110.42.38:9091
@tracker All of 4 nodes getting started
@tracker All nodes finishes job
@tracker 54.56335401535034 secs between node start and job finish
start listen on 10.110.42.38:9091
@tracker All of 4 nodes getting started
@tracker All nodes finishes job
@tracker 50.7589054107666 secs between node start and job finish
start listen on 10.110.42.38:9091
@tracker All of 4 nodes getting started
@tracker All nodes finishes job
@tracker 52.26367712020874 secs between node start and job finish
start listen on 10.110.42.38:9091
@tracker All of 4 nodes getting started
@tracker All nodes finishes job
@tracker 56.857274532318115 secs between node start and job finish
start listen on 10.110.42.38:9091
@tracker All of 4 nodes getting started
@tracker All nodes finishes job
@tracker 53.21476912498474 secs between node start and job finish
Trial 133 finished with value: 0.8001178580393937 and parameters: {'objective': 'binary:logistic', 'tree_method': 'gpu_hist', 'lambda': 0.12636156086260533, 'alpha': 1.639231137033748, 'colsample_bytree': 0.7784320641604805, 'subsample': 0.882333138036257, 'learning_rate': 0.022582651773605203, 'max_depth': 13, 'min_child_weight': 172, 'eval_metric': 'logloss'}. Best is trial 58 with value: 0.8004642398233052.
start listen on 10.110.42.38:9091
@tracker All of 4 nodes getting started
@tracker All nodes finishes job
@tracker 44.759708642959595 secs between node start and job finish
start listen on 10.110.42.38:9091
@tracker All of 4 nodes getting started
@tracker All nodes finishes job
@tracker 45.797654151916504 secs between node start and job finish
start listen on 10.110.42.38:9091
@tracker All of 4 nodes getting started
@tracker All nodes finishes job
@tracker 45.43131470680237 secs between node start and job finish
start listen on 10.110.42.38:9091
@tracker All of 4 nodes getting started
@tracker All nodes finishes job
@tracker 42.875102043151855 secs between node start and job finish
start listen on 10.110.42.38:9091
@tracker All of 4 nodes getting started
@tracker All nodes finishes job
@tracker 51.785629987716675 secs between node start and job finish
Trial 134 finished with value: 0.8003870971630731 and parameters: {'objective': 'binary:logistic', 'tree_method': 'gpu_hist', 'lambda': 0.05356690979185701, 'alpha': 1.0040765852453164, 'colsample_bytree': 0.8008478010021288, 'subsample': 0.8756650235496231, 'learning_rate': 0.024771156835137607, 'max_depth': 11, 'min_child_weight': 181, 'eval_metric': 'logloss'}. Best is trial 58 with value: 0.8004642398233052.
start listen on 10.110.42.38:9091
@tracker All of 4 nodes getting started
@tracker All nodes finishes job
@tracker 44.86482238769531 secs between node start and job finish
start listen on 10.110.42.38:9091
@tracker All of 4 nodes getting started
@tracker All nodes finishes job
@tracker 48.05748391151428 secs between node start and job finish
start listen on 10.110.42.38:9091
@tracker All of 4 nodes getting started
@tracker All nodes finishes job
@tracker 44.100571393966675 secs between node start and job finish
start listen on 10.110.42.38:9091
@tracker All of 4 nodes getting started
@tracker All nodes finishes job
@tracker 52.582444190979004 secs between node start and job finish
start listen on 10.110.42.38:9091
@tracker All of 4 nodes getting started
@tracker All nodes finishes job
@tracker 54.83674144744873 secs between node start and job finish
Trial 135 finished with value: 0.79986152182674 and parameters: {'objective': 'binary:logistic', 'tree_method': 'gpu_hist', 'lambda': 0.050240434571540864, 'alpha': 1.2824105382494946, 'colsample_bytree': 0.7999276774180125, 'subsample': 0.9614776294689914, 'learning_rate': 0.025577523214615698, 'max_depth': 11, 'min_child_weight': 161, 'eval_metric': 'logloss'}. Best is trial 58 with value: 0.8004642398233052.
start listen on 10.110.42.38:9091
@tracker All of 4 nodes getting started
@tracker All nodes finishes job
@tracker 50.248384952545166 secs between node start and job finish
start listen on 10.110.42.38:9091
@tracker All of 4 nodes getting started
@tracker All nodes finishes job
@tracker 42.90460014343262 secs between node start and job finish
start listen on 10.110.42.38:9091
@tracker All of 4 nodes getting started
@tracker All nodes finishes job
@tracker 44.90048599243164 secs between node start and job finish
start listen on 10.110.42.38:9091
@tracker All of 4 nodes getting started
@tracker All nodes finishes job
@tracker 43.74971961975098 secs between node start and job finish
start listen on 10.110.42.38:9091
@tracker All of 4 nodes getting started
@tracker All nodes finishes job
@tracker 43.99107646942139 secs between node start and job finish
Trial 136 finished with value: 0.799861662186518 and parameters: {'objective': 'binary:logistic', 'tree_method': 'gpu_hist', 'lambda': 0.04423263703466299, 'alpha': 1.0427134481017681, 'colsample_bytree': 0.8234820216212004, 'subsample': 0.8691643028611896, 'learning_rate': 0.02794803730714412, 'max_depth': 11, 'min_child_weight': 210, 'eval_metric': 'logloss'}. Best is trial 58 with value: 0.8004642398233052.
start listen on 10.110.42.38:9091
@tracker All of 4 nodes getting started
@tracker All nodes finishes job
@tracker 50.70718598365784 secs between node start and job finish
start listen on 10.110.42.38:9091
@tracker All of 4 nodes getting started
@tracker All nodes finishes job
@tracker 51.78336691856384 secs between node start and job finish
start listen on 10.110.42.38:9091
@tracker All of 4 nodes getting started
@tracker All nodes finishes job
@tracker 50.97234129905701 secs between node start and job finish
start listen on 10.110.42.38:9091
@tracker All of 4 nodes getting started
@tracker All nodes finishes job
@tracker 51.96113085746765 secs between node start and job finish
start listen on 10.110.42.38:9091
@tracker All of 4 nodes getting started
@tracker All nodes finishes job
@tracker 55.73052263259888 secs between node start and job finish
Trial 137 finished with value: 0.7993326154750047 and parameters: {'objective': 'binary:logistic', 'tree_method': 'gpu_hist', 'lambda': 0.0379851727956294, 'alpha': 0.6829125129621226, 'colsample_bytree': 0.8455013289670138, 'subsample': 0.924411602424187, 'learning_rate': 0.017662831089816408, 'max_depth': 11, 'min_child_weight': 184, 'eval_metric': 'logloss'}. Best is trial 58 with value: 0.8004642398233052.
start listen on 10.110.42.38:9091
@tracker All of 4 nodes getting started
@tracker All nodes finishes job
@tracker 55.7012083530426 secs between node start and job finish
start listen on 10.110.42.38:9091
@tracker All of 4 nodes getting started
@tracker All nodes finishes job
@tracker 56.65147805213928 secs between node start and job finish
start listen on 10.110.42.38:9091
@tracker All of 4 nodes getting started
@tracker All nodes finishes job
@tracker 57.356122732162476 secs between node start and job finish
start listen on 10.110.42.38:9091
@tracker All of 4 nodes getting started
@tracker All nodes finishes job
@tracker 63.977882862091064 secs between node start and job finish
start listen on 10.110.42.38:9091
@tracker All of 4 nodes getting started
@tracker All nodes finishes job
@tracker 53.36834263801575 secs between node start and job finish
