Start optimization.
start listen on 10.110.42.38:9091
@tracker All of 4 nodes getting started
@tracker All nodes finishes job
@tracker 81.91567373275757 secs between node start and job finish
start listen on 10.110.42.38:9091
@tracker All of 4 nodes getting started
@tracker All nodes finishes job
@tracker 82.77896165847778 secs between node start and job finish
start listen on 10.110.42.38:9091
@tracker All of 4 nodes getting started
@tracker All nodes finishes job
@tracker 78.52188324928284 secs between node start and job finish
start listen on 10.110.42.38:9091
@tracker All of 4 nodes getting started
@tracker All nodes finishes job
@tracker 85.29719376564026 secs between node start and job finish
start listen on 10.110.42.38:9091
@tracker All of 4 nodes getting started
@tracker All nodes finishes job
@tracker 78.40595889091492 secs between node start and job finish
Trial 3 finished with value: 0.7833455733472142 and parameters: {'objective': 'binary:logistic', 'tree_method': 'gpu_hist', 'lambda': 0.05204425315197294, 'alpha': 0.3419574831346868, 'colsample_bytree': 0.8655103977306926, 'subsample': 0.7291818843596867, 'learning_rate': 0.0037383743364850855, 'max_depth': 13, 'min_child_weight': 156, 'eval_metric': 'logloss'}. Best is trial 0 with value: 0.7901104459031365.
start listen on 10.110.42.38:9091
@tracker All of 4 nodes getting started
@tracker All nodes finishes job
@tracker 145.71095848083496 secs between node start and job finish
start listen on 10.110.42.38:9091
@tracker All of 4 nodes getting started
@tracker All nodes finishes job
@tracker 151.80295872688293 secs between node start and job finish
start listen on 10.110.42.38:9091
@tracker All of 4 nodes getting started
@tracker All nodes finishes job
@tracker 146.86976861953735 secs between node start and job finish
start listen on 10.110.42.38:9091
@tracker All of 4 nodes getting started
@tracker All nodes finishes job
@tracker 153.66801810264587 secs between node start and job finish
start listen on 10.110.42.38:9091
@tracker All of 4 nodes getting started
@tracker All nodes finishes job
@tracker 148.25522708892822 secs between node start and job finish
Trial 4 finished with value: 0.7868063396792554 and parameters: {'objective': 'binary:logistic', 'tree_method': 'gpu_hist', 'lambda': 0.0017606960924347655, 'alpha': 0.16352017776067285, 'colsample_bytree': 0.7746535488127746, 'subsample': 0.8008431753366521, 'learning_rate': 0.003447923980362652, 'max_depth': 20, 'min_child_weight': 71, 'eval_metric': 'logloss'}. Best is trial 0 with value: 0.7901104459031365.
start listen on 10.110.42.38:9091
@tracker All of 4 nodes getting started
@tracker All nodes finishes job
@tracker 34.92480397224426 secs between node start and job finish
start listen on 10.110.42.38:9091
@tracker All of 4 nodes getting started
@tracker All nodes finishes job
@tracker 33.409276247024536 secs between node start and job finish
start listen on 10.110.42.38:9091
@tracker All of 4 nodes getting started
@tracker All nodes finishes job
@tracker 33.96199417114258 secs between node start and job finish
start listen on 10.110.42.38:9091
@tracker All of 4 nodes getting started
@tracker All nodes finishes job
@tracker 28.67916774749756 secs between node start and job finish
start listen on 10.110.42.38:9091
@tracker All of 4 nodes getting started
@tracker All nodes finishes job
@tracker 26.93481731414795 secs between node start and job finish
Trial 5 finished with value: 0.7968079745500505 and parameters: {'objective': 'binary:logistic', 'tree_method': 'gpu_hist', 'lambda': 8.34096787597153, 'alpha': 0.007014367772641966, 'colsample_bytree': 0.40332360891605024, 'subsample': 0.8668287397064394, 'learning_rate': 0.01798070223251322, 'max_depth': 5, 'min_child_weight': 136, 'eval_metric': 'logloss'}. Best is trial 5 with value: 0.7968079745500505.
start listen on 10.110.42.38:9091
@tracker All of 4 nodes getting started
@tracker All nodes finishes job
@tracker 32.99781656265259 secs between node start and job finish
start listen on 10.110.42.38:9091
@tracker All of 4 nodes getting started
@tracker All nodes finishes job
@tracker 28.96111512184143 secs between node start and job finish
start listen on 10.110.42.38:9091
@tracker All of 4 nodes getting started
@tracker All nodes finishes job
@tracker 30.60267663002014 secs between node start and job finish
start listen on 10.110.42.38:9091
@tracker All of 4 nodes getting started
@tracker All nodes finishes job
@tracker 32.673269510269165 secs between node start and job finish
start listen on 10.110.42.38:9091
@tracker All of 4 nodes getting started
@tracker All nodes finishes job
@tracker 29.725033283233643 secs between node start and job finish
Trial 6 finished with value: 0.7968350027133968 and parameters: {'objective': 'binary:logistic', 'tree_method': 'gpu_hist', 'lambda': 0.005515545078614094, 'alpha': 0.03237077158638497, 'colsample_bytree': 0.7519905583332611, 'subsample': 0.7742271614398983, 'learning_rate': 0.018338685373539974, 'max_depth': 5, 'min_child_weight': 179, 'eval_metric': 'logloss'}. Best is trial 6 with value: 0.7968350027133968.
start listen on 10.110.42.38:9091
@tracker All of 4 nodes getting started
@tracker All nodes finishes job
@tracker 41.91122341156006 secs between node start and job finish
start listen on 10.110.42.38:9091
@tracker All of 4 nodes getting started
@tracker All nodes finishes job
@tracker 34.96718072891235 secs between node start and job finish
start listen on 10.110.42.38:9091
@tracker All of 4 nodes getting started
@tracker All nodes finishes job
@tracker 30.652014017105103 secs between node start and job finish
start listen on 10.110.42.38:9091
@tracker All of 4 nodes getting started
@tracker All nodes finishes job
@tracker 31.210773706436157 secs between node start and job finish
start listen on 10.110.42.38:9091
@tracker All of 4 nodes getting started
@tracker All nodes finishes job
@tracker 35.45728135108948 secs between node start and job finish
Trial 7 finished with value: 0.7682125916129874 and parameters: {'objective': 'binary:logistic', 'tree_method': 'gpu_hist', 'lambda': 3.32309441170089, 'alpha': 0.0024995227665933315, 'colsample_bytree': 0.8139951413971436, 'subsample': 0.6371023977110586, 'learning_rate': 0.002180949718611927, 'max_depth': 5, 'min_child_weight': 97, 'eval_metric': 'logloss'}. Best is trial 6 with value: 0.7968350027133968.
start listen on 10.110.42.38:9091
@tracker All of 4 nodes getting started
@tracker All nodes finishes job
@tracker 46.805713176727295 secs between node start and job finish
start listen on 10.110.42.38:9091
@tracker All of 4 nodes getting started
@tracker All nodes finishes job
@tracker 42.14308953285217 secs between node start and job finish
start listen on 10.110.42.38:9091
@tracker All of 4 nodes getting started
@tracker All nodes finishes job
@tracker 40.241422176361084 secs between node start and job finish
start listen on 10.110.42.38:9091
@tracker All of 4 nodes getting started
@tracker All nodes finishes job
@tracker 43.98010993003845 secs between node start and job finish
start listen on 10.110.42.38:9091
@tracker All of 4 nodes getting started
@tracker All nodes finishes job
@tracker 37.60836863517761 secs between node start and job finish
Trial 8 finished with value: 0.7898117226762387 and parameters: {'objective': 'binary:logistic', 'tree_method': 'gpu_hist', 'lambda': 0.02061922728702118, 'alpha': 3.2034737934935853, 'colsample_bytree': 0.4658902031594026, 'subsample': 0.6001759454989675, 'learning_rate': 0.007130188412157227, 'max_depth': 13, 'min_child_weight': 288, 'eval_metric': 'logloss'}. Best is trial 6 with value: 0.7968350027133968.
start listen on 10.110.42.38:9091
@tracker All of 4 nodes getting started
@tracker All nodes finishes job
@tracker 53.63967823982239 secs between node start and job finish
start listen on 10.110.42.38:9091
@tracker All of 4 nodes getting started
@tracker All nodes finishes job
@tracker 54.189414978027344 secs between node start and job finish
start listen on 10.110.42.38:9091
@tracker All of 4 nodes getting started
@tracker All nodes finishes job
@tracker 50.78990626335144 secs between node start and job finish
start listen on 10.110.42.38:9091
@tracker All of 4 nodes getting started
@tracker All nodes finishes job
@tracker 50.95185112953186 secs between node start and job finish
start listen on 10.110.42.38:9091
@tracker All of 4 nodes getting started
@tracker All nodes finishes job
@tracker 51.204463720321655 secs between node start and job finish
Trial 9 finished with value: 0.7793696048364246 and parameters: {'objective': 'binary:logistic', 'tree_method': 'gpu_hist', 'lambda': 0.0022023625737664925, 'alpha': 4.625549774297164, 'colsample_bytree': 0.38980079949122853, 'subsample': 0.9364338151253756, 'learning_rate': 0.0031808558846616614, 'max_depth': 13, 'min_child_weight': 184, 'eval_metric': 'logloss'}. Best is trial 6 with value: 0.7968350027133968.
start listen on 10.110.42.38:9091
@tracker All of 4 nodes getting started
@tracker All nodes finishes job
@tracker 128.5877149105072 secs between node start and job finish
start listen on 10.110.42.38:9091
@tracker All of 4 nodes getting started
@tracker All nodes finishes job
@tracker 129.90079498291016 secs between node start and job finish
start listen on 10.110.42.38:9091
@tracker All of 4 nodes getting started
@tracker All nodes finishes job
@tracker 125.05145359039307 secs between node start and job finish
start listen on 10.110.42.38:9091
@tracker All of 4 nodes getting started
@tracker All nodes finishes job
@tracker 130.82750630378723 secs between node start and job finish
start listen on 10.110.42.38:9091
@tracker All of 4 nodes getting started
@tracker All nodes finishes job
@tracker 124.80319619178772 secs between node start and job finish
Trial 10 finished with value: 0.7839540963249543 and parameters: {'objective': 'binary:logistic', 'tree_method': 'gpu_hist', 'lambda': 0.5484241271866579, 'alpha': 0.03190561508305207, 'colsample_bytree': 0.6091842108707968, 'subsample': 0.4380833617740059, 'learning_rate': 0.046506604312617474, 'max_depth': 15, 'min_child_weight': 6, 'eval_metric': 'logloss'}. Best is trial 6 with value: 0.7968350027133968.
start listen on 10.110.42.38:9091
@tracker All of 4 nodes getting started
@tracker All nodes finishes job
@tracker 25.354984521865845 secs between node start and job finish
start listen on 10.110.42.38:9091
@tracker All of 4 nodes getting started
@tracker All nodes finishes job
@tracker 33.3394091129303 secs between node start and job finish
start listen on 10.110.42.38:9091
@tracker All of 4 nodes getting started
@tracker All nodes finishes job
@tracker 32.53190994262695 secs between node start and job finish
start listen on 10.110.42.38:9091
@tracker All of 4 nodes getting started
@tracker All nodes finishes job
@tracker 25.517407655715942 secs between node start and job finish
start listen on 10.110.42.38:9091
@tracker All of 4 nodes getting started
@tracker All nodes finishes job
@tracker 27.796959400177002 secs between node start and job finish
Trial 11 finished with value: 0.797030783371647 and parameters: {'objective': 'binary:logistic', 'tree_method': 'gpu_hist', 'lambda': 6.650618674869285, 'alpha': 0.0012487990887623168, 'colsample_bytree': 0.663883014448945, 'subsample': 0.8378415209847181, 'learning_rate': 0.01862005291771326, 'max_depth': 5, 'min_child_weight': 107, 'eval_metric': 'logloss'}. Best is trial 11 with value: 0.797030783371647.
start listen on 10.110.42.38:9091
@tracker All of 4 nodes getting started
@tracker All nodes finishes job
@tracker 29.131492137908936 secs between node start and job finish
start listen on 10.110.42.38:9091
@tracker All of 4 nodes getting started
@tracker All nodes finishes job
@tracker 25.334009408950806 secs between node start and job finish
start listen on 10.110.42.38:9091
@tracker All of 4 nodes getting started
@tracker All nodes finishes job
@tracker 30.81895899772644 secs between node start and job finish
start listen on 10.110.42.38:9091
@tracker All of 4 nodes getting started
@tracker All nodes finishes job
@tracker 25.004809141159058 secs between node start and job finish
start listen on 10.110.42.38:9091
@tracker All of 4 nodes getting started
@tracker All nodes finishes job
@tracker 25.480552434921265 secs between node start and job finish
Trial 12 finished with value: 0.7991352302266221 and parameters: {'objective': 'binary:logistic', 'tree_method': 'gpu_hist', 'lambda': 0.683350470262435, 'alpha': 0.0013530348864245398, 'colsample_bytree': 0.6219267472807135, 'subsample': 0.8249858862573491, 'learning_rate': 0.029670877718410645, 'max_depth': 5, 'min_child_weight': 77, 'eval_metric': 'logloss'}. Best is trial 12 with value: 0.7991352302266221.
start listen on 10.110.42.38:9091
@tracker All of 4 nodes getting started
@tracker All nodes finishes job
@tracker 39.54422330856323 secs between node start and job finish
start listen on 10.110.42.38:9091
@tracker All of 4 nodes getting started
@tracker All nodes finishes job
@tracker 29.851043701171875 secs between node start and job finish
start listen on 10.110.42.38:9091
@tracker All of 4 nodes getting started
@tracker All nodes finishes job
@tracker 34.57717037200928 secs between node start and job finish
start listen on 10.110.42.38:9091
@tracker All of 4 nodes getting started
@tracker All nodes finishes job
@tracker 29.856098651885986 secs between node start and job finish
start listen on 10.110.42.38:9091
@tracker All of 4 nodes getting started
@tracker All nodes finishes job
@tracker 32.310768604278564 secs between node start and job finish
Trial 13 finished with value: 0.7996102754728791 and parameters: {'objective': 'binary:logistic', 'tree_method': 'gpu_hist', 'lambda': 0.683504896297199, 'alpha': 0.0010486841553159533, 'colsample_bytree': 0.5979845864157187, 'subsample': 0.891999564703595, 'learning_rate': 0.03649380350020914, 'max_depth': 7, 'min_child_weight': 57, 'eval_metric': 'logloss'}. Best is trial 13 with value: 0.7996102754728791.
start listen on 10.110.42.38:9091
@tracker All of 4 nodes getting started
@tracker All nodes finishes job
@tracker 34.369301557540894 secs between node start and job finish
start listen on 10.110.42.38:9091
@tracker All of 4 nodes getting started
@tracker All nodes finishes job
@tracker 31.967031478881836 secs between node start and job finish
start listen on 10.110.42.38:9091
@tracker All of 4 nodes getting started
@tracker All nodes finishes job
@tracker 31.651530265808105 secs between node start and job finish
start listen on 10.110.42.38:9091
@tracker All of 4 nodes getting started
@tracker All nodes finishes job
@tracker 33.99386167526245 secs between node start and job finish
start listen on 10.110.42.38:9091
@tracker All of 4 nodes getting started
@tracker All nodes finishes job
@tracker 32.20069479942322 secs between node start and job finish
Trial 14 finished with value: 0.7977674055939241 and parameters: {'objective': 'binary:logistic', 'tree_method': 'gpu_hist', 'lambda': 0.6781968727652942, 'alpha': 0.0010697913866255708, 'colsample_bytree': 0.558908551528684, 'subsample': 0.8921754011859343, 'learning_rate': 0.04159466669562401, 'max_depth': 7, 'min_child_weight': 28, 'eval_metric': 'logloss'}. Best is trial 13 with value: 0.7996102754728791.
start listen on 10.110.42.38:9091
@tracker All of 4 nodes getting started
@tracker All nodes finishes job
@tracker 31.396259307861328 secs between node start and job finish
start listen on 10.110.42.38:9091
@tracker All of 4 nodes getting started
@tracker All nodes finishes job
@tracker 43.02917981147766 secs between node start and job finish
start listen on 10.110.42.38:9091
@tracker All of 4 nodes getting started
@tracker All nodes finishes job
@tracker 32.341819286346436 secs between node start and job finish
start listen on 10.110.42.38:9091
@tracker All of 4 nodes getting started
@tracker All nodes finishes job
@tracker 37.229222774505615 secs between node start and job finish
start listen on 10.110.42.38:9091
@tracker All of 4 nodes getting started
@tracker All nodes finishes job
@tracker 35.55946111679077 secs between node start and job finish
Trial 15 finished with value: 0.7977713075957532 and parameters: {'objective': 'binary:logistic', 'tree_method': 'gpu_hist', 'lambda': 0.40692342808555043, 'alpha': 0.004471006292854315, 'colsample_bytree': 0.5373386851741833, 'subsample': 0.9775028783213812, 'learning_rate': 0.050415339563614915, 'max_depth': 7, 'min_child_weight': 56, 'eval_metric': 'logloss'}. Best is trial 13 with value: 0.7996102754728791.
start listen on 10.110.42.38:9091
@tracker All of 4 nodes getting started
@tracker All nodes finishes job
@tracker 41.10312509536743 secs between node start and job finish
start listen on 10.110.42.38:9091
@tracker All of 4 nodes getting started
@tracker All nodes finishes job
@tracker 38.67486000061035 secs between node start and job finish
start listen on 10.110.42.38:9091
@tracker All of 4 nodes getting started
@tracker All nodes finishes job
@tracker 33.307416677474976 secs between node start and job finish
start listen on 10.110.42.38:9091
@tracker All of 4 nodes getting started
@tracker All nodes finishes job
@tracker 37.420679330825806 secs between node start and job finish
start listen on 10.110.42.38:9091
@tracker All of 4 nodes getting started
@tracker All nodes finishes job
@tracker 33.53395390510559 secs between node start and job finish
Trial 16 finished with value: 0.7811650258430495 and parameters: {'objective': 'binary:logistic', 'tree_method': 'gpu_hist', 'lambda': 1.4907364841893562, 'alpha': 0.022047914203902046, 'colsample_bytree': 0.3154744068295348, 'subsample': 0.6495208582707316, 'learning_rate': 0.09456820588216742, 'max_depth': 9, 'min_child_weight': 50, 'eval_metric': 'logloss'}. Best is trial 13 with value: 0.7996102754728791.
start listen on 10.110.42.38:9091
@tracker All of 4 nodes getting started
@tracker All nodes finishes job
@tracker 71.86714100837708 secs between node start and job finish
start listen on 10.110.42.38:9091
@tracker All of 3 nodes getting started
@tracker All nodes finishes job
@tracker 63.90199875831604 secs between node start and job finish
start listen on 10.110.42.38:9091
@tracker All of 3 nodes getting started
@tracker All nodes finishes job
@tracker 64.70550394058228 secs between node start and job finish
start listen on 10.110.42.38:9091
@tracker All of 4 nodes getting started
@tracker All nodes finishes job
@tracker 65.06264805793762 secs between node start and job finish
start listen on 10.110.42.38:9091
@tracker All of 4 nodes getting started
@tracker All nodes finishes job
@tracker 66.51898694038391 secs between node start and job finish
Trial 17 finished with value: 0.7975486158356366 and parameters: {'objective': 'binary:logistic', 'tree_method': 'gpu_hist', 'lambda': 0.2423513495786201, 'alpha': 0.0026961881561254034, 'colsample_bytree': 0.6812137240400407, 'subsample': 0.5514444300523375, 'learning_rate': 0.03023166115625468, 'max_depth': 17, 'min_child_weight': 87, 'eval_metric': 'logloss'}. Best is trial 13 with value: 0.7996102754728791.
start listen on 10.110.42.38:9091
@tracker All of 4 nodes getting started
@tracker All nodes finishes job
@tracker 40.06329536437988 secs between node start and job finish
start listen on 10.110.42.38:9091
@tracker All of 4 nodes getting started
@tracker All nodes finishes job
@tracker 41.938538789749146 secs between node start and job finish
start listen on 10.110.42.38:9091
@tracker All of 3 nodes getting started
@tracker All nodes finishes job
@tracker 41.31360578536987 secs between node start and job finish
start listen on 10.110.42.38:9091
@tracker All of 4 nodes getting started
@tracker All nodes finishes job
@tracker 45.340407609939575 secs between node start and job finish
start listen on 10.110.42.38:9091
@tracker All of 4 nodes getting started
@tracker All nodes finishes job
@tracker 49.283313035964966 secs between node start and job finish
Trial 18 finished with value: 0.791833767511726 and parameters: {'objective': 'binary:logistic', 'tree_method': 'gpu_hist', 'lambda': 0.1599295424094297, 'alpha': 0.012936577286903582, 'colsample_bytree': 0.5704184937599612, 'subsample': 0.8981275329697262, 'learning_rate': 0.007348730804086102, 'max_depth': 7, 'min_child_weight': 125, 'eval_metric': 'logloss'}. Best is trial 13 with value: 0.7996102754728791.
start listen on 10.110.42.38:9091
@tracker All of 4 nodes getting started
@tracker All nodes finishes job
@tracker 23.992038249969482 secs between node start and job finish
start listen on 10.110.42.38:9091
@tracker All of 4 nodes getting started
@tracker All nodes finishes job
@tracker 25.67302942276001 secs between node start and job finish
start listen on 10.110.42.38:9091
@tracker All of 4 nodes getting started
@tracker All nodes finishes job
@tracker 25.598584413528442 secs between node start and job finish
start listen on 10.110.42.38:9091
@tracker All of 4 nodes getting started
@tracker All nodes finishes job
@tracker 24.254907846450806 secs between node start and job finish
start listen on 10.110.42.38:9091
@tracker All of 4 nodes getting started
@tracker All nodes finishes job
@tracker 23.51449203491211 secs between node start and job finish
