Trial 36 finished with value: 0.7977053875903817 and parameters: {'objective': 'binary:logistic', 'tree_method': 'gpu_hist', 'lambda': 0.0010588693490967585, 'alpha': 9.55981569997131, 'colsample_bytree': 0.8578393673698443, 'subsample': 0.6898700337724167, 'learning_rate': 0.03816278220499277, 'max_depth': 3, 'min_child_weight': 45, 'eval_metric': 'logloss'}. Best is trial 13 with value: 0.7996102754728791.
start listen on 10.110.42.38:9091
@tracker All of 4 nodes getting started
@tracker All nodes finishes job
@tracker 84.1934745311737 secs between node start and job finish
start listen on 10.110.42.38:9091
@tracker All of 4 nodes getting started
@tracker All nodes finishes job
@tracker 85.9643714427948 secs between node start and job finish
start listen on 10.110.42.38:9091
@tracker All of 4 nodes getting started
@tracker All nodes finishes job
@tracker 85.20949125289917 secs between node start and job finish
start listen on 10.110.42.38:9091
@tracker All of 4 nodes getting started
@tracker All nodes finishes job
@tracker 87.83564734458923 secs between node start and job finish
start listen on 10.110.42.38:9091
@tracker All of 4 nodes getting started
@tracker All nodes finishes job
@tracker 86.81557440757751 secs between node start and job finish
Trial 37 finished with value: 0.7977604931954756 and parameters: {'objective': 'binary:logistic', 'tree_method': 'gpu_hist', 'lambda': 0.009215961776337758, 'alpha': 0.5520724546120553, 'colsample_bytree': 0.8645896220592127, 'subsample': 0.6505768779085983, 'learning_rate': 0.022365428255728015, 'max_depth': 11, 'min_child_weight': 17, 'eval_metric': 'logloss'}. Best is trial 13 with value: 0.7996102754728791.
start listen on 10.110.42.38:9091
@tracker All of 4 nodes getting started
@tracker All nodes finishes job
@tracker 37.69864583015442 secs between node start and job finish
start listen on 10.110.42.38:9091
@tracker All of 4 nodes getting started
@tracker All nodes finishes job
@tracker 28.10776162147522 secs between node start and job finish
start listen on 10.110.42.38:9091
@tracker All of 4 nodes getting started
@tracker All nodes finishes job
@tracker 32.99301099777222 secs between node start and job finish
start listen on 10.110.42.38:9091
@tracker All of 4 nodes getting started
@tracker All nodes finishes job
@tracker 36.040149211883545 secs between node start and job finish
start listen on 10.110.42.38:9091
@tracker All of 4 nodes getting started
@tracker All nodes finishes job
@tracker 31.72957444190979 secs between node start and job finish
Trial 38 finished with value: 0.793516942020133 and parameters: {'objective': 'binary:logistic', 'tree_method': 'gpu_hist', 'lambda': 0.0036599906453570175, 'alpha': 0.12327823208573971, 'colsample_bytree': 0.9617828293534982, 'subsample': 0.5559293865370496, 'learning_rate': 0.07698976691455639, 'max_depth': 7, 'min_child_weight': 207, 'eval_metric': 'logloss'}. Best is trial 13 with value: 0.7996102754728791.
start listen on 10.110.42.38:9091
@tracker All of 4 nodes getting started
@tracker All nodes finishes job
@tracker 99.42672204971313 secs between node start and job finish
start listen on 10.110.42.38:9091
@tracker All of 4 nodes getting started
@tracker All nodes finishes job
@tracker 95.87431788444519 secs between node start and job finish
start listen on 10.110.42.38:9091
@tracker All of 4 nodes getting started
@tracker All nodes finishes job
@tracker 98.05066204071045 secs between node start and job finish
start listen on 10.110.42.38:9091
@tracker All of 4 nodes getting started
@tracker All nodes finishes job
@tracker 91.64460730552673 secs between node start and job finish
start listen on 10.110.42.38:9091
@tracker All of 4 nodes getting started
@tracker All nodes finishes job
@tracker 92.94090270996094 secs between node start and job finish
Trial 39 finished with value: 0.7982605871759654 and parameters: {'objective': 'binary:logistic', 'tree_method': 'gpu_hist', 'lambda': 0.05405403770540687, 'alpha': 0.3397636425520239, 'colsample_bytree': 0.8171715360291267, 'subsample': 0.7485988446636267, 'learning_rate': 0.00914822374023498, 'max_depth': 20, 'min_child_weight': 89, 'eval_metric': 'logloss'}. Best is trial 13 with value: 0.7996102754728791.
start listen on 10.110.42.38:9091
@tracker All of 4 nodes getting started
@tracker All nodes finishes job
@tracker 36.216654777526855 secs between node start and job finish
start listen on 10.110.42.38:9091
@tracker All of 4 nodes getting started
@tracker All nodes finishes job
@tracker 39.554293394088745 secs between node start and job finish
start listen on 10.110.42.38:9091
@tracker All of 4 nodes getting started
@tracker All nodes finishes job
@tracker 39.830376863479614 secs between node start and job finish
start listen on 10.110.42.38:9091
@tracker All of 4 nodes getting started
@tracker All nodes finishes job
@tracker 36.223681688308716 secs between node start and job finish
start listen on 10.110.42.38:9091
@tracker All of 4 nodes getting started
@tracker All nodes finishes job
@tracker 40.33996224403381 secs between node start and job finish
Trial 40 finished with value: 0.798410010633215 and parameters: {'objective': 'binary:logistic', 'tree_method': 'gpu_hist', 'lambda': 0.032193225961733504, 'alpha': 0.04306578726050139, 'colsample_bytree': 0.9000854870602927, 'subsample': 0.6127853957467082, 'learning_rate': 0.01571292421711794, 'max_depth': 7, 'min_child_weight': 133, 'eval_metric': 'logloss'}. Best is trial 13 with value: 0.7996102754728791.
start listen on 10.110.42.38:9091
@tracker All of 4 nodes getting started
@tracker All nodes finishes job
@tracker 43.11746954917908 secs between node start and job finish
start listen on 10.110.42.38:9091
@tracker All of 4 nodes getting started
@tracker All nodes finishes job
@tracker 39.537652254104614 secs between node start and job finish
start listen on 10.110.42.38:9091
@tracker All of 4 nodes getting started
@tracker All nodes finishes job
@tracker 40.830193281173706 secs between node start and job finish
start listen on 10.110.42.38:9091
@tracker All of 4 nodes getting started
@tracker All nodes finishes job
@tracker 47.08724880218506 secs between node start and job finish
start listen on 10.110.42.38:9091
@tracker All of 4 nodes getting started
@tracker All nodes finishes job
@tracker 42.886634826660156 secs between node start and job finish
Trial 41 finished with value: 0.7992811262360291 and parameters: {'objective': 'binary:logistic', 'tree_method': 'gpu_hist', 'lambda': 0.012404288090789634, 'alpha': 0.21920039680675016, 'colsample_bytree': 0.9545349349015068, 'subsample': 0.6821469801110139, 'learning_rate': 0.01951550427148435, 'max_depth': 7, 'min_child_weight': 21, 'eval_metric': 'logloss'}. Best is trial 13 with value: 0.7996102754728791.
start listen on 10.110.42.38:9091
@tracker All of 4 nodes getting started
@tracker All nodes finishes job
@tracker 44.09375619888306 secs between node start and job finish
start listen on 10.110.42.38:9091
@tracker All of 4 nodes getting started
@tracker All nodes finishes job
@tracker 41.85265827178955 secs between node start and job finish
start listen on 10.110.42.38:9091
@tracker All of 4 nodes getting started
@tracker All nodes finishes job
@tracker 43.98824191093445 secs between node start and job finish
start listen on 10.110.42.38:9091
@tracker All of 4 nodes getting started
@tracker All nodes finishes job
@tracker 44.88111138343811 secs between node start and job finish
start listen on 10.110.42.38:9091
@tracker All of 4 nodes getting started
@tracker All nodes finishes job
@tracker 53.54698610305786 secs between node start and job finish
Trial 42 finished with value: 0.7994967180000849 and parameters: {'objective': 'binary:logistic', 'tree_method': 'gpu_hist', 'lambda': 0.011012561615494241, 'alpha': 0.8408131733284956, 'colsample_bytree': 0.9604907140244284, 'subsample': 0.7045171458776616, 'learning_rate': 0.022234514657646833, 'max_depth': 7, 'min_child_weight': 17, 'eval_metric': 'logloss'}. Best is trial 13 with value: 0.7996102754728791.
start listen on 10.110.42.38:9091
@tracker All of 4 nodes getting started
@tracker All nodes finishes job
@tracker 46.26771903038025 secs between node start and job finish
start listen on 10.110.42.38:9091
@tracker All of 4 nodes getting started
@tracker All nodes finishes job
@tracker 47.844887256622314 secs between node start and job finish
start listen on 10.110.42.38:9091
@tracker All of 4 nodes getting started
@tracker All nodes finishes job
@tracker 40.08868479728699 secs between node start and job finish
start listen on 10.110.42.38:9091
@tracker All of 4 nodes getting started
@tracker All nodes finishes job
@tracker 44.762460231781006 secs between node start and job finish
start listen on 10.110.42.38:9091
@tracker All of 4 nodes getting started
@tracker All nodes finishes job
@tracker 51.91063141822815 secs between node start and job finish
Trial 43 finished with value: 0.7983142760022848 and parameters: {'objective': 'binary:logistic', 'tree_method': 'gpu_hist', 'lambda': 0.005823388252428817, 'alpha': 0.9678953979879835, 'colsample_bytree': 0.9998682786585098, 'subsample': 0.7214063424755062, 'learning_rate': 0.014067235362980381, 'max_depth': 7, 'min_child_weight': 43, 'eval_metric': 'logloss'}. Best is trial 13 with value: 0.7996102754728791.
start listen on 10.110.42.38:9091
@tracker All of 4 nodes getting started
@tracker All nodes finishes job
@tracker 125.44137573242188 secs between node start and job finish
start listen on 10.110.42.38:9091
@tracker All of 4 nodes getting started
@tracker All nodes finishes job
@tracker 126.27613520622253 secs between node start and job finish
start listen on 10.110.42.38:9091
@tracker All of 4 nodes getting started
@tracker All nodes finishes job
@tracker 124.84940385818481 secs between node start and job finish
start listen on 10.110.42.38:9091
@tracker All of 4 nodes getting started
@tracker All nodes finishes job
@tracker 121.1107861995697 secs between node start and job finish
start listen on 10.110.42.38:9091
@tracker All of 4 nodes getting started
@tracker All nodes finishes job
@tracker 129.3936219215393 secs between node start and job finish
Trial 44 finished with value: 0.7958990281396346 and parameters: {'objective': 'binary:logistic', 'tree_method': 'gpu_hist', 'lambda': 0.004206175080866224, 'alpha': 1.1949468913591939, 'colsample_bytree': 0.8125069709018026, 'subsample': 0.7730717501258828, 'learning_rate': 0.023136247899037406, 'max_depth': 13, 'min_child_weight': 14, 'eval_metric': 'logloss'}. Best is trial 13 with value: 0.7996102754728791.
start listen on 10.110.42.38:9091
@tracker All of 4 nodes getting started
@tracker All nodes finishes job
@tracker 74.22577404975891 secs between node start and job finish
start listen on 10.110.42.38:9091
@tracker All of 4 nodes getting started
@tracker All nodes finishes job
@tracker 71.89907479286194 secs between node start and job finish
start listen on 10.110.42.38:9091
@tracker All of 4 nodes getting started
@tracker All nodes finishes job
@tracker 70.10174798965454 secs between node start and job finish
start listen on 10.110.42.38:9091
@tracker All of 4 nodes getting started
@tracker All nodes finishes job
@tracker 83.15263891220093 secs between node start and job finish
start listen on 10.110.42.38:9091
@tracker All of 4 nodes getting started
@tracker All nodes finishes job
@tracker 76.37457084655762 secs between node start and job finish
Trial 45 finished with value: 0.7999090627522847 and parameters: {'objective': 'binary:logistic', 'tree_method': 'gpu_hist', 'lambda': 0.035622435857663816, 'alpha': 2.924899207067382, 'colsample_bytree': 0.8370704537733035, 'subsample': 0.6674374157064131, 'learning_rate': 0.015436139253177402, 'max_depth': 15, 'min_child_weight': 68, 'eval_metric': 'logloss'}. Best is trial 45 with value: 0.7999090627522847.
start listen on 10.110.42.38:9091
@tracker All of 4 nodes getting started
@tracker All nodes finishes job
@tracker 89.29127240180969 secs between node start and job finish
start listen on 10.110.42.38:9091
@tracker All of 4 nodes getting started
@tracker All nodes finishes job
@tracker 90.71613502502441 secs between node start and job finish
start listen on 10.110.42.38:9091
@tracker All of 4 nodes getting started
@tracker All nodes finishes job
@tracker 107.38264298439026 secs between node start and job finish
start listen on 10.110.42.38:9091
@tracker All of 4 nodes getting started
@tracker All nodes finishes job
@tracker 89.86950922012329 secs between node start and job finish
start listen on 10.110.42.38:9091
@tracker All of 4 nodes getting started
@tracker All nodes finishes job
@tracker 96.68297123908997 secs between node start and job finish
Trial 46 finished with value: 0.7906991715260541 and parameters: {'objective': 'binary:logistic', 'tree_method': 'gpu_hist', 'lambda': 0.03839524090632875, 'alpha': 2.3914021667278877, 'colsample_bytree': 0.8902881993376573, 'subsample': 0.6243127341808128, 'learning_rate': 0.00499511775932267, 'max_depth': 15, 'min_child_weight': 62, 'eval_metric': 'logloss'}. Best is trial 45 with value: 0.7999090627522847.
start listen on 10.110.42.38:9091
@tracker All of 4 nodes getting started
@tracker All nodes finishes job
@tracker 75.96127653121948 secs between node start and job finish
start listen on 10.110.42.38:9091
@tracker All of 4 nodes getting started
@tracker All nodes finishes job
@tracker 73.79609394073486 secs between node start and job finish
start listen on 10.110.42.38:9091
@tracker All of 4 nodes getting started
@tracker All nodes finishes job
@tracker 73.75610685348511 secs between node start and job finish
start listen on 10.110.42.38:9091
@tracker All of 4 nodes getting started
@tracker All nodes finishes job
@tracker 75.39200353622437 secs between node start and job finish
start listen on 10.110.42.38:9091
@tracker All of 4 nodes getting started
@tracker All nodes finishes job
@tracker 74.68891906738281 secs between node start and job finish
Trial 47 finished with value: 0.7943996063827334 and parameters: {'objective': 'binary:logistic', 'tree_method': 'gpu_hist', 'lambda': 0.07651848579712202, 'alpha': 4.950230290320453, 'colsample_bytree': 0.8379657381705446, 'subsample': 0.5875340333110235, 'learning_rate': 0.03801365628227486, 'max_depth': 15, 'min_child_weight': 64, 'eval_metric': 'logloss'}. Best is trial 45 with value: 0.7999090627522847.
start listen on 10.110.42.38:9091
@tracker All of 4 nodes getting started
@tracker All nodes finishes job
@tracker 54.522767543792725 secs between node start and job finish
start listen on 10.110.42.38:9091
@tracker All of 4 nodes getting started
@tracker All nodes finishes job
@tracker 57.97956466674805 secs between node start and job finish
start listen on 10.110.42.38:9091
@tracker All of 4 nodes getting started
@tracker All nodes finishes job
@tracker 60.76210880279541 secs between node start and job finish
start listen on 10.110.42.38:9091
@tracker All of 4 nodes getting started
@tracker All nodes finishes job
@tracker 50.472678661346436 secs between node start and job finish
start listen on 10.110.42.38:9091
@tracker All of 4 nodes getting started
@tracker All nodes finishes job
@tracker 52.630717515945435 secs between node start and job finish
Trial 48 finished with value: 0.7996564827667868 and parameters: {'objective': 'binary:logistic', 'tree_method': 'gpu_hist', 'lambda': 0.02282428707366185, 'alpha': 3.1059813325462415, 'colsample_bytree': 0.7745908558523437, 'subsample': 0.49838988592494715, 'learning_rate': 0.016397870033241065, 'max_depth': 15, 'min_child_weight': 107, 'eval_metric': 'logloss'}. Best is trial 45 with value: 0.7999090627522847.
start listen on 10.110.42.38:9091
@tracker All of 4 nodes getting started
@tracker All nodes finishes job
@tracker 43.005303621292114 secs between node start and job finish
start listen on 10.110.42.38:9091
@tracker All of 4 nodes getting started
@tracker All nodes finishes job
@tracker 42.718966007232666 secs between node start and job finish
start listen on 10.110.42.38:9091
@tracker All of 4 nodes getting started
@tracker All nodes finishes job
@tracker 45.326449155807495 secs between node start and job finish
start listen on 10.110.42.38:9091
@tracker All of 4 nodes getting started
@tracker All nodes finishes job
@tracker 49.475457429885864 secs between node start and job finish
start listen on 10.110.42.38:9091
@tracker All of 4 nodes getting started
@tracker All nodes finishes job
@tracker 44.46151041984558 secs between node start and job finish
Trial 49 finished with value: 0.7980549561112429 and parameters: {'objective': 'binary:logistic', 'tree_method': 'gpu_hist', 'lambda': 0.021969146922491512, 'alpha': 8.669681301324609, 'colsample_bytree': 0.7886082661446147, 'subsample': 0.4727637379719899, 'learning_rate': 0.015637269044633147, 'max_depth': 15, 'min_child_weight': 148, 'eval_metric': 'logloss'}. Best is trial 45 with value: 0.7999090627522847.
start listen on 10.110.42.38:9091
@tracker All of 4 nodes getting started
@tracker All nodes finishes job
@tracker 60.60408592224121 secs between node start and job finish
start listen on 10.110.42.38:9091
@tracker All of 4 nodes getting started
@tracker All nodes finishes job
@tracker 50.640461921691895 secs between node start and job finish
start listen on 10.110.42.38:9091
@tracker All of 4 nodes getting started
@tracker All nodes finishes job
@tracker 57.1107063293457 secs between node start and job finish
start listen on 10.110.42.38:9091
@tracker All of 4 nodes getting started
@tracker All nodes finishes job
@tracker 57.87613558769226 secs between node start and job finish
start listen on 10.110.42.38:9091
@tracker All of 4 nodes getting started
@tracker All nodes finishes job
@tracker 51.695082664489746 secs between node start and job finish
Trial 50 finished with value: 0.7963931036068408 and parameters: {'objective': 'binary:logistic', 'tree_method': 'gpu_hist', 'lambda': 0.06426730875380805, 'alpha': 3.8087685000268388, 'colsample_bytree': 0.7358351791863752, 'subsample': 0.40173900545007746, 'learning_rate': 0.010035447278286497, 'max_depth': 15, 'min_child_weight': 102, 'eval_metric': 'logloss'}. Best is trial 45 with value: 0.7999090627522847.
start listen on 10.110.42.38:9091
@tracker All of 4 nodes getting started
@tracker All nodes finishes job
@tracker 73.51416420936584 secs between node start and job finish
start listen on 10.110.42.38:9091
@tracker All of 4 nodes getting started
@tracker All nodes finishes job
@tracker 76.74733471870422 secs between node start and job finish
start listen on 10.110.42.38:9091
@tracker All of 4 nodes getting started
@tracker All nodes finishes job
@tracker 78.93846678733826 secs between node start and job finish
start listen on 10.110.42.38:9091
@tracker All of 4 nodes getting started
@tracker All nodes finishes job
@tracker 79.10684847831726 secs between node start and job finish
start listen on 10.110.42.38:9091
@tracker All of 4 nodes getting started
@tracker All nodes finishes job
@tracker 72.05236101150513 secs between node start and job finish
Trial 51 finished with value: 0.7999343121938753 and parameters: {'objective': 'binary:logistic', 'tree_method': 'gpu_hist', 'lambda': 0.009655743803651372, 'alpha': 2.13884938466782, 'colsample_bytree': 0.7826624560914341, 'subsample': 0.8076154591288662, 'learning_rate': 0.017571455318688978, 'max_depth': 15, 'min_child_weight': 86, 'eval_metric': 'logloss'}. Best is trial 51 with value: 0.7999343121938753.
start listen on 10.110.42.38:9091
@tracker All of 4 nodes getting started
@tracker All nodes finishes job
@tracker 66.25070691108704 secs between node start and job finish
start listen on 10.110.42.38:9091
@tracker All of 4 nodes getting started
@tracker All nodes finishes job
@tracker 71.27587866783142 secs between node start and job finish
start listen on 10.110.42.38:9091
@tracker All of 4 nodes getting started
@tracker All nodes finishes job
@tracker 74.16637182235718 secs between node start and job finish
start listen on 10.110.42.38:9091
@tracker All of 4 nodes getting started
@tracker All nodes finishes job
@tracker 69.29341149330139 secs between node start and job finish
start listen on 10.110.42.38:9091
@tracker All of 4 nodes getting started
@tracker All nodes finishes job
@tracker 72.86008548736572 secs between node start and job finish
Trial 52 finished with value: 0.8000132656377411 and parameters: {'objective': 'binary:logistic', 'tree_method': 'gpu_hist', 'lambda': 0.02378254524046282, 'alpha': 2.339698863586657, 'colsample_bytree': 0.7738274397639595, 'subsample': 0.7980652678080731, 'learning_rate': 0.016751418451266854, 'max_depth': 15, 'min_child_weight': 86, 'eval_metric': 'logloss'}. Best is trial 52 with value: 0.8000132656377411.
start listen on 10.110.42.38:9091
@tracker All of 4 nodes getting started
@tracker All nodes finishes job
@tracker 64.97196626663208 secs between node start and job finish
start listen on 10.110.42.38:9091
@tracker All of 4 nodes getting started
@tracker All nodes finishes job
@tracker 66.55006790161133 secs between node start and job finish
start listen on 10.110.42.38:9091
@tracker All of 4 nodes getting started
@tracker All nodes finishes job
@tracker 73.65947818756104 secs between node start and job finish
start listen on 10.110.42.38:9091
@tracker All of 4 nodes getting started
@tracker All nodes finishes job
@tracker 62.42661094665527 secs between node start and job finish
start listen on 10.110.42.38:9091
@tracker All of 4 nodes getting started
@tracker All nodes finishes job
@tracker 65.96751260757446 secs between node start and job finish
