Trial 189 finished with value: 0.8005332274379369 and parameters: {'objective': 'binary:logistic', 'tree_method': 'gpu_hist', 'lambda': 0.736005562807782, 'alpha': 0.1189221361239095, 'colsample_bytree': 0.5745414874075031, 'subsample': 0.8109876848570808, 'learning_rate': 0.017087134815128326, 'max_depth': 15, 'min_child_weight': 112, 'eval_metric': 'logloss'}. Best is trial 164 with value: 0.8006731251686677.
start listen on 10.110.42.38:9091
@tracker All of 4 nodes getting started
@tracker All nodes finishes job
@tracker 71.38618993759155 secs between node start and job finish
start listen on 10.110.42.38:9091
@tracker All of 4 nodes getting started
@tracker All nodes finishes job
@tracker 58.70890974998474 secs between node start and job finish
start listen on 10.110.42.38:9091
@tracker All of 4 nodes getting started
@tracker All nodes finishes job
@tracker 61.78174710273743 secs between node start and job finish
start listen on 10.110.42.38:9091
@tracker All of 4 nodes getting started
@tracker All nodes finishes job
@tracker 70.05783438682556 secs between node start and job finish
start listen on 10.110.42.38:9091
@tracker All of 4 nodes getting started
@tracker All nodes finishes job
@tracker 64.53757429122925 secs between node start and job finish
Trial 190 finished with value: 0.8003378165600157 and parameters: {'objective': 'binary:logistic', 'tree_method': 'gpu_hist', 'lambda': 0.7208927063359785, 'alpha': 0.09037876561573621, 'colsample_bytree': 0.5719964873730942, 'subsample': 0.814814338150451, 'learning_rate': 0.016616196024586395, 'max_depth': 15, 'min_child_weight': 108, 'eval_metric': 'logloss'}. Best is trial 164 with value: 0.8006731251686677.
start listen on 10.110.42.38:9091
@tracker All of 4 nodes getting started
@tracker All nodes finishes job
@tracker 61.62187600135803 secs between node start and job finish
start listen on 10.110.42.38:9091
@tracker All of 4 nodes getting started
@tracker All nodes finishes job
@tracker 63.79304575920105 secs between node start and job finish
start listen on 10.110.42.38:9091
@tracker All of 4 nodes getting started
@tracker All nodes finishes job
@tracker 61.957300662994385 secs between node start and job finish
start listen on 10.110.42.38:9091
@tracker All of 4 nodes getting started
@tracker All nodes finishes job
@tracker 63.62441086769104 secs between node start and job finish
start listen on 10.110.42.38:9091
@tracker All of 4 nodes getting started
@tracker All nodes finishes job
@tracker 67.47068881988525 secs between node start and job finish
Trial 191 finished with value: 0.8001537456834292 and parameters: {'objective': 'binary:logistic', 'tree_method': 'gpu_hist', 'lambda': 0.6588252331297249, 'alpha': 0.10484720086789313, 'colsample_bytree': 0.5778207460961223, 'subsample': 0.8154989126617116, 'learning_rate': 0.016421713665518787, 'max_depth': 15, 'min_child_weight': 108, 'eval_metric': 'logloss'}. Best is trial 164 with value: 0.8006731251686677.
start listen on 10.110.42.38:9091
@tracker All of 4 nodes getting started
@tracker All nodes finishes job
@tracker 68.6232979297638 secs between node start and job finish
start listen on 10.110.42.38:9091
@tracker All of 4 nodes getting started
@tracker All nodes finishes job
@tracker 69.79396176338196 secs between node start and job finish
start listen on 10.110.42.38:9091
@tracker All of 4 nodes getting started
@tracker All nodes finishes job
@tracker 64.23871302604675 secs between node start and job finish
start listen on 10.110.42.38:9091
@tracker All of 4 nodes getting started
@tracker All nodes finishes job
@tracker 71.41172480583191 secs between node start and job finish
start listen on 10.110.42.38:9091
@tracker All of 4 nodes getting started
@tracker All nodes finishes job
@tracker 69.47277784347534 secs between node start and job finish
Trial 192 finished with value: 0.8005946630552737 and parameters: {'objective': 'binary:logistic', 'tree_method': 'gpu_hist', 'lambda': 0.7131933299055504, 'alpha': 0.08084621522906202, 'colsample_bytree': 0.6040613569387225, 'subsample': 0.8352131316810573, 'learning_rate': 0.017802143171286457, 'max_depth': 15, 'min_child_weight': 105, 'eval_metric': 'logloss'}. Best is trial 164 with value: 0.8006731251686677.
start listen on 10.110.42.38:9091
@tracker All of 4 nodes getting started
@tracker All nodes finishes job
@tracker 62.23797965049744 secs between node start and job finish
start listen on 10.110.42.38:9091
@tracker All of 4 nodes getting started
@tracker All nodes finishes job
@tracker 66.4661135673523 secs between node start and job finish
start listen on 10.110.42.38:9091
@tracker All of 4 nodes getting started
@tracker All nodes finishes job
@tracker 71.32983493804932 secs between node start and job finish
start listen on 10.110.42.38:9091
@tracker All of 4 nodes getting started
@tracker All nodes finishes job
@tracker 66.23349809646606 secs between node start and job finish
start listen on 10.110.42.38:9091
@tracker All of 4 nodes getting started
@tracker All nodes finishes job
@tracker 64.95381045341492 secs between node start and job finish
Trial 193 finished with value: 0.800498787209582 and parameters: {'objective': 'binary:logistic', 'tree_method': 'gpu_hist', 'lambda': 1.140091178370902, 'alpha': 0.09310321153622456, 'colsample_bytree': 0.6037701574573111, 'subsample': 0.834307615869684, 'learning_rate': 0.015247282967718588, 'max_depth': 15, 'min_child_weight': 106, 'eval_metric': 'logloss'}. Best is trial 164 with value: 0.8006731251686677.
start listen on 10.110.42.38:9091
@tracker All of 4 nodes getting started
@tracker All nodes finishes job
@tracker 63.22793388366699 secs between node start and job finish
start listen on 10.110.42.38:9091
@tracker All of 4 nodes getting started
@tracker All nodes finishes job
@tracker 64.90914368629456 secs between node start and job finish
start listen on 10.110.42.38:9091
@tracker All of 4 nodes getting started
@tracker All nodes finishes job
@tracker 65.22167253494263 secs between node start and job finish
start listen on 10.110.42.38:9091
@tracker All of 4 nodes getting started
@tracker All nodes finishes job
@tracker 69.37506341934204 secs between node start and job finish
start listen on 10.110.42.38:9091
@tracker All of 4 nodes getting started
@tracker All nodes finishes job
@tracker 63.0698606967926 secs between node start and job finish
Trial 194 finished with value: 0.8000730844814318 and parameters: {'objective': 'binary:logistic', 'tree_method': 'gpu_hist', 'lambda': 0.7804045709896824, 'alpha': 0.07891282878267147, 'colsample_bytree': 0.602980456539059, 'subsample': 0.8371603021244874, 'learning_rate': 0.015223225591931781, 'max_depth': 15, 'min_child_weight': 107, 'eval_metric': 'logloss'}. Best is trial 164 with value: 0.8006731251686677.
start listen on 10.110.42.38:9091
@tracker All of 4 nodes getting started
@tracker All nodes finishes job
@tracker 62.3508095741272 secs between node start and job finish
start listen on 10.110.42.38:9091
@tracker All of 4 nodes getting started
@tracker All nodes finishes job
@tracker 65.40265703201294 secs between node start and job finish
start listen on 10.110.42.38:9091
@tracker All of 4 nodes getting started
@tracker All nodes finishes job
@tracker 64.87462615966797 secs between node start and job finish
start listen on 10.110.42.38:9091
@tracker All of 4 nodes getting started
@tracker All nodes finishes job
@tracker 65.13958263397217 secs between node start and job finish
start listen on 10.110.42.38:9091
@tracker All of 4 nodes getting started
@tracker All nodes finishes job
@tracker 73.85843968391418 secs between node start and job finish
Trial 195 finished with value: 0.7997134417621881 and parameters: {'objective': 'binary:logistic', 'tree_method': 'gpu_hist', 'lambda': 1.1469209444963269, 'alpha': 0.052084163773453776, 'colsample_bytree': 0.5683754744387647, 'subsample': 0.8482168198550769, 'learning_rate': 0.013927692249830152, 'max_depth': 15, 'min_child_weight': 102, 'eval_metric': 'logloss'}. Best is trial 164 with value: 0.8006731251686677.
start listen on 10.110.42.38:9091
@tracker All of 4 nodes getting started
@tracker All nodes finishes job
@tracker 68.66185522079468 secs between node start and job finish
start listen on 10.110.42.38:9091
@tracker All of 4 nodes getting started
@tracker All nodes finishes job
@tracker 61.87685227394104 secs between node start and job finish
start listen on 10.110.42.38:9091
@tracker All of 4 nodes getting started
@tracker All nodes finishes job
@tracker 70.14617896080017 secs between node start and job finish
start listen on 10.110.42.38:9091
@tracker All of 4 nodes getting started
@tracker All nodes finishes job
@tracker 66.48940229415894 secs between node start and job finish
start listen on 10.110.42.38:9091
@tracker All of 4 nodes getting started
@tracker All nodes finishes job
@tracker 61.39386200904846 secs between node start and job finish
Trial 196 finished with value: 0.8004221098028274 and parameters: {'objective': 'binary:logistic', 'tree_method': 'gpu_hist', 'lambda': 0.5743020222130608, 'alpha': 0.0921560984236021, 'colsample_bytree': 0.6327680949659208, 'subsample': 0.8274085107660134, 'learning_rate': 0.016846193157868762, 'max_depth': 15, 'min_child_weight': 111, 'eval_metric': 'logloss'}. Best is trial 164 with value: 0.8006731251686677.
start listen on 10.110.42.38:9091
@tracker All of 4 nodes getting started
@tracker All nodes finishes job
@tracker 67.78313517570496 secs between node start and job finish
start listen on 10.110.42.38:9091
@tracker All of 4 nodes getting started
@tracker All nodes finishes job
@tracker 66.54652237892151 secs between node start and job finish
start listen on 10.110.42.38:9091
@tracker All of 4 nodes getting started
@tracker All nodes finishes job
@tracker 69.90353107452393 secs between node start and job finish
start listen on 10.110.42.38:9091
@tracker All of 4 nodes getting started
@tracker All nodes finishes job
@tracker 63.680222034454346 secs between node start and job finish
start listen on 10.110.42.38:9091
@tracker All of 4 nodes getting started
@tracker All nodes finishes job
@tracker 66.31793069839478 secs between node start and job finish
Trial 197 finished with value: 0.7994956244762914 and parameters: {'objective': 'binary:logistic', 'tree_method': 'gpu_hist', 'lambda': 0.5844026908574915, 'alpha': 0.09193988025744407, 'colsample_bytree': 0.6361589820227055, 'subsample': 0.8262097399770586, 'learning_rate': 0.011979621779257606, 'max_depth': 15, 'min_child_weight': 111, 'eval_metric': 'logloss'}. Best is trial 164 with value: 0.8006731251686677.
start listen on 10.110.42.38:9091
@tracker All of 4 nodes getting started
@tracker All nodes finishes job
@tracker 61.937862396240234 secs between node start and job finish
start listen on 10.110.42.38:9091
@tracker All of 4 nodes getting started
@tracker All nodes finishes job
@tracker 59.234394788742065 secs between node start and job finish
start listen on 10.110.42.38:9091
@tracker All of 4 nodes getting started
@tracker All nodes finishes job
@tracker 65.01448488235474 secs between node start and job finish
start listen on 10.110.42.38:9091
@tracker All of 4 nodes getting started
@tracker All nodes finishes job
@tracker 63.292696952819824 secs between node start and job finish
start listen on 10.110.42.38:9091
@tracker All of 4 nodes getting started
@tracker All nodes finishes job
@tracker 61.725127935409546 secs between node start and job finish
Trial 198 finished with value: 0.8001441387334856 and parameters: {'objective': 'binary:logistic', 'tree_method': 'gpu_hist', 'lambda': 1.1356248973335332, 'alpha': 0.11353308407377144, 'colsample_bytree': 0.6157428949190118, 'subsample': 0.8345279333310162, 'learning_rate': 0.016101106627542043, 'max_depth': 15, 'min_child_weight': 114, 'eval_metric': 'logloss'}. Best is trial 164 with value: 0.8006731251686677.
start listen on 10.110.42.38:9091
@tracker All of 4 nodes getting started
@tracker All nodes finishes job
@tracker 68.48187136650085 secs between node start and job finish
start listen on 10.110.42.38:9091
@tracker All of 4 nodes getting started
@tracker All nodes finishes job
@tracker 65.95409512519836 secs between node start and job finish
start listen on 10.110.42.38:9091
@tracker All of 4 nodes getting started
@tracker All nodes finishes job
@tracker 59.663121700286865 secs between node start and job finish
start listen on 10.110.42.38:9091
@tracker All of 4 nodes getting started
@tracker All nodes finishes job
@tracker 62.917222023010254 secs between node start and job finish
start listen on 10.110.42.38:9091
@tracker All of 4 nodes getting started
@tracker All nodes finishes job
@tracker 64.66105699539185 secs between node start and job finish
Trial 199 finished with value: 0.8003654657263188 and parameters: {'objective': 'binary:logistic', 'tree_method': 'gpu_hist', 'lambda': 0.42254235679632046, 'alpha': 0.058165843732073765, 'colsample_bytree': 0.6034517317480773, 'subsample': 0.8199697041726871, 'learning_rate': 0.017229298248842003, 'max_depth': 15, 'min_child_weight': 119, 'eval_metric': 'logloss'}. Best is trial 164 with value: 0.8006731251686677.
start listen on 10.110.42.38:9091
@tracker All of 3 nodes getting started
@tracker All nodes finishes job
@tracker 73.25454878807068 secs between node start and job finish
start listen on 10.110.42.38:9091
@tracker All of 4 nodes getting started
@tracker All nodes finishes job
@tracker 68.58554100990295 secs between node start and job finish
start listen on 10.110.42.38:9091
@tracker All of 3 nodes getting started
@tracker All nodes finishes job
@tracker 75.69956398010254 secs between node start and job finish
start listen on 10.110.42.38:9091
@tracker All of 4 nodes getting started
@tracker All nodes finishes job
@tracker 70.0220639705658 secs between node start and job finish
start listen on 10.110.42.38:9091
@tracker All of 4 nodes getting started
@tracker All nodes finishes job
@tracker 66.83081221580505 secs between node start and job finish
Trial 200 finished with value: 0.799923025700253 and parameters: {'objective': 'binary:logistic', 'tree_method': 'gpu_hist', 'lambda': 0.46318653435850143, 'alpha': 0.0859956874032565, 'colsample_bytree': 0.6327707541510337, 'subsample': 0.8185417064402433, 'learning_rate': 0.013387197103751254, 'max_depth': 15, 'min_child_weight': 102, 'eval_metric': 'logloss'}. Best is trial 164 with value: 0.8006731251686677.
start listen on 10.110.42.38:9091
@tracker All of 4 nodes getting started
@tracker All nodes finishes job
@tracker 61.41622471809387 secs between node start and job finish
start listen on 10.110.42.38:9091
@tracker All of 4 nodes getting started
@tracker All nodes finishes job
@tracker 63.434778928756714 secs between node start and job finish
start listen on 10.110.42.38:9091
@tracker All of 4 nodes getting started
@tracker All nodes finishes job
@tracker 58.08637094497681 secs between node start and job finish
start listen on 10.110.42.38:9091
@tracker All of 4 nodes getting started
@tracker All nodes finishes job
@tracker 57.19722080230713 secs between node start and job finish
start listen on 10.110.42.38:9091
@tracker All of 4 nodes getting started
@tracker All nodes finishes job
@tracker 60.978848934173584 secs between node start and job finish
Trial 201 finished with value: 0.8003373322831572 and parameters: {'objective': 'binary:logistic', 'tree_method': 'gpu_hist', 'lambda': 0.6289032886236893, 'alpha': 0.0679010271824594, 'colsample_bytree': 0.605418220381142, 'subsample': 0.8112281020979726, 'learning_rate': 0.016791564530872476, 'max_depth': 15, 'min_child_weight': 117, 'eval_metric': 'logloss'}. Best is trial 164 with value: 0.8006731251686677.
start listen on 10.110.42.38:9091
@tracker All of 3 nodes getting started
@tracker All nodes finishes job
@tracker 68.27868938446045 secs between node start and job finish
start listen on 10.110.42.38:9091
@tracker All of 4 nodes getting started
@tracker All nodes finishes job
@tracker 58.80917239189148 secs between node start and job finish
start listen on 10.110.42.38:9091
@tracker All of 4 nodes getting started
@tracker All nodes finishes job
@tracker 67.05517029762268 secs between node start and job finish
start listen on 10.110.42.38:9091
@tracker All of 4 nodes getting started
@tracker All nodes finishes job
@tracker 67.9931468963623 secs between node start and job finish
start listen on 10.110.42.38:9091
@tracker All of 4 nodes getting started
@tracker All nodes finishes job
@tracker 63.596771240234375 secs between node start and job finish
Trial 202 finished with value: 0.8003550073553868 and parameters: {'objective': 'binary:logistic', 'tree_method': 'gpu_hist', 'lambda': 0.8408781308048688, 'alpha': 0.05682623944044203, 'colsample_bytree': 0.5767165433930765, 'subsample': 0.8464412524122009, 'learning_rate': 0.0169888885780796, 'max_depth': 15, 'min_child_weight': 116, 'eval_metric': 'logloss'}. Best is trial 164 with value: 0.8006731251686677.
start listen on 10.110.42.38:9091
@tracker All of 4 nodes getting started
@tracker All nodes finishes job
@tracker 61.23515605926514 secs between node start and job finish
start listen on 10.110.42.38:9091
@tracker All of 4 nodes getting started
@tracker All nodes finishes job
@tracker 55.221253633499146 secs between node start and job finish
start listen on 10.110.42.38:9091
@tracker All of 4 nodes getting started
@tracker All nodes finishes job
@tracker 63.68973636627197 secs between node start and job finish
start listen on 10.110.42.38:9091
@tracker All of 4 nodes getting started
@tracker All nodes finishes job
@tracker 63.13167858123779 secs between node start and job finish
start listen on 10.110.42.38:9091
@tracker All of 4 nodes getting started
@tracker All nodes finishes job
@tracker 64.32393550872803 secs between node start and job finish
Trial 203 finished with value: 0.8005055031755901 and parameters: {'objective': 'binary:logistic', 'tree_method': 'gpu_hist', 'lambda': 0.8254989993075353, 'alpha': 0.05391787539109433, 'colsample_bytree': 0.5799484020591618, 'subsample': 0.8504574793788643, 'learning_rate': 0.017101383397895825, 'max_depth': 15, 'min_child_weight': 116, 'eval_metric': 'logloss'}. Best is trial 164 with value: 0.8006731251686677.
start listen on 10.110.42.38:9091
@tracker All of 4 nodes getting started
@tracker All nodes finishes job
@tracker 68.75784039497375 secs between node start and job finish
start listen on 10.110.42.38:9091
@tracker All of 4 nodes getting started
@tracker All nodes finishes job
@tracker 70.1912088394165 secs between node start and job finish
start listen on 10.110.42.38:9091
@tracker All of 4 nodes getting started
@tracker All nodes finishes job
@tracker 63.15367126464844 secs between node start and job finish
start listen on 10.110.42.38:9091
@tracker All of 4 nodes getting started
@tracker All nodes finishes job
@tracker 65.92039060592651 secs between node start and job finish
start listen on 10.110.42.38:9091
@tracker All of 4 nodes getting started
@tracker All nodes finishes job
@tracker 62.572749614715576 secs between node start and job finish
Trial 204 finished with value: 0.8001237722447003 and parameters: {'objective': 'binary:logistic', 'tree_method': 'gpu_hist', 'lambda': 0.8213141057920071, 'alpha': 0.05347042468115088, 'colsample_bytree': 0.5844100097940788, 'subsample': 0.8528020593856712, 'learning_rate': 0.014732271016212871, 'max_depth': 15, 'min_child_weight': 110, 'eval_metric': 'logloss'}. Best is trial 164 with value: 0.8006731251686677.
start listen on 10.110.42.38:9091
@tracker All of 4 nodes getting started
@tracker All nodes finishes job
@tracker 71.28798723220825 secs between node start and job finish
start listen on 10.110.42.38:9091
@tracker All of 4 nodes getting started
@tracker All nodes finishes job
@tracker 65.18421339988708 secs between node start and job finish
start listen on 10.110.42.38:9091
@tracker All of 4 nodes getting started
@tracker All nodes finishes job
@tracker 68.72401142120361 secs between node start and job finish
start listen on 10.110.42.38:9091
@tracker All of 4 nodes getting started
@tracker All nodes finishes job
@tracker 61.19348907470703 secs between node start and job finish
start listen on 10.110.42.38:9091
@tracker All of 4 nodes getting started
@tracker All nodes finishes job
@tracker 69.63198471069336 secs between node start and job finish
Trial 205 finished with value: 0.8007238397926654 and parameters: {'objective': 'binary:logistic', 'tree_method': 'gpu_hist', 'lambda': 0.4246900552568794, 'alpha': 0.10267123481648575, 'colsample_bytree': 0.5581906611108047, 'subsample': 0.8453437746562742, 'learning_rate': 0.017056331528057946, 'max_depth': 15, 'min_child_weight': 96, 'eval_metric': 'logloss'}. Best is trial 205 with value: 0.8007238397926654.
start listen on 10.110.42.38:9091
@tracker All of 3 nodes getting started
@tracker All nodes finishes job
@tracker 31.209516525268555 secs between node start and job finish
start listen on 10.110.42.38:9091
@tracker All of 4 nodes getting started
@tracker All nodes finishes job
@tracker 27.80414366722107 secs between node start and job finish
start listen on 10.110.42.38:9091
@tracker All of 4 nodes getting started
@tracker All nodes finishes job
@tracker 23.588133811950684 secs between node start and job finish
start listen on 10.110.42.38:9091
@tracker All of 4 nodes getting started
@tracker All nodes finishes job
@tracker 32.4121572971344 secs between node start and job finish
start listen on 10.110.42.38:9091
@tracker All of 3 nodes getting started
@tracker All nodes finishes job
@tracker 33.758477449417114 secs between node start and job finish
