Trial 104 finished with value: 0.8000264557519469 and parameters: {'objective': 'binary:logistic', 'tree_method': 'gpu_hist', 'lambda': 0.17044354283572793, 'alpha': 0.3142947874846091, 'colsample_bytree': 0.8975992080559231, 'subsample': 0.7190694395857196, 'learning_rate': 0.015377064296127152, 'max_depth': 20, 'min_child_weight': 131, 'eval_metric': 'logloss'}. Best is trial 58 with value: 0.8004642398233052.
start listen on 10.110.42.38:9091
@tracker All of 3 nodes getting started
@tracker All nodes finishes job
@tracker 80.08877921104431 secs between node start and job finish
start listen on 10.110.42.38:9091
@tracker All of 4 nodes getting started
@tracker All nodes finishes job
@tracker 75.05252528190613 secs between node start and job finish
start listen on 10.110.42.38:9091
@tracker All of 4 nodes getting started
@tracker All nodes finishes job
@tracker 77.16982102394104 secs between node start and job finish
start listen on 10.110.42.38:9091
@tracker All of 4 nodes getting started
@tracker All nodes finishes job
@tracker 76.95626711845398 secs between node start and job finish
start listen on 10.110.42.38:9091
@tracker All of 4 nodes getting started
@tracker All nodes finishes job
@tracker 73.77973437309265 secs between node start and job finish
Trial 105 finished with value: 0.798917210879644 and parameters: {'objective': 'binary:logistic', 'tree_method': 'gpu_hist', 'lambda': 0.12632654994532913, 'alpha': 0.3874923051268834, 'colsample_bytree': 0.8333889873462905, 'subsample': 0.6775936462806383, 'learning_rate': 0.011098493026031383, 'max_depth': 20, 'min_child_weight': 117, 'eval_metric': 'logloss'}. Best is trial 58 with value: 0.8004642398233052.
start listen on 10.110.42.38:9091
@tracker All of 4 nodes getting started
@tracker All nodes finishes job
@tracker 66.27186918258667 secs between node start and job finish
start listen on 10.110.42.38:9091
@tracker All of 4 nodes getting started
@tracker All nodes finishes job
@tracker 75.89491534233093 secs between node start and job finish
start listen on 10.110.42.38:9091
@tracker All of 4 nodes getting started
@tracker All nodes finishes job
@tracker 73.22306156158447 secs between node start and job finish
start listen on 10.110.42.38:9091
@tracker All of 4 nodes getting started
@tracker All nodes finishes job
@tracker 78.89831328392029 secs between node start and job finish
start listen on 10.110.42.38:9091
@tracker All of 4 nodes getting started
@tracker All nodes finishes job
@tracker 68.58828473091125 secs between node start and job finish
Trial 106 finished with value: 0.7993470472388813 and parameters: {'objective': 'binary:logistic', 'tree_method': 'gpu_hist', 'lambda': 0.09257425199594443, 'alpha': 0.1642175999460154, 'colsample_bytree': 0.9808984812078035, 'subsample': 0.7476349255645173, 'learning_rate': 0.02470037970506678, 'max_depth': 20, 'min_child_weight': 155, 'eval_metric': 'logloss'}. Best is trial 58 with value: 0.8004642398233052.
start listen on 10.110.42.38:9091
@tracker All of 4 nodes getting started
@tracker All nodes finishes job
@tracker 86.20912504196167 secs between node start and job finish
start listen on 10.110.42.38:9091
@tracker All of 4 nodes getting started
@tracker All nodes finishes job
@tracker 81.36529326438904 secs between node start and job finish
start listen on 10.110.42.38:9091
@tracker All of 4 nodes getting started
@tracker All nodes finishes job
@tracker 75.23444271087646 secs between node start and job finish
start listen on 10.110.42.38:9091
@tracker All of 4 nodes getting started
@tracker All nodes finishes job
@tracker 84.13850402832031 secs between node start and job finish
start listen on 10.110.42.38:9091
@tracker All of 4 nodes getting started
@tracker All nodes finishes job
@tracker 77.72415614128113 secs between node start and job finish
Trial 107 finished with value: 0.8000854991969247 and parameters: {'objective': 'binary:logistic', 'tree_method': 'gpu_hist', 'lambda': 0.4161435571854395, 'alpha': 1.1776226235204608, 'colsample_bytree': 0.8212245141701919, 'subsample': 0.7625182187240998, 'learning_rate': 0.018983753769542356, 'max_depth': 20, 'min_child_weight': 102, 'eval_metric': 'logloss'}. Best is trial 58 with value: 0.8004642398233052.
start listen on 10.110.42.38:9091
@tracker All of 4 nodes getting started
@tracker All nodes finishes job
@tracker 80.76657295227051 secs between node start and job finish
start listen on 10.110.42.38:9091
@tracker All of 4 nodes getting started
@tracker All nodes finishes job
@tracker 72.4171793460846 secs between node start and job finish
start listen on 10.110.42.38:9091
@tracker All of 4 nodes getting started
@tracker All nodes finishes job
@tracker 70.870432138443 secs between node start and job finish
start listen on 10.110.42.38:9091
@tracker All of 4 nodes getting started
@tracker All nodes finishes job
@tracker 69.98344016075134 secs between node start and job finish
start listen on 10.110.42.38:9091
@tracker All of 4 nodes getting started
@tracker All nodes finishes job
@tracker 76.55895471572876 secs between node start and job finish
Trial 108 finished with value: 0.800140665220847 and parameters: {'objective': 'binary:logistic', 'tree_method': 'gpu_hist', 'lambda': 0.2002391234915483, 'alpha': 0.13621989284673486, 'colsample_bytree': 0.791573794894561, 'subsample': 0.6965466387384188, 'learning_rate': 0.016014673217760872, 'max_depth': 20, 'min_child_weight': 128, 'eval_metric': 'logloss'}. Best is trial 58 with value: 0.8004642398233052.
start listen on 10.110.42.38:9091
@tracker All of 3 nodes getting started
@tracker All nodes finishes job
@tracker 78.12201261520386 secs between node start and job finish
start listen on 10.110.42.38:9091
@tracker All of 4 nodes getting started
@tracker All nodes finishes job
@tracker 65.55639028549194 secs between node start and job finish
start listen on 10.110.42.38:9091
@tracker All of 4 nodes getting started
@tracker All nodes finishes job
@tracker 77.89936184883118 secs between node start and job finish
start listen on 10.110.42.38:9091
@tracker All of 4 nodes getting started
@tracker All nodes finishes job
@tracker 75.96031284332275 secs between node start and job finish
start listen on 10.110.42.38:9091
@tracker All of 4 nodes getting started
@tracker All nodes finishes job
@tracker 69.61497616767883 secs between node start and job finish
Trial 109 finished with value: 0.8000319192384943 and parameters: {'objective': 'binary:logistic', 'tree_method': 'gpu_hist', 'lambda': 0.3459941996512059, 'alpha': 0.07558002073418633, 'colsample_bytree': 0.7909358965680726, 'subsample': 0.7160096336911564, 'learning_rate': 0.015002146363630751, 'max_depth': 20, 'min_child_weight': 135, 'eval_metric': 'logloss'}. Best is trial 58 with value: 0.8004642398233052.
start listen on 10.110.42.38:9091
@tracker All of 4 nodes getting started
@tracker All nodes finishes job
@tracker 70.52681541442871 secs between node start and job finish
start listen on 10.110.42.38:9091
@tracker All of 4 nodes getting started
@tracker All nodes finishes job
@tracker 79.49100041389465 secs between node start and job finish
start listen on 10.110.42.38:9091
@tracker All of 4 nodes getting started
@tracker All nodes finishes job
@tracker 71.74006009101868 secs between node start and job finish
start listen on 10.110.42.38:9091
@tracker All of 4 nodes getting started
@tracker All nodes finishes job
@tracker 78.4631576538086 secs between node start and job finish
start listen on 10.110.42.38:9091
@tracker All of 4 nodes getting started
@tracker All nodes finishes job
@tracker 73.48255205154419 secs between node start and job finish
Trial 110 finished with value: 0.8001054163919231 and parameters: {'objective': 'binary:logistic', 'tree_method': 'gpu_hist', 'lambda': 0.15120508032479593, 'alpha': 0.1502493719583266, 'colsample_bytree': 0.943013931571299, 'subsample': 0.6993511847276491, 'learning_rate': 0.016676237146553436, 'max_depth': 20, 'min_child_weight': 128, 'eval_metric': 'logloss'}. Best is trial 58 with value: 0.8004642398233052.
start listen on 10.110.42.38:9091
@tracker All of 4 nodes getting started
@tracker All nodes finishes job
@tracker 69.66478276252747 secs between node start and job finish
start listen on 10.110.42.38:9091
@tracker All of 4 nodes getting started
@tracker All nodes finishes job
@tracker 74.1020085811615 secs between node start and job finish
start listen on 10.110.42.38:9091
@tracker All of 4 nodes getting started
@tracker All nodes finishes job
@tracker 65.43475818634033 secs between node start and job finish
start listen on 10.110.42.38:9091
@tracker All of 4 nodes getting started
@tracker All nodes finishes job
@tracker 70.79268264770508 secs between node start and job finish
start listen on 10.110.42.38:9091
@tracker All of 4 nodes getting started
@tracker All nodes finishes job
@tracker 74.72099280357361 secs between node start and job finish
Trial 111 finished with value: 0.7996596613101457 and parameters: {'objective': 'binary:logistic', 'tree_method': 'gpu_hist', 'lambda': 0.12163536784606735, 'alpha': 0.27668462196537147, 'colsample_bytree': 0.7687587442581133, 'subsample': 0.7392095557099218, 'learning_rate': 0.02198346248405002, 'max_depth': 20, 'min_child_weight': 119, 'eval_metric': 'logloss'}. Best is trial 58 with value: 0.8004642398233052.
start listen on 10.110.42.38:9091
@tracker All of 4 nodes getting started
@tracker All nodes finishes job
@tracker 72.74715852737427 secs between node start and job finish
start listen on 10.110.42.38:9091
@tracker All of 4 nodes getting started
@tracker All nodes finishes job
@tracker 72.16762614250183 secs between node start and job finish
start listen on 10.110.42.38:9091
@tracker All of 4 nodes getting started
@tracker All nodes finishes job
@tracker 70.80590510368347 secs between node start and job finish
start listen on 10.110.42.38:9091
@tracker All of 4 nodes getting started
@tracker All nodes finishes job
@tracker 70.89519190788269 secs between node start and job finish
start listen on 10.110.42.38:9091
@tracker All of 4 nodes getting started
@tracker All nodes finishes job
@tracker 77.721022605896 secs between node start and job finish
Trial 112 finished with value: 0.7997759463225449 and parameters: {'objective': 'binary:logistic', 'tree_method': 'gpu_hist', 'lambda': 0.05694081749003009, 'alpha': 0.12272761549494653, 'colsample_bytree': 0.8487194854471314, 'subsample': 0.6442448443409986, 'learning_rate': 0.018370141614456523, 'max_depth': 20, 'min_child_weight': 110, 'eval_metric': 'logloss'}. Best is trial 58 with value: 0.8004642398233052.
start listen on 10.110.42.38:9091
@tracker All of 4 nodes getting started
@tracker All nodes finishes job
@tracker 35.21579360961914 secs between node start and job finish
start listen on 10.110.42.38:9091
@tracker All of 4 nodes getting started
@tracker All nodes finishes job
@tracker 33.14334487915039 secs between node start and job finish
start listen on 10.110.42.38:9091
@tracker All of 4 nodes getting started
@tracker All nodes finishes job
@tracker 29.990407466888428 secs between node start and job finish
start listen on 10.110.42.38:9091
@tracker All of 4 nodes getting started
@tracker All nodes finishes job
@tracker 32.62454581260681 secs between node start and job finish
start listen on 10.110.42.38:9091
@tracker All of 4 nodes getting started
@tracker All nodes finishes job
@tracker 30.84984278678894 secs between node start and job finish
Trial 113 finished with value: 0.7946517988469964 and parameters: {'objective': 'binary:logistic', 'tree_method': 'gpu_hist', 'lambda': 0.2131859152632459, 'alpha': 0.0904845942840063, 'colsample_bytree': 0.796236811595621, 'subsample': 0.7235949402372173, 'learning_rate': 0.013175457436905007, 'max_depth': 5, 'min_child_weight': 124, 'eval_metric': 'logloss'}. Best is trial 58 with value: 0.8004642398233052.
start listen on 10.110.42.38:9091
@tracker All of 4 nodes getting started
@tracker All nodes finishes job
@tracker 67.81392645835876 secs between node start and job finish
start listen on 10.110.42.38:9091
@tracker All of 4 nodes getting started
@tracker All nodes finishes job
@tracker 71.34794354438782 secs between node start and job finish
start listen on 10.110.42.38:9091
@tracker All of 4 nodes getting started
@tracker All nodes finishes job
@tracker 72.1259937286377 secs between node start and job finish
start listen on 10.110.42.38:9091
@tracker All of 4 nodes getting started
@tracker All nodes finishes job
@tracker 75.88308572769165 secs between node start and job finish
start listen on 10.110.42.38:9091
@tracker All of 4 nodes getting started
@tracker All nodes finishes job
@tracker 71.92764186859131 secs between node start and job finish
Trial 114 finished with value: 0.7988552812956367 and parameters: {'objective': 'binary:logistic', 'tree_method': 'gpu_hist', 'lambda': 0.03500417063393244, 'alpha': 0.2544909374248769, 'colsample_bytree': 0.7348827567014673, 'subsample': 0.6803883567614251, 'learning_rate': 0.02688842917708943, 'max_depth': 20, 'min_child_weight': 105, 'eval_metric': 'logloss'}. Best is trial 58 with value: 0.8004642398233052.
start listen on 10.110.42.38:9091
@tracker All of 4 nodes getting started
@tracker All nodes finishes job
@tracker 72.29380583763123 secs between node start and job finish
start listen on 10.110.42.38:9091
@tracker All of 4 nodes getting started
@tracker All nodes finishes job
@tracker 62.12169146537781 secs between node start and job finish
start listen on 10.110.42.38:9091
@tracker All of 4 nodes getting started
@tracker All nodes finishes job
@tracker 66.52570509910583 secs between node start and job finish
start listen on 10.110.42.38:9091
@tracker All of 4 nodes getting started
@tracker All nodes finishes job
@tracker 58.19937992095947 secs between node start and job finish
start listen on 10.110.42.38:9091
@tracker All of 4 nodes getting started
@tracker All nodes finishes job
@tracker 57.49336266517639 secs between node start and job finish
Trial 115 finished with value: 0.7999968236653483 and parameters: {'objective': 'binary:logistic', 'tree_method': 'gpu_hist', 'lambda': 0.09919156325173717, 'alpha': 0.7703659740578207, 'colsample_bytree': 0.7790759280348943, 'subsample': 0.6639772410622502, 'learning_rate': 0.016364284402992254, 'max_depth': 17, 'min_child_weight': 114, 'eval_metric': 'logloss'}. Best is trial 58 with value: 0.8004642398233052.
start listen on 10.110.42.38:9091
@tracker All of 4 nodes getting started
@tracker All nodes finishes job
@tracker 52.87218141555786 secs between node start and job finish
start listen on 10.110.42.38:9091
@tracker All of 4 nodes getting started
@tracker All nodes finishes job
@tracker 49.40986680984497 secs between node start and job finish
start listen on 10.110.42.38:9091
@tracker All of 4 nodes getting started
@tracker All nodes finishes job
@tracker 52.38613033294678 secs between node start and job finish
start listen on 10.110.42.38:9091
@tracker All of 4 nodes getting started
@tracker All nodes finishes job
@tracker 48.683045387268066 secs between node start and job finish
start listen on 10.110.42.38:9091
@tracker All of 4 nodes getting started
@tracker All nodes finishes job
@tracker 47.34937047958374 secs between node start and job finish
Trial 116 finished with value: 0.799986076167523 and parameters: {'objective': 'binary:logistic', 'tree_method': 'gpu_hist', 'lambda': 0.2660003210651235, 'alpha': 1.4560726668595687, 'colsample_bytree': 0.8057435351741463, 'subsample': 0.6907879454912286, 'learning_rate': 0.021314227068021673, 'max_depth': 11, 'min_child_weight': 136, 'eval_metric': 'logloss'}. Best is trial 58 with value: 0.8004642398233052.
start listen on 10.110.42.38:9091
@tracker All of 4 nodes getting started
@tracker All nodes finishes job
@tracker 77.76147103309631 secs between node start and job finish
start listen on 10.110.42.38:9091
@tracker All of 4 nodes getting started
@tracker All nodes finishes job
@tracker 72.52692556381226 secs between node start and job finish
start listen on 10.110.42.38:9091
@tracker All of 4 nodes getting started
@tracker All nodes finishes job
@tracker 73.4940550327301 secs between node start and job finish
start listen on 10.110.42.38:9091
@tracker All of 4 nodes getting started
@tracker All nodes finishes job
@tracker 75.45257067680359 secs between node start and job finish
start listen on 10.110.42.38:9091
@tracker All of 4 nodes getting started
@tracker All nodes finishes job
@tracker 75.20765924453735 secs between node start and job finish
Trial 117 finished with value: 0.799667903136563 and parameters: {'objective': 'binary:logistic', 'tree_method': 'gpu_hist', 'lambda': 0.07520750101326634, 'alpha': 0.04311225792351391, 'colsample_bytree': 0.752951676990453, 'subsample': 0.8400205507140008, 'learning_rate': 0.023796064512384967, 'max_depth': 20, 'min_child_weight': 120, 'eval_metric': 'logloss'}. Best is trial 58 with value: 0.8004642398233052.
start listen on 10.110.42.38:9091
@tracker All of 4 nodes getting started
@tracker All nodes finishes job
@tracker 52.57596039772034 secs between node start and job finish
start listen on 10.110.42.38:9091
@tracker All of 4 nodes getting started
@tracker All nodes finishes job
@tracker 42.668747425079346 secs between node start and job finish
start listen on 10.110.42.38:9091
@tracker All of 4 nodes getting started
@tracker All nodes finishes job
@tracker 48.939048528671265 secs between node start and job finish
start listen on 10.110.42.38:9091
@tracker All of 4 nodes getting started
@tracker All nodes finishes job
@tracker 48.83823299407959 secs between node start and job finish
start listen on 10.110.42.38:9091
@tracker All of 4 nodes getting started
@tracker All nodes finishes job
@tracker 55.288015842437744 secs between node start and job finish
Trial 118 finished with value: 0.7991333152775085 and parameters: {'objective': 'binary:logistic', 'tree_method': 'gpu_hist', 'lambda': 0.17230303217863702, 'alpha': 0.13385978102920104, 'colsample_bytree': 0.8674936657158868, 'subsample': 0.759657529160288, 'learning_rate': 0.018740378593995584, 'max_depth': 15, 'min_child_weight': 298, 'eval_metric': 'logloss'}. Best is trial 58 with value: 0.8004642398233052.
start listen on 10.110.42.38:9091
@tracker All of 4 nodes getting started
@tracker All nodes finishes job
@tracker 26.648324728012085 secs between node start and job finish
start listen on 10.110.42.38:9091
@tracker All of 4 nodes getting started
@tracker All nodes finishes job
@tracker 24.605801820755005 secs between node start and job finish
start listen on 10.110.42.38:9091
@tracker All of 3 nodes getting started
@tracker All nodes finishes job
@tracker 23.826859712600708 secs between node start and job finish
start listen on 10.110.42.38:9091
@tracker All of 4 nodes getting started
@tracker All nodes finishes job
@tracker 28.56891131401062 secs between node start and job finish
start listen on 10.110.42.38:9091
@tracker All of 4 nodes getting started
@tracker All nodes finishes job
@tracker 22.355048179626465 secs between node start and job finish
Trial 119 finished with value: 0.7863997557340872 and parameters: {'objective': 'binary:logistic', 'tree_method': 'gpu_hist', 'lambda': 0.11313970266864448, 'alpha': 0.2041734779226506, 'colsample_bytree': 0.8533216854351022, 'subsample': 0.7715420727900153, 'learning_rate': 0.011638693777023559, 'max_depth': 3, 'min_child_weight': 94, 'eval_metric': 'logloss'}. Best is trial 58 with value: 0.8004642398233052.
start listen on 10.110.42.38:9091
@tracker All of 4 nodes getting started
@tracker All nodes finishes job
@tracker 70.80773997306824 secs between node start and job finish
start listen on 10.110.42.38:9091
@tracker All of 4 nodes getting started
@tracker All nodes finishes job
@tracker 77.62026786804199 secs between node start and job finish
start listen on 10.110.42.38:9091
@tracker All of 3 nodes getting started
@tracker All nodes finishes job
@tracker 72.8317620754242 secs between node start and job finish
start listen on 10.110.42.38:9091
@tracker All of 4 nodes getting started
@tracker All nodes finishes job
@tracker 71.93167352676392 secs between node start and job finish
start listen on 10.110.42.38:9091
@tracker All of 4 nodes getting started
@tracker All nodes finishes job
@tracker 73.74815344810486 secs between node start and job finish
Trial 120 finished with value: 0.7998306136773878 and parameters: {'objective': 'binary:logistic', 'tree_method': 'gpu_hist', 'lambda': 0.049136150899768326, 'alpha': 0.5648448781003582, 'colsample_bytree': 0.8859968335916022, 'subsample': 0.8087837406137707, 'learning_rate': 0.014409134268517915, 'max_depth': 15, 'min_child_weight': 98, 'eval_metric': 'logloss'}. Best is trial 58 with value: 0.8004642398233052.
start listen on 10.110.42.38:9091
@tracker All of 4 nodes getting started
@tracker All nodes finishes job
@tracker 59.19156336784363 secs between node start and job finish
start listen on 10.110.42.38:9091
@tracker All of 4 nodes getting started
@tracker All nodes finishes job
@tracker 59.60404348373413 secs between node start and job finish
start listen on 10.110.42.38:9091
@tracker All of 4 nodes getting started
@tracker All nodes finishes job
@tracker 65.14678740501404 secs between node start and job finish
start listen on 10.110.42.38:9091
@tracker All of 4 nodes getting started
@tracker All nodes finishes job
@tracker 66.33638572692871 secs between node start and job finish
start listen on 10.110.42.38:9091
@tracker All of 4 nodes getting started
@tracker All nodes finishes job
@tracker 56.85494899749756 secs between node start and job finish
