Trial 155 finished with value: 0.7991557080057491 and parameters: {'objective': 'binary:logistic', 'tree_method': 'gpu_hist', 'lambda': 0.0949620632865007, 'alpha': 1.2600166147357963, 'colsample_bytree': 0.8351435457401555, 'subsample': 0.8246651284451321, 'learning_rate': 0.019172143345411608, 'max_depth': 9, 'min_child_weight': 190, 'eval_metric': 'logloss'}. Best is trial 58 with value: 0.8004642398233052.
start listen on 10.110.42.38:9091
@tracker All of 4 nodes getting started
@tracker All nodes finishes job
@tracker 23.55770254135132 secs between node start and job finish
start listen on 10.110.42.38:9091
@tracker All of 4 nodes getting started
@tracker All nodes finishes job
@tracker 22.494176626205444 secs between node start and job finish
start listen on 10.110.42.38:9091
@tracker All of 4 nodes getting started
@tracker All nodes finishes job
@tracker 23.085819005966187 secs between node start and job finish
start listen on 10.110.42.38:9091
@tracker All of 4 nodes getting started
@tracker All nodes finishes job
@tracker 25.052586793899536 secs between node start and job finish
start listen on 10.110.42.38:9091
@tracker All of 4 nodes getting started
@tracker All nodes finishes job
@tracker 20.361108541488647 secs between node start and job finish
Trial 156 finished with value: 0.7892086781472558 and parameters: {'objective': 'binary:logistic', 'tree_method': 'gpu_hist', 'lambda': 0.07474111115450713, 'alpha': 2.1065447404206914, 'colsample_bytree': 0.73886817959184, 'subsample': 0.8996983340581876, 'learning_rate': 0.015233156480717235, 'max_depth': 3, 'min_child_weight': 129, 'eval_metric': 'logloss'}. Best is trial 58 with value: 0.8004642398233052.
start listen on 10.110.42.38:9091
@tracker All of 4 nodes getting started
@tracker All nodes finishes job
@tracker 62.6132287979126 secs between node start and job finish
start listen on 10.110.42.38:9091
@tracker All of 4 nodes getting started
@tracker All nodes finishes job
@tracker 64.52254843711853 secs between node start and job finish
start listen on 10.110.42.38:9091
@tracker All of 3 nodes getting started
@tracker All nodes finishes job
@tracker 74.50384736061096 secs between node start and job finish
start listen on 10.110.42.38:9091
@tracker All of 4 nodes getting started
@tracker All nodes finishes job
@tracker 60.75992560386658 secs between node start and job finish
start listen on 10.110.42.38:9091
@tracker All of 4 nodes getting started
@tracker All nodes finishes job
@tracker 61.939807653427124 secs between node start and job finish
Trial 157 finished with value: 0.7993486291007045 and parameters: {'objective': 'binary:logistic', 'tree_method': 'gpu_hist', 'lambda': 0.10540809534702165, 'alpha': 0.6177718500159088, 'colsample_bytree': 0.897170291644584, 'subsample': 0.8462231388046418, 'learning_rate': 0.02462377526309718, 'max_depth': 15, 'min_child_weight': 121, 'eval_metric': 'logloss'}. Best is trial 58 with value: 0.8004642398233052.
start listen on 10.110.42.38:9091
@tracker All of 4 nodes getting started
@tracker All nodes finishes job
@tracker 57.381892681121826 secs between node start and job finish
start listen on 10.110.42.38:9091
@tracker All of 4 nodes getting started
@tracker All nodes finishes job
@tracker 54.99530243873596 secs between node start and job finish
start listen on 10.110.42.38:9091
@tracker All of 4 nodes getting started
@tracker All nodes finishes job
@tracker 59.59581708908081 secs between node start and job finish
start listen on 10.110.42.38:9091
@tracker All of 4 nodes getting started
@tracker All nodes finishes job
@tracker 58.61877489089966 secs between node start and job finish
start listen on 10.110.42.38:9091
@tracker All of 4 nodes getting started
@tracker All nodes finishes job
@tracker 57.84972548484802 secs between node start and job finish
Trial 158 finished with value: 0.7993218985428368 and parameters: {'objective': 'binary:logistic', 'tree_method': 'gpu_hist', 'lambda': 0.05644458835394879, 'alpha': 3.4210229508323873, 'colsample_bytree': 0.8615329656118047, 'subsample': 0.926182524980283, 'learning_rate': 0.016614637914209557, 'max_depth': 11, 'min_child_weight': 139, 'eval_metric': 'logloss'}. Best is trial 58 with value: 0.8004642398233052.
start listen on 10.110.42.38:9091
@tracker All of 4 nodes getting started
@tracker All nodes finishes job
@tracker 53.903576612472534 secs between node start and job finish
start listen on 10.110.42.38:9091
@tracker All of 4 nodes getting started
@tracker All nodes finishes job
@tracker 55.43089151382446 secs between node start and job finish
start listen on 10.110.42.38:9091
@tracker All of 4 nodes getting started
@tracker All nodes finishes job
@tracker 51.72379493713379 secs between node start and job finish
start listen on 10.110.42.38:9091
@tracker All of 4 nodes getting started
@tracker All nodes finishes job
@tracker 63.01934552192688 secs between node start and job finish
start listen on 10.110.42.38:9091
@tracker All of 4 nodes getting started
@tracker All nodes finishes job
@tracker 53.31581664085388 secs between node start and job finish
Trial 159 finished with value: 0.8003330942728444 and parameters: {'objective': 'binary:logistic', 'tree_method': 'gpu_hist', 'lambda': 0.18588039641495205, 'alpha': 0.8442725033011956, 'colsample_bytree': 0.6727641236562489, 'subsample': 0.8776243812623898, 'learning_rate': 0.02095238070753588, 'max_depth': 15, 'min_child_weight': 157, 'eval_metric': 'logloss'}. Best is trial 58 with value: 0.8004642398233052.
start listen on 10.110.42.38:9091
@tracker All of 4 nodes getting started
@tracker All nodes finishes job
@tracker 60.436293601989746 secs between node start and job finish
start listen on 10.110.42.38:9091
@tracker All of 4 nodes getting started
@tracker All nodes finishes job
@tracker 53.66891098022461 secs between node start and job finish
start listen on 10.110.42.38:9091
@tracker All of 4 nodes getting started
@tracker All nodes finishes job
@tracker 50.24991798400879 secs between node start and job finish
start listen on 10.110.42.38:9091
@tracker All of 4 nodes getting started
@tracker All nodes finishes job
@tracker 51.06518244743347 secs between node start and job finish
start listen on 10.110.42.38:9091
@tracker All of 4 nodes getting started
@tracker All nodes finishes job
@tracker 55.990028858184814 secs between node start and job finish
Trial 160 finished with value: 0.8000910199673612 and parameters: {'objective': 'binary:logistic', 'tree_method': 'gpu_hist', 'lambda': 0.2825869983371577, 'alpha': 0.4712527670798247, 'colsample_bytree': 0.6444943637622658, 'subsample': 0.884091807911277, 'learning_rate': 0.020990134842931562, 'max_depth': 15, 'min_child_weight': 168, 'eval_metric': 'logloss'}. Best is trial 58 with value: 0.8004642398233052.
start listen on 10.110.42.38:9091
@tracker All of 4 nodes getting started
@tracker All nodes finishes job
@tracker 53.68852663040161 secs between node start and job finish
start listen on 10.110.42.38:9091
@tracker All of 4 nodes getting started
@tracker All nodes finishes job
@tracker 54.61209273338318 secs between node start and job finish
start listen on 10.110.42.38:9091
@tracker All of 4 nodes getting started
@tracker All nodes finishes job
@tracker 52.087467432022095 secs between node start and job finish
start listen on 10.110.42.38:9091
@tracker All of 4 nodes getting started
@tracker All nodes finishes job
@tracker 49.4519944190979 secs between node start and job finish
start listen on 10.110.42.38:9091
@tracker All of 4 nodes getting started
@tracker All nodes finishes job
@tracker 54.02320909500122 secs between node start and job finish
Trial 161 finished with value: 0.8002517577051942 and parameters: {'objective': 'binary:logistic', 'tree_method': 'gpu_hist', 'lambda': 0.19474067904124648, 'alpha': 0.8072133662864799, 'colsample_bytree': 0.6201581652955541, 'subsample': 0.7978028389306383, 'learning_rate': 0.02309662193934367, 'max_depth': 15, 'min_child_weight': 159, 'eval_metric': 'logloss'}. Best is trial 58 with value: 0.8004642398233052.
start listen on 10.110.42.38:9091
@tracker All of 4 nodes getting started
@tracker All nodes finishes job
@tracker 48.30148673057556 secs between node start and job finish
start listen on 10.110.42.38:9091
@tracker All of 4 nodes getting started
@tracker All nodes finishes job
@tracker 52.867788314819336 secs between node start and job finish
start listen on 10.110.42.38:9091
@tracker All of 4 nodes getting started
@tracker All nodes finishes job
@tracker 53.12021732330322 secs between node start and job finish
start listen on 10.110.42.38:9091
@tracker All of 4 nodes getting started
@tracker All nodes finishes job
@tracker 54.70429182052612 secs between node start and job finish
start listen on 10.110.42.38:9091
@tracker All of 4 nodes getting started
@tracker All nodes finishes job
@tracker 55.154430866241455 secs between node start and job finish
Trial 162 finished with value: 0.8003355061810705 and parameters: {'objective': 'binary:logistic', 'tree_method': 'gpu_hist', 'lambda': 0.19872137748031435, 'alpha': 0.7456504748345112, 'colsample_bytree': 0.6024534480135486, 'subsample': 0.806851956299907, 'learning_rate': 0.019016637118863266, 'max_depth': 15, 'min_child_weight': 147, 'eval_metric': 'logloss'}. Best is trial 58 with value: 0.8004642398233052.
start listen on 10.110.42.38:9091
@tracker All of 4 nodes getting started
@tracker All nodes finishes job
@tracker 50.789904832839966 secs between node start and job finish
start listen on 10.110.42.38:9091
@tracker All of 4 nodes getting started
@tracker All nodes finishes job
@tracker 52.15845227241516 secs between node start and job finish
start listen on 10.110.42.38:9091
@tracker All of 4 nodes getting started
@tracker All nodes finishes job
@tracker 54.67534637451172 secs between node start and job finish
start listen on 10.110.42.38:9091
@tracker All of 4 nodes getting started
@tracker All nodes finishes job
@tracker 49.2038209438324 secs between node start and job finish
start listen on 10.110.42.38:9091
@tracker All of 4 nodes getting started
@tracker All nodes finishes job
@tracker 51.69848895072937 secs between node start and job finish
Trial 163 finished with value: 0.8003294687869029 and parameters: {'objective': 'binary:logistic', 'tree_method': 'gpu_hist', 'lambda': 0.2108708667052614, 'alpha': 0.7430026357222559, 'colsample_bytree': 0.5896778306851863, 'subsample': 0.8015564207989959, 'learning_rate': 0.018505878839722767, 'max_depth': 15, 'min_child_weight': 148, 'eval_metric': 'logloss'}. Best is trial 58 with value: 0.8004642398233052.
start listen on 10.110.42.38:9091
@tracker All of 4 nodes getting started
@tracker All nodes finishes job
@tracker 53.5160014629364 secs between node start and job finish
start listen on 10.110.42.38:9091
@tracker All of 4 nodes getting started
@tracker All nodes finishes job
@tracker 57.921921253204346 secs between node start and job finish
start listen on 10.110.42.38:9091
@tracker All of 4 nodes getting started
@tracker All nodes finishes job
@tracker 56.89259433746338 secs between node start and job finish
start listen on 10.110.42.38:9091
@tracker All of 4 nodes getting started
@tracker All nodes finishes job
@tracker 52.89375019073486 secs between node start and job finish
start listen on 10.110.42.38:9091
@tracker All of 4 nodes getting started
@tracker All nodes finishes job
@tracker 53.8264856338501 secs between node start and job finish
Trial 164 finished with value: 0.8006731251686677 and parameters: {'objective': 'binary:logistic', 'tree_method': 'gpu_hist', 'lambda': 0.22792053955786887, 'alpha': 0.5356445114607646, 'colsample_bytree': 0.5816867112960578, 'subsample': 0.7977023954703065, 'learning_rate': 0.01915513085024885, 'max_depth': 15, 'min_child_weight': 152, 'eval_metric': 'logloss'}. Best is trial 164 with value: 0.8006731251686677.
start listen on 10.110.42.38:9091
@tracker All of 4 nodes getting started
@tracker All nodes finishes job
@tracker 65.84988570213318 secs between node start and job finish
start listen on 10.110.42.38:9091
@tracker All of 4 nodes getting started
@tracker All nodes finishes job
@tracker 54.638535022735596 secs between node start and job finish
start listen on 10.110.42.38:9091
@tracker All of 4 nodes getting started
@tracker All nodes finishes job
@tracker 58.8511016368866 secs between node start and job finish
start listen on 10.110.42.38:9091
@tracker All of 4 nodes getting started
@tracker All nodes finishes job
@tracker 53.27697992324829 secs between node start and job finish
start listen on 10.110.42.38:9091
@tracker All of 4 nodes getting started
@tracker All nodes finishes job
@tracker 61.83813214302063 secs between node start and job finish
Trial 165 finished with value: 0.8001785830942604 and parameters: {'objective': 'binary:logistic', 'tree_method': 'gpu_hist', 'lambda': 0.3702244283295643, 'alpha': 0.34774338209905215, 'colsample_bytree': 0.5735878367342219, 'subsample': 0.8061986994338922, 'learning_rate': 0.019856209326153385, 'max_depth': 15, 'min_child_weight': 149, 'eval_metric': 'logloss'}. Best is trial 164 with value: 0.8006731251686677.
start listen on 10.110.42.38:9091
@tracker All of 4 nodes getting started
@tracker All nodes finishes job
@tracker 49.60725665092468 secs between node start and job finish
start listen on 10.110.42.38:9091
@tracker All of 4 nodes getting started
@tracker All nodes finishes job
@tracker 54.326358795166016 secs between node start and job finish
start listen on 10.110.42.38:9091
@tracker All of 4 nodes getting started
@tracker All nodes finishes job
@tracker 54.92876172065735 secs between node start and job finish
start listen on 10.110.42.38:9091
@tracker All of 4 nodes getting started
@tracker All nodes finishes job
@tracker 50.5058388710022 secs between node start and job finish
start listen on 10.110.42.38:9091
@tracker All of 4 nodes getting started
@tracker All nodes finishes job
@tracker 54.02826261520386 secs between node start and job finish
Trial 166 finished with value: 0.8001823185168198 and parameters: {'objective': 'binary:logistic', 'tree_method': 'gpu_hist', 'lambda': 0.21415137827446623, 'alpha': 0.5822423846126142, 'colsample_bytree': 0.5929737731934108, 'subsample': 0.8259958228653808, 'learning_rate': 0.023487474362454276, 'max_depth': 15, 'min_child_weight': 155, 'eval_metric': 'logloss'}. Best is trial 164 with value: 0.8006731251686677.
start listen on 10.110.42.38:9091
@tracker All of 4 nodes getting started
@tracker All nodes finishes job
@tracker 55.98024845123291 secs between node start and job finish
start listen on 10.110.42.38:9091
@tracker All of 4 nodes getting started
@tracker All nodes finishes job
@tracker 58.16071391105652 secs between node start and job finish
start listen on 10.110.42.38:9091
@tracker All of 4 nodes getting started
@tracker All nodes finishes job
@tracker 59.22566199302673 secs between node start and job finish
start listen on 10.110.42.38:9091
@tracker All of 4 nodes getting started
@tracker All nodes finishes job
@tracker 56.173508644104004 secs between node start and job finish
start listen on 10.110.42.38:9091
@tracker All of 4 nodes getting started
@tracker All nodes finishes job
@tracker 59.76947045326233 secs between node start and job finish
Trial 167 finished with value: 0.7995912699039517 and parameters: {'objective': 'binary:logistic', 'tree_method': 'gpu_hist', 'lambda': 0.46501957706735036, 'alpha': 0.7069052410534464, 'colsample_bytree': 0.6203052957639325, 'subsample': 0.7923868748185917, 'learning_rate': 0.013651194714352907, 'max_depth': 15, 'min_child_weight': 144, 'eval_metric': 'logloss'}. Best is trial 164 with value: 0.8006731251686677.
start listen on 10.110.42.38:9091
@tracker All of 4 nodes getting started
@tracker All nodes finishes job
@tracker 58.52389335632324 secs between node start and job finish
start listen on 10.110.42.38:9091
@tracker All of 4 nodes getting started
@tracker All nodes finishes job
@tracker 59.5889458656311 secs between node start and job finish
start listen on 10.110.42.38:9091
@tracker All of 4 nodes getting started
@tracker All nodes finishes job
@tracker 51.92024230957031 secs between node start and job finish
start listen on 10.110.42.38:9091
@tracker All of 4 nodes getting started
@tracker All nodes finishes job
@tracker 52.03309988975525 secs between node start and job finish
start listen on 10.110.42.38:9091
@tracker All of 4 nodes getting started
@tracker All nodes finishes job
@tracker 64.13835835456848 secs between node start and job finish
Trial 168 finished with value: 0.8003413571888527 and parameters: {'objective': 'binary:logistic', 'tree_method': 'gpu_hist', 'lambda': 0.24765720181262066, 'alpha': 0.5199684566761688, 'colsample_bytree': 0.5813850146814071, 'subsample': 0.7934001202874859, 'learning_rate': 0.018481676125224507, 'max_depth': 15, 'min_child_weight': 135, 'eval_metric': 'logloss'}. Best is trial 164 with value: 0.8006731251686677.
start listen on 10.110.42.38:9091
@tracker All of 4 nodes getting started
@tracker All nodes finishes job
@tracker 55.58552098274231 secs between node start and job finish
start listen on 10.110.42.38:9091
@tracker All of 4 nodes getting started
@tracker All nodes finishes job
@tracker 53.43336749076843 secs between node start and job finish
start listen on 10.110.42.38:9091
@tracker All of 4 nodes getting started
@tracker All nodes finishes job
@tracker 56.431676626205444 secs between node start and job finish
start listen on 10.110.42.38:9091
@tracker All of 4 nodes getting started
@tracker All nodes finishes job
@tracker 61.92044115066528 secs between node start and job finish
start listen on 10.110.42.38:9091
@tracker All of 4 nodes getting started
@tracker All nodes finishes job
@tracker 62.019978046417236 secs between node start and job finish
Trial 169 finished with value: 0.8004122034661897 and parameters: {'objective': 'binary:logistic', 'tree_method': 'gpu_hist', 'lambda': 0.2535968623508437, 'alpha': 0.5020227772924902, 'colsample_bytree': 0.5437460183012554, 'subsample': 0.8000591940968925, 'learning_rate': 0.01688888440723183, 'max_depth': 15, 'min_child_weight': 133, 'eval_metric': 'logloss'}. Best is trial 164 with value: 0.8006731251686677.
start listen on 10.110.42.38:9091
@tracker All of 4 nodes getting started
@tracker All nodes finishes job
@tracker 58.52922344207764 secs between node start and job finish
start listen on 10.110.42.38:9091
@tracker All of 4 nodes getting started
@tracker All nodes finishes job
@tracker 61.19320225715637 secs between node start and job finish
start listen on 10.110.42.38:9091
@tracker All of 4 nodes getting started
@tracker All nodes finishes job
@tracker 60.369789361953735 secs between node start and job finish
start listen on 10.110.42.38:9091
@tracker All of 4 nodes getting started
@tracker All nodes finishes job
@tracker 60.08304953575134 secs between node start and job finish
start listen on 10.110.42.38:9091
@tracker All of 4 nodes getting started
@tracker All nodes finishes job
@tracker 53.065021276474 secs between node start and job finish
Trial 170 finished with value: 0.8002711188047269 and parameters: {'objective': 'binary:logistic', 'tree_method': 'gpu_hist', 'lambda': 0.27589560207274, 'alpha': 0.38437818774048377, 'colsample_bytree': 0.5328751155658338, 'subsample': 0.8012112050814255, 'learning_rate': 0.016374088824331234, 'max_depth': 15, 'min_child_weight': 134, 'eval_metric': 'logloss'}. Best is trial 164 with value: 0.8006731251686677.
start listen on 10.110.42.38:9091
@tracker All of 4 nodes getting started
@tracker All nodes finishes job
@tracker 52.68030142784119 secs between node start and job finish
start listen on 10.110.42.38:9091
@tracker All of 4 nodes getting started
@tracker All nodes finishes job
@tracker 58.54232859611511 secs between node start and job finish
start listen on 10.110.42.38:9091
@tracker All of 4 nodes getting started
@tracker All nodes finishes job
@tracker 57.5810170173645 secs between node start and job finish
start listen on 10.110.42.38:9091
@tracker All of 4 nodes getting started
@tracker All nodes finishes job
@tracker 54.72837972640991 secs between node start and job finish
start listen on 10.110.42.38:9091
@tracker All of 4 nodes getting started
@tracker All nodes finishes job
@tracker 55.16616368293762 secs between node start and job finish
Trial 171 finished with value: 0.8000640670425558 and parameters: {'objective': 'binary:logistic', 'tree_method': 'gpu_hist', 'lambda': 0.30379448074960563, 'alpha': 0.4232522947040402, 'colsample_bytree': 0.5249061093734142, 'subsample': 0.7952745015882074, 'learning_rate': 0.016313954745893477, 'max_depth': 15, 'min_child_weight': 141, 'eval_metric': 'logloss'}. Best is trial 164 with value: 0.8006731251686677.
start listen on 10.110.42.38:9091
@tracker All of 4 nodes getting started
@tracker All nodes finishes job
@tracker 58.09834003448486 secs between node start and job finish
start listen on 10.110.42.38:9091
@tracker All of 4 nodes getting started
@tracker All nodes finishes job
@tracker 55.64352059364319 secs between node start and job finish
start listen on 10.110.42.38:9091
@tracker All of 4 nodes getting started
@tracker All nodes finishes job
@tracker 53.35944676399231 secs between node start and job finish
start listen on 10.110.42.38:9091
@tracker All of 4 nodes getting started
@tracker All nodes finishes job
@tracker 53.93127083778381 secs between node start and job finish
start listen on 10.110.42.38:9091
@tracker All of 4 nodes getting started
@tracker All nodes finishes job
@tracker 56.508262157440186 secs between node start and job finish
