Trial 172 finished with value: 0.8003133858362977 and parameters: {'objective': 'binary:logistic', 'tree_method': 'gpu_hist', 'lambda': 0.24954185164403797, 'alpha': 0.28291061887983493, 'colsample_bytree': 0.5521269887441762, 'subsample': 0.799931321095504, 'learning_rate': 0.018144379730973756, 'max_depth': 15, 'min_child_weight': 132, 'eval_metric': 'logloss'}. Best is trial 164 with value: 0.8006731251686677.
start listen on 10.110.42.38:9091
@tracker All of 4 nodes getting started
@tracker All nodes finishes job
@tracker 55.10574007034302 secs between node start and job finish
start listen on 10.110.42.38:9091
@tracker All of 4 nodes getting started
@tracker All nodes finishes job
@tracker 56.89954161643982 secs between node start and job finish
start listen on 10.110.42.38:9091
@tracker All of 4 nodes getting started
@tracker All nodes finishes job
@tracker 56.707042932510376 secs between node start and job finish
start listen on 10.110.42.38:9091
@tracker All of 4 nodes getting started
@tracker All nodes finishes job
@tracker 55.75995397567749 secs between node start and job finish
start listen on 10.110.42.38:9091
@tracker All of 4 nodes getting started
@tracker All nodes finishes job
@tracker 57.29778861999512 secs between node start and job finish
Trial 173 finished with value: 0.8002453302960902 and parameters: {'objective': 'binary:logistic', 'tree_method': 'gpu_hist', 'lambda': 0.562308524445568, 'alpha': 0.5004518897469694, 'colsample_bytree': 0.5522947798656379, 'subsample': 0.7984231452841808, 'learning_rate': 0.0179346237311681, 'max_depth': 15, 'min_child_weight': 135, 'eval_metric': 'logloss'}. Best is trial 164 with value: 0.8006731251686677.
start listen on 10.110.42.38:9091
@tracker All of 4 nodes getting started
@tracker All nodes finishes job
@tracker 67.75840544700623 secs between node start and job finish
start listen on 10.110.42.38:9091
@tracker All of 4 nodes getting started
@tracker All nodes finishes job
@tracker 58.788081407547 secs between node start and job finish
start listen on 10.110.42.38:9091
@tracker All of 4 nodes getting started
@tracker All nodes finishes job
@tracker 67.25821042060852 secs between node start and job finish
start listen on 10.110.42.38:9091
@tracker All of 4 nodes getting started
@tracker All nodes finishes job
@tracker 59.407764196395874 secs between node start and job finish
start listen on 10.110.42.38:9091
@tracker All of 4 nodes getting started
@tracker All nodes finishes job
@tracker 54.6195011138916 secs between node start and job finish
Trial 174 finished with value: 0.8000264138577594 and parameters: {'objective': 'binary:logistic', 'tree_method': 'gpu_hist', 'lambda': 0.5161282205470967, 'alpha': 0.5307668377227938, 'colsample_bytree': 0.5438426748859114, 'subsample': 0.8033190371032574, 'learning_rate': 0.014762000673145292, 'max_depth': 15, 'min_child_weight': 133, 'eval_metric': 'logloss'}. Best is trial 164 with value: 0.8006731251686677.
start listen on 10.110.42.38:9091
@tracker All of 4 nodes getting started
@tracker All nodes finishes job
@tracker 66.82792925834656 secs between node start and job finish
start listen on 10.110.42.38:9091
@tracker All of 4 nodes getting started
@tracker All nodes finishes job
@tracker 60.292691230773926 secs between node start and job finish
start listen on 10.110.42.38:9091
@tracker All of 4 nodes getting started
@tracker All nodes finishes job
@tracker 59.6624858379364 secs between node start and job finish
start listen on 10.110.42.38:9091
@tracker All of 4 nodes getting started
@tracker All nodes finishes job
@tracker 56.956740856170654 secs between node start and job finish
start listen on 10.110.42.38:9091
@tracker All of 4 nodes getting started
@tracker All nodes finishes job
@tracker 55.90568733215332 secs between node start and job finish
Trial 175 finished with value: 0.8003094288305354 and parameters: {'objective': 'binary:logistic', 'tree_method': 'gpu_hist', 'lambda': 0.7103572065058045, 'alpha': 0.35054113195164505, 'colsample_bytree': 0.509478695746236, 'subsample': 0.7851031836867576, 'learning_rate': 0.01708576141471367, 'max_depth': 15, 'min_child_weight': 124, 'eval_metric': 'logloss'}. Best is trial 164 with value: 0.8006731251686677.
start listen on 10.110.42.38:9091
@tracker All of 4 nodes getting started
@tracker All nodes finishes job
@tracker 64.26671123504639 secs between node start and job finish
start listen on 10.110.42.38:9091
@tracker All of 4 nodes getting started
@tracker All nodes finishes job
@tracker 57.963717460632324 secs between node start and job finish
start listen on 10.110.42.38:9091
@tracker All of 4 nodes getting started
@tracker All nodes finishes job
@tracker 57.03319191932678 secs between node start and job finish
start listen on 10.110.42.38:9091
@tracker All of 4 nodes getting started
@tracker All nodes finishes job
@tracker 62.01740121841431 secs between node start and job finish
start listen on 10.110.42.38:9091
@tracker All of 4 nodes getting started
@tracker All nodes finishes job
@tracker 56.298168420791626 secs between node start and job finish
Trial 176 finished with value: 0.7992522720418449 and parameters: {'objective': 'binary:logistic', 'tree_method': 'gpu_hist', 'lambda': 0.9499869462796218, 'alpha': 0.3057889058415429, 'colsample_bytree': 0.5123541349296934, 'subsample': 0.7843071981982079, 'learning_rate': 0.01272690941357103, 'max_depth': 15, 'min_child_weight': 162, 'eval_metric': 'logloss'}. Best is trial 164 with value: 0.8006731251686677.
start listen on 10.110.42.38:9091
@tracker All of 4 nodes getting started
@tracker All nodes finishes job
@tracker 56.16394877433777 secs between node start and job finish
start listen on 10.110.42.38:9091
@tracker All of 4 nodes getting started
@tracker All nodes finishes job
@tracker 59.40302801132202 secs between node start and job finish
start listen on 10.110.42.38:9091
@tracker All of 4 nodes getting started
@tracker All nodes finishes job
@tracker 62.71688199043274 secs between node start and job finish
start listen on 10.110.42.38:9091
@tracker All of 4 nodes getting started
@tracker All nodes finishes job
@tracker 67.18476581573486 secs between node start and job finish
start listen on 10.110.42.38:9091
@tracker All of 4 nodes getting started
@tracker All nodes finishes job
@tracker 67.13550233840942 secs between node start and job finish
Trial 177 finished with value: 0.8004240131384162 and parameters: {'objective': 'binary:logistic', 'tree_method': 'gpu_hist', 'lambda': 0.23846341788079234, 'alpha': 0.18545596885805032, 'colsample_bytree': 0.5857373059320217, 'subsample': 0.8144098493520949, 'learning_rate': 0.01634256454938777, 'max_depth': 15, 'min_child_weight': 125, 'eval_metric': 'logloss'}. Best is trial 164 with value: 0.8006731251686677.
start listen on 10.110.42.38:9091
@tracker All of 4 nodes getting started
@tracker All nodes finishes job
@tracker 67.21299743652344 secs between node start and job finish
start listen on 10.110.42.38:9091
@tracker All of 4 nodes getting started
@tracker All nodes finishes job
@tracker 58.522228956222534 secs between node start and job finish
start listen on 10.110.42.38:9091
@tracker All of 4 nodes getting started
@tracker All nodes finishes job
@tracker 60.89739799499512 secs between node start and job finish
start listen on 10.110.42.38:9091
@tracker All of 4 nodes getting started
@tracker All nodes finishes job
@tracker 62.451197385787964 secs between node start and job finish
start listen on 10.110.42.38:9091
@tracker All of 4 nodes getting started
@tracker All nodes finishes job
@tracker 58.06492066383362 secs between node start and job finish
Trial 178 finished with value: 0.799815948645535 and parameters: {'objective': 'binary:logistic', 'tree_method': 'gpu_hist', 'lambda': 0.24776159258219416, 'alpha': 0.1805133609850462, 'colsample_bytree': 0.591388592966499, 'subsample': 0.8155152766948612, 'learning_rate': 0.014271902038241321, 'max_depth': 15, 'min_child_weight': 128, 'eval_metric': 'logloss'}. Best is trial 164 with value: 0.8006731251686677.
start listen on 10.110.42.38:9091
@tracker All of 4 nodes getting started
@tracker All nodes finishes job
@tracker 61.64064407348633 secs between node start and job finish
start listen on 10.110.42.38:9091
@tracker All of 4 nodes getting started
@tracker All nodes finishes job
@tracker 57.25002193450928 secs between node start and job finish
start listen on 10.110.42.38:9091
@tracker All of 4 nodes getting started
@tracker All nodes finishes job
@tracker 63.71197843551636 secs between node start and job finish
start listen on 10.110.42.38:9091
@tracker All of 4 nodes getting started
@tracker All nodes finishes job
@tracker 68.1792504787445 secs between node start and job finish
start listen on 10.110.42.38:9091
@tracker All of 4 nodes getting started
@tracker All nodes finishes job
@tracker 58.12421417236328 secs between node start and job finish
Trial 179 finished with value: 0.80053719213855 and parameters: {'objective': 'binary:logistic', 'tree_method': 'gpu_hist', 'lambda': 0.31397789323642455, 'alpha': 0.2182386730523851, 'colsample_bytree': 0.5702872006164701, 'subsample': 0.8288938496472408, 'learning_rate': 0.016688988554209163, 'max_depth': 15, 'min_child_weight': 124, 'eval_metric': 'logloss'}. Best is trial 164 with value: 0.8006731251686677.
start listen on 10.110.42.38:9091
@tracker All of 4 nodes getting started
@tracker All nodes finishes job
@tracker 64.22540712356567 secs between node start and job finish
start listen on 10.110.42.38:9091
@tracker All of 4 nodes getting started
@tracker All nodes finishes job
@tracker 59.54011678695679 secs between node start and job finish
start listen on 10.110.42.38:9091
@tracker All of 4 nodes getting started
@tracker All nodes finishes job
@tracker 61.42817807197571 secs between node start and job finish
start listen on 10.110.42.38:9091
@tracker All of 4 nodes getting started
@tracker All nodes finishes job
@tracker 60.174548625946045 secs between node start and job finish
start listen on 10.110.42.38:9091
@tracker All of 4 nodes getting started
@tracker All nodes finishes job
@tracker 60.9812433719635 secs between node start and job finish
Trial 180 finished with value: 0.8003878050893445 and parameters: {'objective': 'binary:logistic', 'tree_method': 'gpu_hist', 'lambda': 0.31957939832193155, 'alpha': 0.2162282618255741, 'colsample_bytree': 0.5734628060603789, 'subsample': 0.8355885007732945, 'learning_rate': 0.01547032187052735, 'max_depth': 15, 'min_child_weight': 123, 'eval_metric': 'logloss'}. Best is trial 164 with value: 0.8006731251686677.
start listen on 10.110.42.38:9091
@tracker All of 4 nodes getting started
@tracker All nodes finishes job
@tracker 62.715080976486206 secs between node start and job finish
start listen on 10.110.42.38:9091
@tracker All of 4 nodes getting started
@tracker All nodes finishes job
@tracker 58.916290521621704 secs between node start and job finish
start listen on 10.110.42.38:9091
@tracker All of 4 nodes getting started
@tracker All nodes finishes job
@tracker 56.7104754447937 secs between node start and job finish
start listen on 10.110.42.38:9091
@tracker All of 4 nodes getting started
@tracker All nodes finishes job
@tracker 68.2073884010315 secs between node start and job finish
start listen on 10.110.42.38:9091
@tracker All of 4 nodes getting started
@tracker All nodes finishes job
@tracker 59.32838296890259 secs between node start and job finish
Trial 181 finished with value: 0.8003369598666294 and parameters: {'objective': 'binary:logistic', 'tree_method': 'gpu_hist', 'lambda': 1.2699615241308988, 'alpha': 0.18771505641258052, 'colsample_bytree': 0.5687791415205673, 'subsample': 0.8315845654842696, 'learning_rate': 0.015960237622288542, 'max_depth': 15, 'min_child_weight': 123, 'eval_metric': 'logloss'}. Best is trial 164 with value: 0.8006731251686677.
start listen on 10.110.42.38:9091
@tracker All of 4 nodes getting started
@tracker All nodes finishes job
@tracker 66.04972505569458 secs between node start and job finish
start listen on 10.110.42.38:9091
@tracker All of 4 nodes getting started
@tracker All nodes finishes job
@tracker 62.74631881713867 secs between node start and job finish
start listen on 10.110.42.38:9091
@tracker All of 4 nodes getting started
@tracker All nodes finishes job
@tracker 56.66213369369507 secs between node start and job finish
start listen on 10.110.42.38:9091
@tracker All of 4 nodes getting started
@tracker All nodes finishes job
@tracker 66.02596950531006 secs between node start and job finish
start listen on 10.110.42.38:9091
@tracker All of 4 nodes getting started
@tracker All nodes finishes job
@tracker 58.55356168746948 secs between node start and job finish
Trial 182 finished with value: 0.7998821232934683 and parameters: {'objective': 'binary:logistic', 'tree_method': 'gpu_hist', 'lambda': 1.4225383102570046, 'alpha': 0.21778181910585284, 'colsample_bytree': 0.5615372978444328, 'subsample': 0.8385266916790198, 'learning_rate': 0.014303973523877443, 'max_depth': 15, 'min_child_weight': 120, 'eval_metric': 'logloss'}. Best is trial 164 with value: 0.8006731251686677.
start listen on 10.110.42.38:9091
@tracker All of 4 nodes getting started
@tracker All nodes finishes job
@tracker 62.607661724090576 secs between node start and job finish
start listen on 10.110.42.38:9091
@tracker All of 4 nodes getting started
@tracker All nodes finishes job
@tracker 52.184789419174194 secs between node start and job finish
start listen on 10.110.42.38:9091
@tracker All of 4 nodes getting started
@tracker All nodes finishes job
@tracker 54.768491983413696 secs between node start and job finish
start listen on 10.110.42.38:9091
@tracker All of 4 nodes getting started
@tracker All nodes finishes job
@tracker 52.68803524971008 secs between node start and job finish
start listen on 10.110.42.38:9091
@tracker All of 3 nodes getting started
@tracker All nodes finishes job
@tracker 65.54812407493591 secs between node start and job finish
Trial 183 finished with value: 0.8002052387698302 and parameters: {'objective': 'binary:logistic', 'tree_method': 'gpu_hist', 'lambda': 2.45053117350911, 'alpha': 0.20016894913974803, 'colsample_bytree': 0.585490354938506, 'subsample': 0.8289429999245364, 'learning_rate': 0.015492673663600557, 'max_depth': 15, 'min_child_weight': 124, 'eval_metric': 'logloss'}. Best is trial 164 with value: 0.8006731251686677.
start listen on 10.110.42.38:9091
@tracker All of 3 nodes getting started
@tracker All nodes finishes job
@tracker 67.63941740989685 secs between node start and job finish
start listen on 10.110.42.38:9091
@tracker All of 4 nodes getting started
@tracker All nodes finishes job
@tracker 59.772698402404785 secs between node start and job finish
start listen on 10.110.42.38:9091
@tracker All of 4 nodes getting started
@tracker All nodes finishes job
@tracker 55.97100591659546 secs between node start and job finish
start listen on 10.110.42.38:9091
@tracker All of 4 nodes getting started
@tracker All nodes finishes job
@tracker 60.95419383049011 secs between node start and job finish
start listen on 10.110.42.38:9091
@tracker All of 4 nodes getting started
@tracker All nodes finishes job
@tracker 64.7420563697815 secs between node start and job finish
Trial 184 finished with value: 0.8004960439952807 and parameters: {'objective': 'binary:logistic', 'tree_method': 'gpu_hist', 'lambda': 0.392901524219825, 'alpha': 0.16333240660835358, 'colsample_bytree': 0.6074456856987236, 'subsample': 0.8149168439402393, 'learning_rate': 0.017159964146491652, 'max_depth': 15, 'min_child_weight': 123, 'eval_metric': 'logloss'}. Best is trial 164 with value: 0.8006731251686677.
start listen on 10.110.42.38:9091
@tracker All of 4 nodes getting started
@tracker All nodes finishes job
@tracker 61.42075276374817 secs between node start and job finish
start listen on 10.110.42.38:9091
@tracker All of 4 nodes getting started
@tracker All nodes finishes job
@tracker 56.68249797821045 secs between node start and job finish
start listen on 10.110.42.38:9091
@tracker All of 3 nodes getting started
@tracker All nodes finishes job
@tracker 69.94119000434875 secs between node start and job finish
start listen on 10.110.42.38:9091
@tracker All of 4 nodes getting started
@tracker All nodes finishes job
@tracker 62.3874135017395 secs between node start and job finish
start listen on 10.110.42.38:9091
@tracker All of 4 nodes getting started
@tracker All nodes finishes job
@tracker 65.01547837257385 secs between node start and job finish
Trial 185 finished with value: 0.8005018813233282 and parameters: {'objective': 'binary:logistic', 'tree_method': 'gpu_hist', 'lambda': 0.6113173733043857, 'alpha': 0.17547802606259644, 'colsample_bytree': 0.6063279440165836, 'subsample': 0.8158913013051473, 'learning_rate': 0.017138356665882686, 'max_depth': 15, 'min_child_weight': 116, 'eval_metric': 'logloss'}. Best is trial 164 with value: 0.8006731251686677.
start listen on 10.110.42.38:9091
@tracker All of 4 nodes getting started
@tracker All nodes finishes job
@tracker 60.45628523826599 secs between node start and job finish
start listen on 10.110.42.38:9091
@tracker All of 4 nodes getting started
@tracker All nodes finishes job
@tracker 59.260809659957886 secs between node start and job finish
start listen on 10.110.42.38:9091
@tracker All of 4 nodes getting started
@tracker All nodes finishes job
@tracker 57.13489317893982 secs between node start and job finish
start listen on 10.110.42.38:9091
@tracker All of 4 nodes getting started
@tracker All nodes finishes job
@tracker 70.24962592124939 secs between node start and job finish
start listen on 10.110.42.38:9091
@tracker All of 4 nodes getting started
@tracker All nodes finishes job
@tracker 62.12485432624817 secs between node start and job finish
Trial 186 finished with value: 0.8005584499475499 and parameters: {'objective': 'binary:logistic', 'tree_method': 'gpu_hist', 'lambda': 0.5967393038932133, 'alpha': 0.15191181251966007, 'colsample_bytree': 0.6037593093617051, 'subsample': 0.8135392879527238, 'learning_rate': 0.01717083059136656, 'max_depth': 15, 'min_child_weight': 116, 'eval_metric': 'logloss'}. Best is trial 164 with value: 0.8006731251686677.
start listen on 10.110.42.38:9091
@tracker All of 4 nodes getting started
@tracker All nodes finishes job
@tracker 64.02383542060852 secs between node start and job finish
start listen on 10.110.42.38:9091
@tracker All of 4 nodes getting started
@tracker All nodes finishes job
@tracker 65.98846292495728 secs between node start and job finish
start listen on 10.110.42.38:9091
@tracker All of 4 nodes getting started
@tracker All nodes finishes job
@tracker 67.39165830612183 secs between node start and job finish
start listen on 10.110.42.38:9091
@tracker All of 4 nodes getting started
@tracker All nodes finishes job
@tracker 69.02396178245544 secs between node start and job finish
start listen on 10.110.42.38:9091
@tracker All of 4 nodes getting started
@tracker All nodes finishes job
@tracker 66.91170239448547 secs between node start and job finish
Trial 187 finished with value: 0.799800757442636 and parameters: {'objective': 'binary:logistic', 'tree_method': 'gpu_hist', 'lambda': 0.36302916004280755, 'alpha': 0.1619758480980232, 'colsample_bytree': 0.6079547703998965, 'subsample': 0.8160952399490097, 'learning_rate': 0.012899886846542927, 'max_depth': 15, 'min_child_weight': 116, 'eval_metric': 'logloss'}. Best is trial 164 with value: 0.8006731251686677.
start listen on 10.110.42.38:9091
@tracker All of 4 nodes getting started
@tracker All nodes finishes job
@tracker 66.56209421157837 secs between node start and job finish
start listen on 10.110.42.38:9091
@tracker All of 4 nodes getting started
@tracker All nodes finishes job
@tracker 63.77638816833496 secs between node start and job finish
start listen on 10.110.42.38:9091
@tracker All of 4 nodes getting started
@tracker All nodes finishes job
@tracker 67.59035086631775 secs between node start and job finish
start listen on 10.110.42.38:9091
@tracker All of 4 nodes getting started
@tracker All nodes finishes job
@tracker 60.8910756111145 secs between node start and job finish
start listen on 10.110.42.38:9091
@tracker All of 4 nodes getting started
@tracker All nodes finishes job
@tracker 63.29263234138489 secs between node start and job finish
Trial 188 finished with value: 0.8003502887731436 and parameters: {'objective': 'binary:logistic', 'tree_method': 'gpu_hist', 'lambda': 0.4070396950333894, 'alpha': 0.10460109195915401, 'colsample_bytree': 0.5691019255128554, 'subsample': 0.8285951914026468, 'learning_rate': 0.017933637785387636, 'max_depth': 15, 'min_child_weight': 108, 'eval_metric': 'logloss'}. Best is trial 164 with value: 0.8006731251686677.
start listen on 10.110.42.38:9091
@tracker All of 4 nodes getting started
@tracker All nodes finishes job
@tracker 66.22402858734131 secs between node start and job finish
start listen on 10.110.42.38:9091
@tracker All of 4 nodes getting started
@tracker All nodes finishes job
@tracker 59.708154916763306 secs between node start and job finish
start listen on 10.110.42.38:9091
@tracker All of 4 nodes getting started
@tracker All nodes finishes job
@tracker 59.97368025779724 secs between node start and job finish
start listen on 10.110.42.38:9091
@tracker All of 4 nodes getting started
@tracker All nodes finishes job
@tracker 63.07341456413269 secs between node start and job finish
start listen on 10.110.42.38:9091
@tracker All of 4 nodes getting started
@tracker All nodes finishes job
@tracker 58.11286187171936 secs between node start and job finish
