Trial 70 finished with value: 0.7921636540292778 and parameters: {'objective': 'binary:logistic', 'tree_method': 'gpu_hist', 'lambda': 0.04038727745600781, 'alpha': 7.55671414481797, 'colsample_bytree': 0.8866513632195163, 'subsample': 0.7879505418111489, 'learning_rate': 0.01936168394805866, 'max_depth': 3, 'min_child_weight': 76, 'eval_metric': 'logloss'}. Best is trial 58 with value: 0.8004642398233052.
start listen on 10.110.42.38:9091
@tracker All of 4 nodes getting started
@tracker All nodes finishes job
@tracker 57.402031898498535 secs between node start and job finish
start listen on 10.110.42.38:9091
@tracker All of 4 nodes getting started
@tracker All nodes finishes job
@tracker 50.098856687545776 secs between node start and job finish
start listen on 10.110.42.38:9091
@tracker All of 4 nodes getting started
@tracker All nodes finishes job
@tracker 46.4277868270874 secs between node start and job finish
start listen on 10.110.42.38:9091
@tracker All of 4 nodes getting started
@tracker All nodes finishes job
@tracker 49.33321475982666 secs between node start and job finish
start listen on 10.110.42.38:9091
@tracker All of 4 nodes getting started
@tracker All nodes finishes job
@tracker 46.2016863822937 secs between node start and job finish
Trial 71 finished with value: 0.7985577486331505 and parameters: {'objective': 'binary:logistic', 'tree_method': 'gpu_hist', 'lambda': 0.05033823393248823, 'alpha': 4.247465863545003, 'colsample_bytree': 0.6573043964672107, 'subsample': 0.9173020043862551, 'learning_rate': 0.013242293265958598, 'max_depth': 9, 'min_child_weight': 81, 'eval_metric': 'logloss'}. Best is trial 58 with value: 0.8004642398233052.
start listen on 10.110.42.38:9091
@tracker All of 3 nodes getting started
@tracker All nodes finishes job
@tracker 50.89288067817688 secs between node start and job finish
start listen on 10.110.42.38:9091
@tracker All of 4 nodes getting started
@tracker All nodes finishes job
@tracker 43.864097118377686 secs between node start and job finish
start listen on 10.110.42.38:9091
@tracker All of 4 nodes getting started
@tracker All nodes finishes job
@tracker 41.03276991844177 secs between node start and job finish
start listen on 10.110.42.38:9091
@tracker All of 4 nodes getting started
@tracker All nodes finishes job
@tracker 43.71359133720398 secs between node start and job finish
start listen on 10.110.42.38:9091
@tracker All of 4 nodes getting started
@tracker All nodes finishes job
@tracker 41.09622669219971 secs between node start and job finish
Trial 72 finished with value: 0.798049700884407 and parameters: {'objective': 'binary:logistic', 'tree_method': 'gpu_hist', 'lambda': 0.07857383485305389, 'alpha': 1.795080548564913, 'colsample_bytree': 0.6843860400392681, 'subsample': 0.8939837703462671, 'learning_rate': 0.04312667824631784, 'max_depth': 9, 'min_child_weight': 97, 'eval_metric': 'logloss'}. Best is trial 58 with value: 0.8004642398233052.
start listen on 10.110.42.38:9091
@tracker All of 4 nodes getting started
@tracker All nodes finishes job
@tracker 51.221200942993164 secs between node start and job finish
start listen on 10.110.42.38:9091
@tracker All of 4 nodes getting started
@tracker All nodes finishes job
@tracker 46.83752965927124 secs between node start and job finish
start listen on 10.110.42.38:9091
@tracker All of 4 nodes getting started
@tracker All nodes finishes job
@tracker 45.96706032752991 secs between node start and job finish
start listen on 10.110.42.38:9091
@tracker All of 4 nodes getting started
@tracker All nodes finishes job
@tracker 54.007312536239624 secs between node start and job finish
start listen on 10.110.42.38:9091
@tracker All of 4 nodes getting started
@tracker All nodes finishes job
@tracker 51.72795081138611 secs between node start and job finish
Trial 73 finished with value: 0.7998088021241265 and parameters: {'objective': 'binary:logistic', 'tree_method': 'gpu_hist', 'lambda': 0.1962338469410003, 'alpha': 4.961400307254318, 'colsample_bytree': 0.7599823421624463, 'subsample': 0.8172309307871145, 'learning_rate': 0.026280946881352126, 'max_depth': 9, 'min_child_weight': 72, 'eval_metric': 'logloss'}. Best is trial 58 with value: 0.8004642398233052.
start listen on 10.110.42.38:9091
@tracker All of 4 nodes getting started
@tracker All nodes finishes job
@tracker 70.44211912155151 secs between node start and job finish
start listen on 10.110.42.38:9091
@tracker All of 4 nodes getting started
@tracker All nodes finishes job
@tracker 67.99452376365662 secs between node start and job finish
start listen on 10.110.42.38:9091
@tracker All of 4 nodes getting started
@tracker All nodes finishes job
@tracker 72.70580315589905 secs between node start and job finish
start listen on 10.110.42.38:9091
@tracker All of 4 nodes getting started
@tracker All nodes finishes job
@tracker 71.46927452087402 secs between node start and job finish
start listen on 10.110.42.38:9091
@tracker All of 4 nodes getting started
@tracker All nodes finishes job
@tracker 67.53903865814209 secs between node start and job finish
Trial 74 finished with value: 0.7971308365238287 and parameters: {'objective': 'binary:logistic', 'tree_method': 'gpu_hist', 'lambda': 0.04365098136173499, 'alpha': 3.4486055745635062, 'colsample_bytree': 0.7596590676830604, 'subsample': 0.884005023353064, 'learning_rate': 0.032285586339257336, 'max_depth': 13, 'min_child_weight': 58, 'eval_metric': 'logloss'}. Best is trial 58 with value: 0.8004642398233052.
start listen on 10.110.42.38:9091
@tracker All of 3 nodes getting started
@tracker All nodes finishes job
@tracker 88.64628624916077 secs between node start and job finish
start listen on 10.110.42.38:9091
@tracker All of 4 nodes getting started
@tracker All nodes finishes job
@tracker 79.2190420627594 secs between node start and job finish
start listen on 10.110.42.38:9091
@tracker All of 4 nodes getting started
@tracker All nodes finishes job
@tracker 79.27094864845276 secs between node start and job finish
start listen on 10.110.42.38:9091
@tracker All of 4 nodes getting started
@tracker All nodes finishes job
@tracker 84.9578070640564 secs between node start and job finish
start listen on 10.110.42.38:9091
@tracker All of 4 nodes getting started
@tracker All nodes finishes job
@tracker 80.98194909095764 secs between node start and job finish
Trial 75 finished with value: 0.7997247343831917 and parameters: {'objective': 'binary:logistic', 'tree_method': 'gpu_hist', 'lambda': 0.028687098425297555, 'alpha': 1.366405265823678, 'colsample_bytree': 0.7235437414076723, 'subsample': 0.9165678366399735, 'learning_rate': 0.020718800414185314, 'max_depth': 20, 'min_child_weight': 93, 'eval_metric': 'logloss'}. Best is trial 58 with value: 0.8004642398233052.
start listen on 10.110.42.38:9091
@tracker All of 4 nodes getting started
@tracker All nodes finishes job
@tracker 62.0050163269043 secs between node start and job finish
start listen on 10.110.42.38:9091
@tracker All of 4 nodes getting started
@tracker All nodes finishes job
@tracker 51.92503905296326 secs between node start and job finish
start listen on 10.110.42.38:9091
@tracker All of 4 nodes getting started
@tracker All nodes finishes job
@tracker 59.30205821990967 secs between node start and job finish
start listen on 10.110.42.38:9091
@tracker All of 4 nodes getting started
@tracker All nodes finishes job
@tracker 49.77152967453003 secs between node start and job finish
start listen on 10.110.42.38:9091
@tracker All of 3 nodes getting started
@tracker All nodes finishes job
@tracker 53.85495591163635 secs between node start and job finish
Trial 76 finished with value: 0.7957064034389314 and parameters: {'objective': 'binary:logistic', 'tree_method': 'gpu_hist', 'lambda': 0.05874386629844903, 'alpha': 9.799615100733575, 'colsample_bytree': 0.7985667364840866, 'subsample': 0.8419690853951107, 'learning_rate': 0.04982859674859144, 'max_depth': 11, 'min_child_weight': 115, 'eval_metric': 'logloss'}. Best is trial 58 with value: 0.8004642398233052.
start listen on 10.110.42.38:9091
@tracker All of 4 nodes getting started
@tracker All nodes finishes job
@tracker 66.43069386482239 secs between node start and job finish
start listen on 10.110.42.38:9091
@tracker All of 4 nodes getting started
@tracker All nodes finishes job
@tracker 59.53677701950073 secs between node start and job finish
start listen on 10.110.42.38:9091
@tracker All of 3 nodes getting started
@tracker All nodes finishes job
@tracker 62.07853555679321 secs between node start and job finish
start listen on 10.110.42.38:9091
@tracker All of 4 nodes getting started
@tracker All nodes finishes job
@tracker 65.92988467216492 secs between node start and job finish
start listen on 10.110.42.38:9091
@tracker All of 4 nodes getting started
@tracker All nodes finishes job
@tracker 59.12365245819092 secs between node start and job finish
Trial 77 finished with value: 0.8001185331913006 and parameters: {'objective': 'binary:logistic', 'tree_method': 'gpu_hist', 'lambda': 0.08646950832621592, 'alpha': 2.1699178043261087, 'colsample_bytree': 0.8752357481508812, 'subsample': 0.7961074058056997, 'learning_rate': 0.017254097367165894, 'max_depth': 15, 'min_child_weight': 142, 'eval_metric': 'logloss'}. Best is trial 58 with value: 0.8004642398233052.
start listen on 10.110.42.38:9091
@tracker All of 4 nodes getting started
@tracker All nodes finishes job
@tracker 61.31558442115784 secs between node start and job finish
start listen on 10.110.42.38:9091
@tracker All of 4 nodes getting started
@tracker All nodes finishes job
@tracker 56.35156607627869 secs between node start and job finish
start listen on 10.110.42.38:9091
@tracker All of 4 nodes getting started
@tracker All nodes finishes job
@tracker 58.853047370910645 secs between node start and job finish
start listen on 10.110.42.38:9091
@tracker All of 4 nodes getting started
@tracker All nodes finishes job
@tracker 59.48346519470215 secs between node start and job finish
start listen on 10.110.42.38:9091
@tracker All of 4 nodes getting started
@tracker All nodes finishes job
@tracker 61.38795590400696 secs between node start and job finish
Trial 78 finished with value: 0.8000042407890089 and parameters: {'objective': 'binary:logistic', 'tree_method': 'gpu_hist', 'lambda': 0.08967318469624812, 'alpha': 1.9559583749167504, 'colsample_bytree': 0.8754567907354152, 'subsample': 0.795618716758228, 'learning_rate': 0.017881655731058224, 'max_depth': 15, 'min_child_weight': 139, 'eval_metric': 'logloss'}. Best is trial 58 with value: 0.8004642398233052.
start listen on 10.110.42.38:9091
@tracker All of 4 nodes getting started
@tracker All nodes finishes job
@tracker 92.54431772232056 secs between node start and job finish
start listen on 10.110.42.38:9091
@tracker All of 4 nodes getting started
@tracker All nodes finishes job
@tracker 90.71249008178711 secs between node start and job finish
start listen on 10.110.42.38:9091
@tracker All of 3 nodes getting started
@tracker All nodes finishes job
@tracker 96.61895775794983 secs between node start and job finish
start listen on 10.110.42.38:9091
@tracker All of 4 nodes getting started
@tracker All nodes finishes job
@tracker 98.18012261390686 secs between node start and job finish
start listen on 10.110.42.38:9091
@tracker All of 4 nodes getting started
@tracker All nodes finishes job
@tracker 92.90093564987183 secs between node start and job finish
Trial 79 finished with value: 0.7804118707351423 and parameters: {'objective': 'binary:logistic', 'tree_method': 'gpu_hist', 'lambda': 0.13601286901794282, 'alpha': 0.9203487146821618, 'colsample_bytree': 0.8489488932691865, 'subsample': 0.8213264890109457, 'learning_rate': 0.0025493889494016663, 'max_depth': 15, 'min_child_weight': 125, 'eval_metric': 'logloss'}. Best is trial 58 with value: 0.8004642398233052.
start listen on 10.110.42.38:9091
@tracker All of 4 nodes getting started
@tracker All nodes finishes job
@tracker 67.73293209075928 secs between node start and job finish
start listen on 10.110.42.38:9091
@tracker All of 4 nodes getting started
@tracker All nodes finishes job
@tracker 62.83950662612915 secs between node start and job finish
start listen on 10.110.42.38:9091
@tracker All of 3 nodes getting started
@tracker All nodes finishes job
@tracker 65.57863783836365 secs between node start and job finish
start listen on 10.110.42.38:9091
@tracker All of 4 nodes getting started
@tracker All nodes finishes job
@tracker 67.44361305236816 secs between node start and job finish
start listen on 10.110.42.38:9091
@tracker All of 4 nodes getting started
@tracker All nodes finishes job
@tracker 61.60462689399719 secs between node start and job finish
Trial 80 finished with value: 0.7998398524144721 and parameters: {'objective': 'binary:logistic', 'tree_method': 'gpu_hist', 'lambda': 0.3301522034500667, 'alpha': 2.7732230939818545, 'colsample_bytree': 0.8253546490677747, 'subsample': 0.7296363208373741, 'learning_rate': 0.014205068073403783, 'max_depth': 15, 'min_child_weight': 103, 'eval_metric': 'logloss'}. Best is trial 58 with value: 0.8004642398233052.
start listen on 10.110.42.38:9091
@tracker All of 4 nodes getting started
@tracker All nodes finishes job
@tracker 60.80371642112732 secs between node start and job finish
start listen on 10.110.42.38:9091
@tracker All of 4 nodes getting started
@tracker All nodes finishes job
@tracker 59.851582288742065 secs between node start and job finish
start listen on 10.110.42.38:9091
@tracker All of 4 nodes getting started
@tracker All nodes finishes job
@tracker 51.64890742301941 secs between node start and job finish
start listen on 10.110.42.38:9091
@tracker All of 4 nodes getting started
@tracker All nodes finishes job
@tracker 56.82851052284241 secs between node start and job finish
start listen on 10.110.42.38:9091
@tracker All of 4 nodes getting started
@tracker All nodes finishes job
@tracker 55.68057465553284 secs between node start and job finish
Trial 81 finished with value: 0.7999607306115464 and parameters: {'objective': 'binary:logistic', 'tree_method': 'gpu_hist', 'lambda': 0.08500314188854871, 'alpha': 2.0117630995590843, 'colsample_bytree': 0.8827637265481088, 'subsample': 0.7830129780535419, 'learning_rate': 0.01757838342876397, 'max_depth': 15, 'min_child_weight': 152, 'eval_metric': 'logloss'}. Best is trial 58 with value: 0.8004642398233052.
start listen on 10.110.42.38:9091
@tracker All of 3 nodes getting started
@tracker All nodes finishes job
@tracker 65.21278190612793 secs between node start and job finish
start listen on 10.110.42.38:9091
@tracker All of 4 nodes getting started
@tracker All nodes finishes job
@tracker 61.41455364227295 secs between node start and job finish
start listen on 10.110.42.38:9091
@tracker All of 4 nodes getting started
@tracker All nodes finishes job
@tracker 57.77466917037964 secs between node start and job finish
start listen on 10.110.42.38:9091
@tracker All of 4 nodes getting started
@tracker All nodes finishes job
@tracker 55.565056800842285 secs between node start and job finish
start listen on 10.110.42.38:9091
@tracker All of 4 nodes getting started
@tracker All nodes finishes job
@tracker 66.7562563419342 secs between node start and job finish
Trial 82 finished with value: 0.8001961671107558 and parameters: {'objective': 'binary:logistic', 'tree_method': 'gpu_hist', 'lambda': 0.10603320331549791, 'alpha': 1.1143889639061095, 'colsample_bytree': 0.7770221915662954, 'subsample': 0.7528564799632739, 'learning_rate': 0.02032755193933527, 'max_depth': 15, 'min_child_weight': 130, 'eval_metric': 'logloss'}. Best is trial 58 with value: 0.8004642398233052.
start listen on 10.110.42.38:9091
@tracker All of 4 nodes getting started
@tracker All nodes finishes job
@tracker 59.61030578613281 secs between node start and job finish
start listen on 10.110.42.38:9091
@tracker All of 4 nodes getting started
@tracker All nodes finishes job
@tracker 66.89459657669067 secs between node start and job finish
start listen on 10.110.42.38:9091
@tracker All of 4 nodes getting started
@tracker All nodes finishes job
@tracker 62.94043684005737 secs between node start and job finish
start listen on 10.110.42.38:9091
@tracker All of 4 nodes getting started
@tracker All nodes finishes job
@tracker 68.63696122169495 secs between node start and job finish
start listen on 10.110.42.38:9091
@tracker All of 4 nodes getting started
@tracker All nodes finishes job
@tracker 58.79985857009888 secs between node start and job finish
Trial 83 finished with value: 0.7989347044103943 and parameters: {'objective': 'binary:logistic', 'tree_method': 'gpu_hist', 'lambda': 0.032322551183559596, 'alpha': 1.099909871476808, 'colsample_bytree': 0.7737562032949669, 'subsample': 0.7522712802910789, 'learning_rate': 0.01227347345918327, 'max_depth': 15, 'min_child_weight': 141, 'eval_metric': 'logloss'}. Best is trial 58 with value: 0.8004642398233052.
start listen on 10.110.42.38:9091
@tracker All of 4 nodes getting started
@tracker All nodes finishes job
@tracker 29.068880319595337 secs between node start and job finish
start listen on 10.110.42.38:9091
@tracker All of 4 nodes getting started
@tracker All nodes finishes job
@tracker 33.53470802307129 secs between node start and job finish
start listen on 10.110.42.38:9091
@tracker All of 4 nodes getting started
@tracker All nodes finishes job
@tracker 35.1846137046814 secs between node start and job finish
start listen on 10.110.42.38:9091
@tracker All of 4 nodes getting started
@tracker All nodes finishes job
@tracker 30.500476598739624 secs between node start and job finish
start listen on 10.110.42.38:9091
@tracker All of 4 nodes getting started
@tracker All nodes finishes job
@tracker 28.22561287879944 secs between node start and job finish
Trial 84 finished with value: 0.7983675571440103 and parameters: {'objective': 'binary:logistic', 'tree_method': 'gpu_hist', 'lambda': 0.019684054787551867, 'alpha': 5.410845003989594, 'colsample_bytree': 0.6978147616243578, 'subsample': 0.8502222906799392, 'learning_rate': 0.024279749089829036, 'max_depth': 5, 'min_child_weight': 167, 'eval_metric': 'logloss'}. Best is trial 58 with value: 0.8004642398233052.
start listen on 10.110.42.38:9091
@tracker All of 4 nodes getting started
@tracker All nodes finishes job
@tracker 69.50815296173096 secs between node start and job finish
start listen on 10.110.42.38:9091
@tracker All of 4 nodes getting started
@tracker All nodes finishes job
@tracker 56.55590200424194 secs between node start and job finish
start listen on 10.110.42.38:9091
@tracker All of 3 nodes getting started
@tracker All nodes finishes job
@tracker 71.09266996383667 secs between node start and job finish
start listen on 10.110.42.38:9091
@tracker All of 4 nodes getting started
@tracker All nodes finishes job
@tracker 66.84928107261658 secs between node start and job finish
start listen on 10.110.42.38:9091
@tracker All of 4 nodes getting started
@tracker All nodes finishes job
@tracker 61.93415188789368 secs between node start and job finish
Trial 85 finished with value: 0.7998785513864877 and parameters: {'objective': 'binary:logistic', 'tree_method': 'gpu_hist', 'lambda': 0.24026850167974506, 'alpha': 2.593918574267707, 'colsample_bytree': 0.7463297256868097, 'subsample': 0.7657696004709322, 'learning_rate': 0.015679026650628206, 'max_depth': 15, 'min_child_weight': 127, 'eval_metric': 'logloss'}. Best is trial 58 with value: 0.8004642398233052.
start listen on 10.110.42.38:9091
@tracker All of 4 nodes getting started
@tracker All nodes finishes job
@tracker 64.96394658088684 secs between node start and job finish
start listen on 10.110.42.38:9091
@tracker All of 4 nodes getting started
@tracker All nodes finishes job
@tracker 66.0700671672821 secs between node start and job finish
start listen on 10.110.42.38:9091
@tracker All of 4 nodes getting started
@tracker All nodes finishes job
@tracker 68.61878371238708 secs between node start and job finish
start listen on 10.110.42.38:9091
@tracker All of 4 nodes getting started
@tracker All nodes finishes job
@tracker 66.78740358352661 secs between node start and job finish
start listen on 10.110.42.38:9091
@tracker All of 4 nodes getting started
@tracker All nodes finishes job
@tracker 65.12920880317688 secs between node start and job finish
Trial 86 finished with value: 0.8001392727378512 and parameters: {'objective': 'binary:logistic', 'tree_method': 'gpu_hist', 'lambda': 0.10187262940900683, 'alpha': 0.7236060606811087, 'colsample_bytree': 0.8103289219386179, 'subsample': 0.8145690295388123, 'learning_rate': 0.020197596496185986, 'max_depth': 15, 'min_child_weight': 113, 'eval_metric': 'logloss'}. Best is trial 58 with value: 0.8004642398233052.
start listen on 10.110.42.38:9091
@tracker All of 4 nodes getting started
@tracker All nodes finishes job
@tracker 59.81016731262207 secs between node start and job finish
start listen on 10.110.42.38:9091
@tracker All of 4 nodes getting started
@tracker All nodes finishes job
@tracker 56.38113784790039 secs between node start and job finish
start listen on 10.110.42.38:9091
@tracker All of 4 nodes getting started
@tracker All nodes finishes job
@tracker 59.7225661277771 secs between node start and job finish
start listen on 10.110.42.38:9091
@tracker All of 4 nodes getting started
@tracker All nodes finishes job
@tracker 65.78544354438782 secs between node start and job finish
start listen on 10.110.42.38:9091
@tracker All of 4 nodes getting started
@tracker All nodes finishes job
@tracker 56.42732858657837 secs between node start and job finish
